TN:
SF:src/demo.spec.ts
FN:3,(anonymous_0)
FN:4,(anonymous_1)
FNF:2
FNH:0
FNDA:0,(anonymous_0)
FNDA:0,(anonymous_1)
DA:3,0
DA:4,0
DA:5,0
LF:3
LH:0
BRF:0
BRH:0
end_of_record
TN:
SF:src/hooks.client.ts
FN:12,init
FN:20,(anonymous_1)
FN:36,(anonymous_2)
FN:64,(anonymous_3)
FN:65,(anonymous_4)
FN:76,(anonymous_5)
FNF:6
FNH:0
FNDA:0,init
FNDA:0,(anonymous_1)
FNDA:0,(anonymous_2)
FNDA:0,(anonymous_3)
FNDA:0,(anonymous_4)
FNDA:0,(anonymous_5)
DA:4,0
DA:5,0
DA:8,0
DA:9,0
DA:14,0
DA:20,0
DA:21,0
DA:24,0
DA:27,0
DA:34,0
DA:36,0
DA:37,0
DA:40,0
DA:41,0
DA:42,0
DA:46,0
DA:49,0
DA:50,0
DA:51,0
DA:52,0
DA:53,0
DA:55,0
DA:56,0
DA:60,0
DA:64,0
DA:65,0
DA:66,0
DA:69,0
DA:70,0
DA:74,0
DA:77,0
DA:78,0
DA:79,0
DA:80,0
DA:82,0
DA:84,0
LF:36
LH:0
BRDA:34,0,0,0
BRDA:37,1,0,0
BRDA:37,1,1,0
BRDA:41,2,0,0
BRDA:41,3,0,0
BRDA:41,3,1,0
BRDA:49,4,0,0
BRDA:49,5,0,0
BRDA:49,5,1,0
BRDA:49,5,2,0
BRDA:66,6,0,0
BRDA:66,6,1,0
BRDA:69,7,0,0
BRF:13
BRH:0
end_of_record
TN:
SF:src/hooks.server.ts
FN:5,(anonymous_0)
FNF:1
FNH:0
FNDA:0,(anonymous_0)
DA:5,0
DA:7,0
DA:8,0
DA:9,0
DA:11,0
LF:5
LH:0
BRDA:8,0,0,0
BRDA:8,0,1,0
BRDA:8,1,0,0
BRDA:8,1,1,0
BRF:4
BRH:0
end_of_record
TN:
SF:src/hooks.ts
FN:10,reroute
FN:15,transport
FNF:2
FNH:0
FNDA:0,reroute
FNDA:0,transport
DA:3,0
DA:4,0
DA:7,0
DA:12,0
DA:17,0
LF:5
LH:0
BRF:0
BRH:0
end_of_record
TN:
SF:src/cli/livelink.ts
FN:10,getTimestamp
FN:15,formatUptime
FN:33,handleResponse
FN:68,(anonymous_3)
FN:74,(anonymous_4)
FN:76,(anonymous_5)
FN:117,(anonymous_6)
FN:134,(anonymous_7)
FN:159,(anonymous_8)
FN:184,(anonymous_9)
FN:196,(anonymous_10)
FN:210,(anonymous_11)
FN:222,(anonymous_12)
FN:237,(anonymous_13)
FN:254,(anonymous_14)
FN:271,(anonymous_15)
FN:286,(anonymous_16)
FN:302,(anonymous_17)
FN:319,(anonymous_18)
FN:341,(anonymous_19)
FN:349,(anonymous_20)
FN:372,(anonymous_21)
FN:389,(anonymous_22)
FN:401,(anonymous_23)
FN:412,(anonymous_24)
FN:429,(anonymous_25)
FN:449,(anonymous_26)
FN:476,(anonymous_27)
FN:507,(anonymous_28)
FN:527,(anonymous_29)
FN:559,(anonymous_30)
FN:567,(anonymous_31)
FN:579,(anonymous_32)
FN:579,(anonymous_33)
FN:582,(anonymous_34)
FN:598,(anonymous_35)
FN:609,(anonymous_36)
FN:693,(anonymous_37)
FN:699,(anonymous_38)
FN:712,(anonymous_39)
FN:741,(anonymous_40)
FN:747,(anonymous_41)
FN:761,(anonymous_42)
FN:790,(anonymous_43)
FN:794,(anonymous_44)
FN:831,(anonymous_45)
FN:845,(anonymous_46)
FN:860,(anonymous_47)
FN:865,(anonymous_48)
FN:873,(anonymous_49)
FN:892,(anonymous_50)
FN:899,(anonymous_51)
FN:901,(anonymous_52)
FN:945,(anonymous_53)
FN:953,(anonymous_54)
FN:965,(anonymous_55)
FN:965,(anonymous_56)
FN:968,(anonymous_57)
FN:984,(anonymous_58)
FN:995,(anonymous_59)
FN:1090,(anonymous_60)
FN:1097,(anonymous_61)
FN:1100,(anonymous_62)
FN:1115,(anonymous_63)
FN:1122,(anonymous_64)
FN:1124,(anonymous_65)
FN:1162,handleQueueShow
FN:1168,(anonymous_67)
FN:1220,(anonymous_68)
FN:1256,handleStreamList
FN:1304,(anonymous_70)
FN:1339,(anonymous_71)
FNF:72
FNH:0
FNDA:0,getTimestamp
FNDA:0,formatUptime
FNDA:0,handleResponse
FNDA:0,(anonymous_3)
FNDA:0,(anonymous_4)
FNDA:0,(anonymous_5)
FNDA:0,(anonymous_6)
FNDA:0,(anonymous_7)
FNDA:0,(anonymous_8)
FNDA:0,(anonymous_9)
FNDA:0,(anonymous_10)
FNDA:0,(anonymous_11)
FNDA:0,(anonymous_12)
FNDA:0,(anonymous_13)
FNDA:0,(anonymous_14)
FNDA:0,(anonymous_15)
FNDA:0,(anonymous_16)
FNDA:0,(anonymous_17)
FNDA:0,(anonymous_18)
FNDA:0,(anonymous_19)
FNDA:0,(anonymous_20)
FNDA:0,(anonymous_21)
FNDA:0,(anonymous_22)
FNDA:0,(anonymous_23)
FNDA:0,(anonymous_24)
FNDA:0,(anonymous_25)
FNDA:0,(anonymous_26)
FNDA:0,(anonymous_27)
FNDA:0,(anonymous_28)
FNDA:0,(anonymous_29)
FNDA:0,(anonymous_30)
FNDA:0,(anonymous_31)
FNDA:0,(anonymous_32)
FNDA:0,(anonymous_33)
FNDA:0,(anonymous_34)
FNDA:0,(anonymous_35)
FNDA:0,(anonymous_36)
FNDA:0,(anonymous_37)
FNDA:0,(anonymous_38)
FNDA:0,(anonymous_39)
FNDA:0,(anonymous_40)
FNDA:0,(anonymous_41)
FNDA:0,(anonymous_42)
FNDA:0,(anonymous_43)
FNDA:0,(anonymous_44)
FNDA:0,(anonymous_45)
FNDA:0,(anonymous_46)
FNDA:0,(anonymous_47)
FNDA:0,(anonymous_48)
FNDA:0,(anonymous_49)
FNDA:0,(anonymous_50)
FNDA:0,(anonymous_51)
FNDA:0,(anonymous_52)
FNDA:0,(anonymous_53)
FNDA:0,(anonymous_54)
FNDA:0,(anonymous_55)
FNDA:0,(anonymous_56)
FNDA:0,(anonymous_57)
FNDA:0,(anonymous_58)
FNDA:0,(anonymous_59)
FNDA:0,(anonymous_60)
FNDA:0,(anonymous_61)
FNDA:0,(anonymous_62)
FNDA:0,(anonymous_63)
FNDA:0,(anonymous_64)
FNDA:0,(anonymous_65)
FNDA:0,handleQueueShow
FNDA:0,(anonymous_67)
FNDA:0,(anonymous_68)
FNDA:0,handleStreamList
FNDA:0,(anonymous_70)
FNDA:0,(anonymous_71)
DA:8,0
DA:11,0
DA:12,0
DA:16,0
DA:17,0
DA:18,0
DA:20,0
DA:21,0
DA:22,0
DA:24,0
DA:25,0
DA:26,0
DA:27,0
DA:29,0
DA:34,0
DA:35,0
DA:36,0
DA:38,0
DA:39,0
DA:42,0
DA:49,0
DA:50,0
DA:51,0
DA:52,0
DA:53,0
DA:56,0
DA:61,0
DA:69,0
DA:70,0
DA:73,0
DA:74,0
DA:76,0
DA:77,0
DA:78,0
DA:79,0
DA:80,0
DA:81,0
DA:82,0
DA:91,0
DA:97,0
DA:98,0
DA:101,0
DA:106,0
DA:107,0
DA:109,0
DA:113,0
DA:118,0
DA:119,0
DA:120,0
DA:123,0
DA:124,0
DA:126,0
DA:130,0
DA:135,0
DA:136,0
DA:137,0
DA:139,0
DA:142,0
DA:147,0
DA:148,0
DA:150,0
DA:155,0
DA:160,0
DA:161,0
DA:162,0
DA:164,0
DA:167,0
DA:169,0
DA:172,0
DA:173,0
DA:175,0
DA:180,0
DA:185,0
DA:186,0
DA:187,0
DA:188,0
DA:190,0
DA:191,0
DA:192,0
DA:195,0
DA:196,0
DA:197,0
DA:198,0
DA:199,0
DA:202,0
DA:206,0
DA:211,0
DA:212,0
DA:213,0
DA:214,0
DA:216,0
DA:217,0
DA:218,0
DA:221,0
DA:222,0
DA:223,0
DA:224,0
DA:225,0
DA:228,0
DA:233,0
DA:238,0
DA:239,0
DA:240,0
DA:243,0
DA:244,0
DA:246,0
DA:250,0
DA:255,0
DA:256,0
DA:257,0
DA:260,0
DA:261,0
DA:263,0
DA:267,0
DA:272,0
DA:273,0
DA:274,0
DA:275,0
DA:276,0
DA:277,0
DA:279,0
DA:283,0
DA:287,0
DA:288,0
DA:289,0
DA:290,0
DA:291,0
DA:292,0
DA:294,0
DA:298,0
DA:303,0
DA:304,0
DA:305,0
DA:308,0
DA:309,0
DA:311,0
DA:315,0
DA:320,0
DA:321,0
DA:322,0
DA:325,0
DA:326,0
DA:327,0
DA:329,0
DA:332,0
DA:337,0
DA:341,0
DA:343,0
DA:350,0
DA:351,0
DA:352,0
DA:361,0
DA:362,0
DA:364,0
DA:368,0
DA:373,0
DA:374,0
DA:375,0
DA:378,0
DA:379,0
DA:381,0
DA:386,0
DA:390,0
DA:391,0
DA:392,0
DA:393,0
DA:395,0
DA:396,0
DA:397,0
DA:400,0
DA:401,0
DA:402,0
DA:405,0
DA:409,0
DA:413,0
DA:414,0
DA:415,0
DA:418,0
DA:419,0
DA:421,0
DA:425,0
DA:430,0
DA:431,0
DA:432,0
DA:437,0
DA:438,0
DA:440,0
DA:445,0
DA:450,0
DA:451,0
DA:452,0
DA:453,0
DA:454,0
DA:457,0
DA:458,0
DA:463,0
DA:464,0
DA:466,0
DA:470,0
DA:477,0
DA:478,0
DA:479,0
DA:480,0
DA:483,0
DA:484,0
DA:486,0
DA:490,0
DA:496,0
DA:497,0
DA:499,0
DA:503,0
DA:508,0
DA:509,0
DA:510,0
DA:515,0
DA:516,0
DA:518,0
DA:522,0
DA:528,0
DA:529,0
DA:530,0
DA:531,0
DA:532,0
DA:535,0
DA:536,0
DA:541,0
DA:542,0
DA:544,0
DA:549,0
DA:560,0
DA:562,0
DA:565,0
DA:566,0
DA:567,0
DA:568,0
DA:573,0
DA:575,0
DA:577,0
DA:579,0
DA:582,0
DA:585,0
DA:586,0
DA:587,0
DA:592,0
DA:594,0
DA:596,0
DA:598,0
DA:601,0
DA:604,0
DA:606,0
DA:607,0
DA:609,0
DA:611,0
DA:612,0
DA:615,0
DA:616,0
DA:620,0
DA:624,0
DA:625,0
DA:626,0
DA:629,0
DA:630,0
DA:631,0
DA:637,0
DA:638,0
DA:639,0
DA:640,0
DA:641,0
DA:643,0
DA:644,0
DA:649,0
DA:650,0
DA:651,0
DA:652,0
DA:653,0
DA:655,0
DA:660,0
DA:661,0
DA:662,0
DA:663,0
DA:664,0
DA:666,0
DA:671,0
DA:672,0
DA:673,0
DA:674,0
DA:675,0
DA:677,0
DA:682,0
DA:683,0
DA:685,0
DA:686,0
DA:690,0
DA:694,0
DA:695,0
DA:698,0
DA:699,0
DA:701,0
DA:702,0
DA:707,0
DA:709,0
DA:710,0
DA:712,0
DA:713,0
DA:715,0
DA:716,0
DA:717,0
DA:720,0
DA:721,0
DA:722,0
DA:723,0
DA:725,0
DA:728,0
DA:730,0
DA:733,0
DA:734,0
DA:738,0
DA:742,0
DA:743,0
DA:746,0
DA:747,0
DA:749,0
DA:750,0
DA:755,0
DA:757,0
DA:758,0
DA:759,0
DA:761,0
DA:762,0
DA:764,0
DA:765,0
DA:766,0
DA:769,0
DA:770,0
DA:771,0
DA:772,0
DA:774,0
DA:777,0
DA:779,0
DA:782,0
DA:783,0
DA:787,0
DA:791,0
DA:792,0
DA:793,0
DA:794,0
DA:796,0
DA:797,0
DA:801,0
DA:803,0
DA:804,0
DA:805,0
DA:806,0
DA:808,0
DA:811,0
DA:812,0
DA:813,0
DA:814,0
DA:815,0
DA:817,0
DA:821,0
DA:826,0
DA:828,0
DA:832,0
DA:833,0
DA:834,0
DA:835,0
DA:837,0
DA:838,0
DA:842,0
DA:846,0
DA:847,0
DA:848,0
DA:849,0
DA:851,0
DA:852,0
DA:857,0
DA:861,0
DA:862,0
DA:863,0
DA:864,0
DA:865,0
DA:867,0
DA:868,0
DA:869,0
DA:872,0
DA:873,0
DA:874,0
DA:875,0
DA:876,0
DA:877,0
DA:878,0
DA:879,0
DA:882,0
DA:886,0
DA:893,0
DA:894,0
DA:895,0
DA:898,0
DA:899,0
DA:901,0
DA:902,0
DA:903,0
DA:904,0
DA:905,0
DA:906,0
DA:907,0
DA:911,0
DA:920,0
DA:921,0
DA:923,0
DA:928,0
DA:929,0
DA:930,0
DA:931,0
DA:935,0
DA:946,0
DA:948,0
DA:951,0
DA:952,0
DA:953,0
DA:954,0
DA:959,0
DA:961,0
DA:963,0
DA:965,0
DA:968,0
DA:971,0
DA:972,0
DA:973,0
DA:978,0
DA:980,0
DA:982,0
DA:984,0
DA:987,0
DA:990,0
DA:992,0
DA:993,0
DA:995,0
DA:997,0
DA:998,0
DA:1001,0
DA:1002,0
DA:1006,0
DA:1010,0
DA:1011,0
DA:1012,0
DA:1015,0
DA:1016,0
DA:1017,0
DA:1023,0
DA:1024,0
DA:1025,0
DA:1026,0
DA:1027,0
DA:1029,0
DA:1030,0
DA:1035,0
DA:1036,0
DA:1037,0
DA:1038,0
DA:1039,0
DA:1041,0
DA:1046,0
DA:1047,0
DA:1048,0
DA:1049,0
DA:1050,0
DA:1052,0
DA:1057,0
DA:1058,0
DA:1059,0
DA:1060,0
DA:1061,0
DA:1063,0
DA:1068,0
DA:1069,0
DA:1070,0
DA:1071,0
DA:1073,0
DA:1074,0
DA:1079,0
DA:1082,0
DA:1084,0
DA:1085,0
DA:1088,0
DA:1089,0
DA:1090,0
DA:1091,0
DA:1096,0
DA:1097,0
DA:1098,0
DA:1099,0
DA:1101,0
DA:1102,0
DA:1104,0
DA:1106,0
DA:1109,0
DA:1116,0
DA:1117,0
DA:1118,0
DA:1121,0
DA:1122,0
DA:1124,0
DA:1125,0
DA:1127,0
DA:1132,0
DA:1136,0
DA:1141,0
DA:1150,0
DA:1151,0
DA:1153,0
DA:1163,0
DA:1164,0
DA:1166,0
DA:1167,0
DA:1168,0
DA:1170,0
DA:1171,0
DA:1172,0
DA:1173,0
DA:1174,0
DA:1175,0
DA:1176,0
DA:1180,0
DA:1181,0
DA:1185,0
DA:1186,0
DA:1188,0
DA:1192,0
DA:1193,0
DA:1194,0
DA:1195,0
DA:1196,0
DA:1198,0
DA:1201,0
DA:1202,0
DA:1203,0
DA:1204,0
DA:1208,0
DA:1209,0
DA:1212,0
DA:1213,0
DA:1214,0
DA:1217,0
DA:1218,0
DA:1220,0
DA:1222,0
DA:1225,0
DA:1228,0
DA:1229,0
DA:1230,0
DA:1231,0
DA:1232,0
DA:1233,0
DA:1234,0
DA:1237,0
DA:1239,0
DA:1243,0
DA:1244,0
DA:1248,0
DA:1249,0
DA:1252,0
DA:1257,0
DA:1258,0
DA:1259,0
DA:1260,0
DA:1261,0
DA:1264,0
DA:1265,0
DA:1266,0
DA:1267,0
DA:1270,0
DA:1272,0
DA:1274,0
DA:1275,0
DA:1277,0
DA:1278,0
DA:1279,0
DA:1280,0
DA:1281,0
DA:1282,0
DA:1284,0
DA:1285,0
DA:1286,0
DA:1287,0
DA:1288,0
DA:1289,0
DA:1292,0
DA:1295,0
DA:1299,0
DA:1305,0
DA:1306,0
DA:1307,0
DA:1320,0
DA:1321,0
DA:1324,0
DA:1325,0
DA:1326,0
DA:1328,0
DA:1331,0
DA:1336,0
DA:1340,0
DA:1341,0
DA:1342,0
DA:1346,0
DA:1347,0
DA:1350,0
DA:1352,0
LF:609
LH:0
BRDA:16,0,0,0
BRDA:16,0,1,0
BRDA:24,1,0,0
BRDA:24,1,1,0
BRDA:26,2,0,0
BRDA:26,2,1,0
BRDA:34,3,0,0
BRDA:77,4,0,0
BRDA:80,5,0,0
BRDA:97,6,0,0
BRDA:136,7,0,0
BRDA:136,7,1,0
BRDA:145,8,0,0
BRDA:145,8,1,0
BRDA:161,9,0,0
BRDA:161,9,1,0
BRDA:167,10,0,0
BRDA:167,10,1,0
BRDA:190,11,0,0
BRDA:197,12,0,0
BRDA:197,12,1,0
BRDA:199,13,0,0
BRDA:216,14,0,0
BRDA:223,15,0,0
BRDA:223,15,1,0
BRDA:225,16,0,0
BRDA:309,17,0,0
BRDA:309,17,1,0
BRDA:326,18,0,0
BRDA:326,18,1,0
BRDA:395,19,0,0
BRDA:452,20,0,0
BRDA:478,21,0,0
BRDA:478,22,0,0
BRDA:478,22,1,0
BRDA:483,23,0,0
BRDA:483,23,1,0
BRDA:486,24,0,0
BRDA:486,24,1,0
BRDA:530,25,0,0
BRDA:530,26,0,0
BRDA:530,26,1,0
BRDA:530,26,2,0
BRDA:565,27,0,0
BRDA:573,28,0,0
BRDA:577,29,0,0
BRDA:577,29,1,0
BRDA:585,30,0,0
BRDA:592,31,0,0
BRDA:596,32,0,0
BRDA:596,32,1,0
BRDA:604,33,0,0
BRDA:611,34,0,0
BRDA:611,34,1,0
BRDA:615,35,0,0
BRDA:615,35,1,0
BRDA:624,36,0,0
BRDA:629,37,0,0
BRDA:637,38,0,0
BRDA:639,39,0,0
BRDA:639,39,1,0
BRDA:639,40,0,0
BRDA:639,40,1,0
BRDA:649,41,0,0
BRDA:651,42,0,0
BRDA:651,42,1,0
BRDA:651,43,0,0
BRDA:651,43,1,0
BRDA:660,44,0,0
BRDA:662,45,0,0
BRDA:662,45,1,0
BRDA:662,46,0,0
BRDA:662,46,1,0
BRDA:671,47,0,0
BRDA:673,48,0,0
BRDA:673,48,1,0
BRDA:673,49,0,0
BRDA:673,49,1,0
BRDA:709,50,0,0
BRDA:709,50,1,0
BRDA:721,51,0,0
BRDA:721,51,1,0
BRDA:722,52,0,0
BRDA:722,52,1,0
BRDA:733,53,0,0
BRDA:733,53,1,0
BRDA:757,54,0,0
BRDA:757,54,1,0
BRDA:770,55,0,0
BRDA:770,55,1,0
BRDA:771,56,0,0
BRDA:771,56,1,0
BRDA:782,57,0,0
BRDA:782,57,1,0
BRDA:803,58,0,0
BRDA:803,58,1,0
BRDA:812,59,0,0
BRDA:812,59,1,0
BRDA:812,60,0,0
BRDA:812,60,1,0
BRDA:814,61,0,0
BRDA:814,61,1,0
BRDA:814,62,0,0
BRDA:814,62,1,0
BRDA:814,62,2,0
BRDA:817,63,0,0
BRDA:817,63,1,0
BRDA:867,64,0,0
BRDA:877,65,0,0
BRDA:878,66,0,0
BRDA:879,67,0,0
BRDA:879,67,1,0
BRDA:902,68,0,0
BRDA:905,69,0,0
BRDA:929,70,0,0
BRDA:929,71,0,0
BRDA:929,71,1,0
BRDA:951,72,0,0
BRDA:959,73,0,0
BRDA:963,74,0,0
BRDA:963,74,1,0
BRDA:971,75,0,0
BRDA:978,76,0,0
BRDA:982,77,0,0
BRDA:982,77,1,0
BRDA:990,78,0,0
BRDA:997,79,0,0
BRDA:997,79,1,0
BRDA:1001,80,0,0
BRDA:1001,80,1,0
BRDA:1010,81,0,0
BRDA:1015,82,0,0
BRDA:1023,83,0,0
BRDA:1025,84,0,0
BRDA:1025,84,1,0
BRDA:1025,85,0,0
BRDA:1025,85,1,0
BRDA:1035,86,0,0
BRDA:1037,87,0,0
BRDA:1037,87,1,0
BRDA:1037,88,0,0
BRDA:1037,88,1,0
BRDA:1046,89,0,0
BRDA:1048,90,0,0
BRDA:1048,90,1,0
BRDA:1048,91,0,0
BRDA:1048,91,1,0
BRDA:1057,92,0,0
BRDA:1059,93,0,0
BRDA:1059,93,1,0
BRDA:1059,94,0,0
BRDA:1059,94,1,0
BRDA:1082,95,0,0
BRDA:1082,95,1,0
BRDA:1082,96,0,0
BRDA:1082,96,1,0
BRDA:1082,96,2,0
BRDA:1088,97,0,0
BRDA:1104,98,0,0
BRDA:1125,99,0,0
BRDA:1170,100,0,0
BRDA:1172,101,0,0
BRDA:1172,101,1,0
BRDA:1185,102,0,0
BRDA:1185,102,1,0
BRDA:1193,103,0,0
BRDA:1194,104,0,0
BRDA:1202,105,0,0
BRDA:1202,106,0,0
BRDA:1202,106,1,0
BRDA:1209,107,0,0
BRDA:1209,107,1,0
BRDA:1212,108,0,0
BRDA:1213,109,0,0
BRDA:1213,109,1,0
BRDA:1222,110,0,0
BRDA:1222,110,1,0
BRDA:1223,111,0,0
BRDA:1223,111,1,0
BRDA:1225,112,0,0
BRDA:1225,112,1,0
BRDA:1228,113,0,0
BRDA:1228,113,1,0
BRDA:1229,114,0,0
BRDA:1229,114,1,0
BRDA:1231,115,0,0
BRDA:1232,116,0,0
BRDA:1233,117,0,0
BRDA:1234,118,0,0
BRDA:1234,118,1,0
BRDA:1235,119,0,0
BRDA:1235,119,1,0
BRDA:1243,120,0,0
BRDA:1248,121,0,0
BRDA:1252,122,0,0
BRDA:1252,122,1,0
BRDA:1260,123,0,0
BRDA:1265,124,0,0
BRDA:1265,125,0,0
BRDA:1265,125,1,0
BRDA:1275,126,0,0
BRDA:1275,126,1,0
BRDA:1277,127,0,0
BRDA:1277,127,1,0
BRDA:1278,128,0,0
BRDA:1278,128,1,0
BRDA:1278,128,2,0
BRDA:1284,129,0,0
BRDA:1285,130,0,0
BRDA:1286,131,0,0
BRDA:1287,132,0,0
BRDA:1295,133,0,0
BRDA:1295,133,1,0
BRDA:1320,134,0,0
BRDA:1325,135,0,0
BRDA:1325,135,1,0
BRDA:1328,136,0,0
BRDA:1328,136,1,0
BRDA:1331,137,0,0
BRDA:1331,137,1,0
BRDA:1346,138,0,0
BRDA:1352,139,0,0
BRDA:1352,139,1,0
BRF:223
BRH:0
end_of_record
TN:
SF:src/lib/api.ts
FN:3,(anonymous_0)
FN:8,(anonymous_1)
FN:18,(anonymous_2)
FN:72,(anonymous_3)
FN:76,(anonymous_4)
FN:84,(anonymous_5)
FN:90,(anonymous_6)
FN:99,(anonymous_7)
FN:103,(anonymous_8)
FN:111,(anonymous_9)
FN:117,(anonymous_10)
FN:126,(anonymous_11)
FN:134,(anonymous_12)
FN:142,(anonymous_13)
FN:150,(anonymous_14)
FN:156,(anonymous_15)
FN:165,(anonymous_16)
FN:169,(anonymous_17)
FN:177,(anonymous_18)
FN:181,(anonymous_19)
FN:190,(anonymous_20)
FN:194,(anonymous_21)
FN:202,(anonymous_22)
FN:209,(anonymous_23)
FN:216,(anonymous_24)
FN:226,(anonymous_25)
FN:231,(anonymous_26)
FN:238,(anonymous_27)
FN:242,(anonymous_28)
FNF:29
FNH:0
FNDA:0,(anonymous_0)
FNDA:0,(anonymous_1)
FNDA:0,(anonymous_2)
FNDA:0,(anonymous_3)
FNDA:0,(anonymous_4)
FNDA:0,(anonymous_5)
FNDA:0,(anonymous_6)
FNDA:0,(anonymous_7)
FNDA:0,(anonymous_8)
FNDA:0,(anonymous_9)
FNDA:0,(anonymous_10)
FNDA:0,(anonymous_11)
FNDA:0,(anonymous_12)
FNDA:0,(anonymous_13)
FNDA:0,(anonymous_14)
FNDA:0,(anonymous_15)
FNDA:0,(anonymous_16)
FNDA:0,(anonymous_17)
FNDA:0,(anonymous_18)
FNDA:0,(anonymous_19)
FNDA:0,(anonymous_20)
FNDA:0,(anonymous_21)
FNDA:0,(anonymous_22)
FNDA:0,(anonymous_23)
FNDA:0,(anonymous_24)
FNDA:0,(anonymous_25)
FNDA:0,(anonymous_26)
FNDA:0,(anonymous_27)
FNDA:0,(anonymous_28)
DA:4,0
DA:5,0
DA:9,0
DA:10,0
DA:12,0
DA:13,0
DA:23,0
DA:25,0
DA:29,0
DA:30,0
DA:32,0
DA:33,0
DA:36,0
DA:37,0
DA:42,0
DA:45,0
DA:48,0
DA:49,0
DA:50,0
DA:52,0
DA:54,0
DA:55,0
DA:58,0
DA:61,0
DA:64,0
DA:66,0
DA:67,0
DA:73,0
DA:77,0
DA:85,0
DA:91,0
DA:100,0
DA:104,0
DA:112,0
DA:118,0
DA:127,0
DA:135,0
DA:143,0
DA:151,0
DA:157,0
DA:166,0
DA:170,0
DA:178,0
DA:182,0
DA:191,0
DA:195,0
DA:203,0
DA:210,0
DA:217,0
DA:218,0
DA:219,0
DA:221,0
DA:222,0
DA:227,0
DA:232,0
DA:239,0
DA:243,0
DA:244,0
DA:245,0
DA:247,0
DA:251,0
LF:61
LH:0
BRDA:21,0,0,0
BRDA:29,1,0,0
BRDA:29,1,1,0
BRDA:29,2,0,0
BRDA:29,2,1,0
BRDA:30,3,0,0
BRDA:30,4,0,0
BRDA:30,4,1,0
BRDA:32,5,0,0
BRDA:36,6,0,0
BRDA:48,7,0,0
BRDA:55,8,0,0
BRDA:55,8,1,0
BRDA:55,8,2,0
BRDA:58,9,0,0
BRDA:58,9,1,0
BRDA:216,10,0,0
BRDA:218,11,0,0
BRDA:219,12,0,0
BRDA:221,13,0,0
BRDA:221,13,1,0
BRDA:244,14,0,0
BRF:22
BRH:0
end_of_record
TN:
SF:src/lib/i18n/helpers.ts
FN:4,useTranslation
FN:8,(anonymous_1)
FN:9,(anonymous_2)
FN:13,getLocaleFromPath
FNF:4
FNH:0
FNDA:0,useTranslation
FNDA:0,(anonymous_1)
FNDA:0,(anonymous_2)
FNDA:0,getLocaleFromPath
DA:5,0
DA:8,0
DA:9,0
DA:14,0
DA:15,0
LF:5
LH:0
BRDA:15,0,0,0
BRDA:15,0,1,0
BRDA:15,1,0,0
BRDA:15,1,1,0
BRF:4
BRH:0
end_of_record
TN:
SF:src/lib/i18n/index.ts
FN:51,(anonymous_0)
FNF:1
FNH:0
FNDA:0,(anonymous_0)
DA:5,0
DA:49,0
DA:51,0
LF:3
LH:0
BRF:0
BRH:0
end_of_record
TN:
SF:src/lib/stores/auth.ts
FNF:0
FNH:0
DA:9,0
LF:1
LH:0
BRF:0
BRH:0
end_of_record
TN:
SF:src/lib/stores/index.ts
FN:33,initializeStores
FN:49,(anonymous_1)
FN:81,(anonymous_2)
FN:86,(anonymous_3)
FN:87,(anonymous_4)
FN:98,(anonymous_5)
FN:105,(anonymous_6)
FNF:7
FNH:0
FNDA:0,initializeStores
FNDA:0,(anonymous_1)
FNDA:0,(anonymous_2)
FNDA:0,(anonymous_3)
FNDA:0,(anonymous_4)
FNDA:0,(anonymous_5)
FNDA:0,(anonymous_6)
DA:5,0
DA:8,0
DA:11,0
DA:23,0
DA:34,0
DA:36,0
DA:37,0
DA:38,0
DA:41,0
DA:42,0
DA:43,0
DA:46,0
DA:47,0
DA:48,0
DA:49,0
DA:50,0
DA:61,0
DA:64,0
DA:65,0
DA:66,0
DA:67,0
DA:68,0
DA:70,0
DA:73,0
DA:78,0
DA:79,0
DA:81,0
DA:82,0
DA:84,0
DA:86,0
DA:87,0
DA:88,0
DA:89,0
DA:91,0
DA:93,0
DA:95,0
DA:98,0
DA:99,0
DA:100,0
DA:102,0
DA:105,0
DA:106,0
DA:116,0
DA:118,0
LF:44
LH:0
BRDA:78,0,0,0
BRDA:84,1,0,0
BRDA:84,1,1,0
BRDA:84,1,2,0
BRDA:88,2,0,0
BRDA:88,2,1,0
BRF:6
BRH:0
end_of_record
TN:
SF:src/server/api.ts
FN:48,(anonymous_0)
FN:55,isPortInUse
FN:56,(anonymous_2)
FN:58,(anonymous_3)
FN:63,(anonymous_4)
FN:71,killProcessOnPort
FN:72,(anonymous_6)
FN:73,(anonymous_7)
FN:84,startServer
FN:91,(anonymous_9)
FN:94,(anonymous_10)
FN:97,(anonymous_11)
FN:103,(anonymous_12)
FN:106,(anonymous_13)
FN:119,(anonymous_14)
FNF:15
FNH:0
FNDA:0,(anonymous_0)
FNDA:0,isPortInUse
FNDA:0,(anonymous_2)
FNDA:0,(anonymous_3)
FNDA:0,(anonymous_4)
FNDA:0,killProcessOnPort
FNDA:0,(anonymous_6)
FNDA:0,(anonymous_7)
FNDA:0,startServer
FNDA:0,(anonymous_9)
FNDA:0,(anonymous_10)
FNDA:0,(anonymous_11)
FNDA:0,(anonymous_12)
FNDA:0,(anonymous_13)
FNDA:0,(anonymous_14)
DA:14,0
DA:15,0
DA:16,0
DA:19,0
DA:20,0
DA:21,0
DA:24,0
DA:25,0
DA:26,0
DA:27,0
DA:29,0
DA:33,0
DA:34,0
DA:35,0
DA:38,0
DA:39,0
DA:42,0
DA:43,0
DA:44,0
DA:45,0
DA:48,0
DA:49,0
DA:52,0
DA:56,0
DA:57,0
DA:59,0
DA:60,0
DA:64,0
DA:65,0
DA:72,0
DA:73,0
DA:74,0
DA:75,0
DA:77,0
DA:85,0
DA:86,0
DA:87,0
DA:88,0
DA:89,0
DA:91,0
DA:94,0
DA:95,0
DA:96,0
DA:97,0
DA:98,0
DA:103,0
DA:104,0
DA:105,0
DA:106,0
DA:107,0
DA:108,0
DA:112,0
DA:114,0
DA:115,0
DA:116,0
DA:119,0
DA:125,0
DA:126,0
DA:128,0
DA:129,0
LF:60
LH:0
BRDA:52,0,0,0
BRDA:52,0,1,0
BRDA:59,1,0,0
BRDA:74,2,0,0
BRDA:74,2,1,0
BRDA:74,3,0,0
BRDA:74,3,1,0
BRDA:84,4,0,0
BRDA:87,5,0,0
BRDA:115,6,0,0
BRF:10
BRH:0
end_of_record
TN:
SF:src/server/config.ts
FNF:0
FNH:0
DA:52,0
LF:1
LH:0
BRDA:138,0,0,0
BRDA:138,0,1,0
BRDA:141,1,0,0
BRDA:141,1,1,0
BRDA:142,2,0,0
BRDA:142,2,1,0
BRF:6
BRH:0
end_of_record
TN:
SF:src/server/index.ts
FN:28,shutdown
FN:37,(anonymous_1)
FN:47,(anonymous_2)
FN:73,(anonymous_3)
FN:74,(anonymous_4)
FN:88,(anonymous_5)
FN:89,(anonymous_6)
FN:105,(anonymous_7)
FN:115,(anonymous_8)
FN:116,(anonymous_9)
FN:123,(anonymous_10)
FN:129,(anonymous_11)
FNF:12
FNH:0
FNDA:0,shutdown
FNDA:0,(anonymous_1)
FNDA:0,(anonymous_2)
FNDA:0,(anonymous_3)
FNDA:0,(anonymous_4)
FNDA:0,(anonymous_5)
FNDA:0,(anonymous_6)
FNDA:0,(anonymous_7)
FNDA:0,(anonymous_8)
FNDA:0,(anonymous_9)
FNDA:0,(anonymous_10)
FNDA:0,(anonymous_11)
DA:8,0
DA:10,0
DA:14,0
DA:15,0
DA:16,0
DA:18,0
DA:19,0
DA:20,0
DA:23,0
DA:24,0
DA:25,0
DA:29,0
DA:30,0
DA:32,0
DA:34,0
DA:36,0
DA:37,0
DA:38,0
DA:39,0
DA:40,0
DA:41,0
DA:42,0
DA:44,0
DA:47,0
DA:48,0
DA:50,0
DA:52,0
DA:58,0
DA:59,0
DA:69,0
DA:72,0
DA:73,0
DA:74,0
DA:75,0
DA:76,0
DA:78,0
DA:83,0
DA:87,0
DA:88,0
DA:89,0
DA:90,0
DA:91,0
DA:93,0
DA:98,0
DA:102,0
DA:105,0
DA:107,0
DA:109,0
DA:110,0
DA:115,0
DA:116,0
DA:117,0
DA:118,0
DA:123,0
DA:124,0
DA:125,0
DA:129,0
DA:130,0
DA:131,0
LF:59
LH:0
BRDA:18,0,0,0
BRDA:23,1,0,0
BRDA:23,2,0,0
BRDA:23,2,1,0
BRDA:29,3,0,0
BRDA:39,4,0,0
BRDA:41,5,0,0
BRDA:75,6,0,0
BRDA:75,6,1,0
BRDA:75,7,0,0
BRDA:75,7,1,0
BRDA:90,8,0,0
BRDA:90,8,1,0
BRDA:90,9,0,0
BRDA:90,9,1,0
BRF:15
BRH:0
end_of_record
TN:
SF:src/server/router.ts
FN:10,(anonymous_0)
FN:17,(anonymous_1)
FN:24,(anonymous_2)
FNF:3
FNH:0
FNDA:0,(anonymous_0)
FNDA:0,(anonymous_1)
FNDA:0,(anonymous_2)
DA:6,0
DA:7,0
DA:10,0
DA:11,0
DA:17,0
DA:18,0
DA:24,0
DA:25,0
LF:8
LH:0
BRF:0
BRH:0
end_of_record
TN:
SF:src/server/stream_manager.ts
FN:83,(anonymous_0)
FN:100,(anonymous_1)
FN:117,(anonymous_2)
FN:126,(anonymous_3)
FN:136,(anonymous_4)
FN:144,(anonymous_5)
FN:150,(anonymous_6)
FN:171,(anonymous_7)
FN:175,(anonymous_8)
FN:184,(anonymous_9)
FN:196,(anonymous_10)
FN:207,(anonymous_11)
FN:217,(anonymous_12)
FN:286,(anonymous_13)
FN:337,(anonymous_14)
FN:355,(anonymous_15)
FN:385,(anonymous_16)
FN:393,(anonymous_17)
FN:410,(anonymous_18)
FN:424,(anonymous_19)
FN:498,(anonymous_20)
FN:521,(anonymous_21)
FN:525,(anonymous_22)
FN:529,(anonymous_23)
FN:536,(anonymous_24)
FN:543,(anonymous_25)
FN:578,(anonymous_26)
FN:579,(anonymous_27)
FN:585,(anonymous_28)
FN:628,(anonymous_29)
FN:641,(anonymous_30)
FN:668,(anonymous_31)
FN:680,(anonymous_32)
FN:709,(anonymous_33)
FN:731,(anonymous_34)
FN:789,(anonymous_35)
FN:806,(anonymous_36)
FN:813,(anonymous_37)
FN:820,(anonymous_38)
FN:827,(anonymous_39)
FN:831,(anonymous_40)
FN:840,(anonymous_41)
FN:846,(anonymous_42)
FN:847,(anonymous_43)
FN:851,(anonymous_44)
FN:934,(anonymous_45)
FN:940,(anonymous_46)
FN:950,(anonymous_47)
FN:962,(anonymous_48)
FN:976,(anonymous_49)
FN:983,(anonymous_50)
FN:1000,(anonymous_51)
FN:1019,(anonymous_52)
FN:1069,(anonymous_53)
FN:1076,(anonymous_54)
FN:1083,(anonymous_55)
FN:1097,(anonymous_56)
FN:1104,(anonymous_57)
FN:1121,(anonymous_58)
FN:1140,(anonymous_59)
FN:1210,(anonymous_60)
FN:1211,(anonymous_61)
FN:1229,(anonymous_62)
FN:1255,(anonymous_63)
FN:1268,(anonymous_64)
FN:1296,(anonymous_65)
FN:1303,(anonymous_66)
FN:1318,(anonymous_67)
FN:1333,(anonymous_68)
FN:1337,(anonymous_69)
FN:1355,(anonymous_70)
FN:1360,(anonymous_71)
FN:1364,(anonymous_72)
FN:1369,(anonymous_73)
FN:1380,(anonymous_74)
FN:1381,(anonymous_75)
FN:1431,(anonymous_76)
FN:1435,(anonymous_77)
FN:1439,(anonymous_78)
FN:1446,(anonymous_79)
FN:1455,(anonymous_80)
FN:1466,(anonymous_81)
FN:1475,(anonymous_82)
FN:1479,(anonymous_83)
FN:1493,(anonymous_84)
FN:1497,(anonymous_85)
FN:1510,(anonymous_86)
FN:1526,(anonymous_87)
FN:1532,(anonymous_88)
FN:1554,(anonymous_89)
FN:1558,(anonymous_90)
FN:1575,(anonymous_91)
FN:1585,(anonymous_92)
FN:1586,(anonymous_93)
FN:1590,(anonymous_94)
FN:1606,(anonymous_95)
FN:1608,(anonymous_96)
FN:1614,(anonymous_97)
FN:1638,(anonymous_98)
FN:1646,(anonymous_99)
FN:1654,(anonymous_100)
FN:1667,(anonymous_101)
FN:1678,(anonymous_102)
FN:1686,(anonymous_103)
FN:1692,(anonymous_104)
FN:1698,(anonymous_105)
FN:1701,(anonymous_106)
FN:1730,(anonymous_107)
FN:1755,(anonymous_108)
FN:1758,(anonymous_109)
FN:1759,(anonymous_110)
FN:1766,(anonymous_111)
FN:1769,(anonymous_112)
FN:1779,(anonymous_113)
FN:1815,(anonymous_114)
FN:1833,(anonymous_115)
FN:1854,(anonymous_116)
FN:1863,(anonymous_117)
FN:1882,(anonymous_118)
FN:1895,(anonymous_119)
FN:1909,(anonymous_120)
FN:1926,(anonymous_121)
FN:1934,(anonymous_122)
FN:1935,(anonymous_123)
FN:1938,(anonymous_124)
FN:1943,(anonymous_125)
FN:1946,(anonymous_126)
FN:1958,(anonymous_127)
FN:1986,(anonymous_128)
FN:2030,(anonymous_129)
FN:2077,(anonymous_130)
FN:2085,(anonymous_131)
FN:2086,(anonymous_132)
FN:2089,(anonymous_133)
FN:2090,(anonymous_134)
FN:2109,(anonymous_135)
FN:2143,(anonymous_136)
FN:2166,(anonymous_137)
FN:2177,(anonymous_138)
FN:2202,(anonymous_139)
FN:2219,(anonymous_140)
FN:2224,(anonymous_141)
FN:2257,(anonymous_142)
FN:2266,(anonymous_143)
FN:2273,(anonymous_144)
FN:2278,(anonymous_145)
FNF:146
FNH:0
FNDA:0,(anonymous_0)
FNDA:0,(anonymous_1)
FNDA:0,(anonymous_2)
FNDA:0,(anonymous_3)
FNDA:0,(anonymous_4)
FNDA:0,(anonymous_5)
FNDA:0,(anonymous_6)
FNDA:0,(anonymous_7)
FNDA:0,(anonymous_8)
FNDA:0,(anonymous_9)
FNDA:0,(anonymous_10)
FNDA:0,(anonymous_11)
FNDA:0,(anonymous_12)
FNDA:0,(anonymous_13)
FNDA:0,(anonymous_14)
FNDA:0,(anonymous_15)
FNDA:0,(anonymous_16)
FNDA:0,(anonymous_17)
FNDA:0,(anonymous_18)
FNDA:0,(anonymous_19)
FNDA:0,(anonymous_20)
FNDA:0,(anonymous_21)
FNDA:0,(anonymous_22)
FNDA:0,(anonymous_23)
FNDA:0,(anonymous_24)
FNDA:0,(anonymous_25)
FNDA:0,(anonymous_26)
FNDA:0,(anonymous_27)
FNDA:0,(anonymous_28)
FNDA:0,(anonymous_29)
FNDA:0,(anonymous_30)
FNDA:0,(anonymous_31)
FNDA:0,(anonymous_32)
FNDA:0,(anonymous_33)
FNDA:0,(anonymous_34)
FNDA:0,(anonymous_35)
FNDA:0,(anonymous_36)
FNDA:0,(anonymous_37)
FNDA:0,(anonymous_38)
FNDA:0,(anonymous_39)
FNDA:0,(anonymous_40)
FNDA:0,(anonymous_41)
FNDA:0,(anonymous_42)
FNDA:0,(anonymous_43)
FNDA:0,(anonymous_44)
FNDA:0,(anonymous_45)
FNDA:0,(anonymous_46)
FNDA:0,(anonymous_47)
FNDA:0,(anonymous_48)
FNDA:0,(anonymous_49)
FNDA:0,(anonymous_50)
FNDA:0,(anonymous_51)
FNDA:0,(anonymous_52)
FNDA:0,(anonymous_53)
FNDA:0,(anonymous_54)
FNDA:0,(anonymous_55)
FNDA:0,(anonymous_56)
FNDA:0,(anonymous_57)
FNDA:0,(anonymous_58)
FNDA:0,(anonymous_59)
FNDA:0,(anonymous_60)
FNDA:0,(anonymous_61)
FNDA:0,(anonymous_62)
FNDA:0,(anonymous_63)
FNDA:0,(anonymous_64)
FNDA:0,(anonymous_65)
FNDA:0,(anonymous_66)
FNDA:0,(anonymous_67)
FNDA:0,(anonymous_68)
FNDA:0,(anonymous_69)
FNDA:0,(anonymous_70)
FNDA:0,(anonymous_71)
FNDA:0,(anonymous_72)
FNDA:0,(anonymous_73)
FNDA:0,(anonymous_74)
FNDA:0,(anonymous_75)
FNDA:0,(anonymous_76)
FNDA:0,(anonymous_77)
FNDA:0,(anonymous_78)
FNDA:0,(anonymous_79)
FNDA:0,(anonymous_80)
FNDA:0,(anonymous_81)
FNDA:0,(anonymous_82)
FNDA:0,(anonymous_83)
FNDA:0,(anonymous_84)
FNDA:0,(anonymous_85)
FNDA:0,(anonymous_86)
FNDA:0,(anonymous_87)
FNDA:0,(anonymous_88)
FNDA:0,(anonymous_89)
FNDA:0,(anonymous_90)
FNDA:0,(anonymous_91)
FNDA:0,(anonymous_92)
FNDA:0,(anonymous_93)
FNDA:0,(anonymous_94)
FNDA:0,(anonymous_95)
FNDA:0,(anonymous_96)
FNDA:0,(anonymous_97)
FNDA:0,(anonymous_98)
FNDA:0,(anonymous_99)
FNDA:0,(anonymous_100)
FNDA:0,(anonymous_101)
FNDA:0,(anonymous_102)
FNDA:0,(anonymous_103)
FNDA:0,(anonymous_104)
FNDA:0,(anonymous_105)
FNDA:0,(anonymous_106)
FNDA:0,(anonymous_107)
FNDA:0,(anonymous_108)
FNDA:0,(anonymous_109)
FNDA:0,(anonymous_110)
FNDA:0,(anonymous_111)
FNDA:0,(anonymous_112)
FNDA:0,(anonymous_113)
FNDA:0,(anonymous_114)
FNDA:0,(anonymous_115)
FNDA:0,(anonymous_116)
FNDA:0,(anonymous_117)
FNDA:0,(anonymous_118)
FNDA:0,(anonymous_119)
FNDA:0,(anonymous_120)
FNDA:0,(anonymous_121)
FNDA:0,(anonymous_122)
FNDA:0,(anonymous_123)
FNDA:0,(anonymous_124)
FNDA:0,(anonymous_125)
FNDA:0,(anonymous_126)
FNDA:0,(anonymous_127)
FNDA:0,(anonymous_128)
FNDA:0,(anonymous_129)
FNDA:0,(anonymous_130)
FNDA:0,(anonymous_131)
FNDA:0,(anonymous_132)
FNDA:0,(anonymous_133)
FNDA:0,(anonymous_134)
FNDA:0,(anonymous_135)
FNDA:0,(anonymous_136)
FNDA:0,(anonymous_137)
FNDA:0,(anonymous_138)
FNDA:0,(anonymous_139)
FNDA:0,(anonymous_140)
FNDA:0,(anonymous_141)
FNDA:0,(anonymous_142)
FNDA:0,(anonymous_143)
FNDA:0,(anonymous_144)
FNDA:0,(anonymous_145)
DA:36,0
DA:43,0
DA:44,0
DA:45,0
DA:46,0
DA:47,0
DA:48,0
DA:49,0
DA:50,0
DA:61,0
DA:62,0
DA:64,0
DA:65,0
DA:66,0
DA:67,0
DA:68,0
DA:69,0
DA:70,0
DA:71,0
DA:72,0
DA:73,0
DA:74,0
DA:75,0
DA:76,0
DA:77,0
DA:78,0
DA:91,0
DA:92,0
DA:93,0
DA:94,0
DA:95,0
DA:96,0
DA:97,0
DA:100,0
DA:117,0
DA:118,0
DA:121,0
DA:122,0
DA:125,0
DA:126,0
DA:127,0
DA:136,0
DA:137,0
DA:140,0
DA:141,0
DA:144,0
DA:145,0
DA:152,0
DA:153,0
DA:154,0
DA:155,0
DA:157,0
DA:161,0
DA:162,0
DA:163,0
DA:164,0
DA:167,0
DA:173,0
DA:175,0
DA:176,0
DA:177,0
DA:180,0
DA:184,0
DA:185,0
DA:186,0
DA:189,0
DA:192,0
DA:193,0
DA:196,0
DA:197,0
DA:203,0
DA:209,0
DA:210,0
DA:214,0
DA:217,0
DA:220,0
DA:221,0
DA:222,0
DA:223,0
DA:225,0
DA:226,0
DA:227,0
DA:228,0
DA:231,0
DA:237,0
DA:239,0
DA:246,0
DA:250,0
DA:251,0
DA:252,0
DA:255,0
DA:256,0
DA:258,0
DA:259,0
DA:260,0
DA:261,0
DA:262,0
DA:263,0
DA:265,0
DA:266,0
DA:267,0
DA:268,0
DA:271,0
DA:277,0
DA:282,0
DA:285,0
DA:286,0
DA:287,0
DA:288,0
DA:289,0
DA:292,0
DA:297,0
DA:298,0
DA:299,0
DA:300,0
DA:304,0
DA:305,0
DA:306,0
DA:307,0
DA:308,0
DA:309,0
DA:313,0
DA:314,0
DA:315,0
DA:319,0
DA:326,0
DA:332,0
DA:333,0
DA:338,0
DA:340,0
DA:341,0
DA:342,0
DA:345,0
DA:346,0
DA:347,0
DA:351,0
DA:352,0
DA:355,0
DA:356,0
DA:357,0
DA:358,0
DA:361,0
DA:364,0
DA:367,0
DA:368,0
DA:369,0
DA:372,0
DA:373,0
DA:374,0
DA:377,0
DA:379,0
DA:380,0
DA:381,0
DA:386,0
DA:387,0
DA:388,0
DA:389,0
DA:394,0
DA:397,0
DA:398,0
DA:401,0
DA:402,0
DA:403,0
DA:405,0
DA:407,0
DA:410,0
DA:412,0
DA:413,0
DA:416,0
DA:425,0
DA:427,0
DA:428,0
DA:430,0
DA:432,0
DA:435,0
DA:436,0
DA:440,0
DA:441,0
DA:442,0
DA:443,0
DA:444,0
DA:445,0
DA:449,0
DA:452,0
DA:453,0
DA:454,0
DA:457,0
DA:469,0
DA:471,0
DA:484,0
DA:486,0
DA:491,0
DA:499,0
DA:500,0
DA:501,0
DA:502,0
DA:505,0
DA:506,0
DA:507,0
DA:508,0
DA:509,0
DA:511,0
DA:513,0
DA:514,0
DA:522,0
DA:526,0
DA:530,0
DA:537,0
DA:545,0
DA:546,0
DA:547,0
DA:548,0
DA:552,0
DA:553,0
DA:554,0
DA:557,0
DA:558,0
DA:559,0
DA:560,0
DA:563,0
DA:564,0
DA:565,0
DA:568,0
DA:569,0
DA:570,0
DA:571,0
DA:572,0
DA:576,0
DA:578,0
DA:579,0
DA:582,0
DA:585,0
DA:588,0
DA:589,0
DA:590,0
DA:591,0
DA:592,0
DA:593,0
DA:595,0
DA:596,0
DA:597,0
DA:599,0
DA:600,0
DA:601,0
DA:602,0
DA:605,0
DA:608,0
DA:609,0
DA:610,0
DA:611,0
DA:614,0
DA:619,0
DA:627,0
DA:628,0
DA:629,0
DA:630,0
DA:633,0
DA:634,0
DA:635,0
DA:641,0
DA:642,0
DA:643,0
DA:646,0
DA:648,0
DA:649,0
DA:650,0
DA:651,0
DA:654,0
DA:657,0
DA:658,0
DA:659,0
DA:660,0
DA:663,0
DA:668,0
DA:669,0
DA:670,0
DA:673,0
DA:675,0
DA:680,0
DA:681,0
DA:682,0
DA:685,0
DA:687,0
DA:688,0
DA:689,0
DA:690,0
DA:693,0
DA:696,0
DA:697,0
DA:698,0
DA:699,0
DA:702,0
DA:708,0
DA:709,0
DA:710,0
DA:713,0
DA:718,0
DA:719,0
DA:722,0
DA:724,0
DA:725,0
DA:731,0
DA:733,0
DA:740,0
DA:741,0
DA:745,0
DA:749,0
DA:750,0
DA:759,0
DA:760,0
DA:761,0
DA:762,0
DA:763,0
DA:765,0
DA:766,0
DA:769,0
DA:771,0
DA:772,0
DA:773,0
DA:776,0
DA:780,0
DA:781,0
DA:785,0
DA:786,0
DA:787,0
DA:789,0
DA:790,0
DA:794,0
DA:795,0
DA:796,0
DA:799,0
DA:807,0
DA:814,0
DA:821,0
DA:828,0
DA:832,0
DA:834,0
DA:836,0
DA:838,0
DA:839,0
DA:840,0
DA:841,0
DA:845,0
DA:846,0
DA:847,0
DA:850,0
DA:851,0
DA:852,0
DA:855,0
DA:856,0
DA:857,0
DA:860,0
DA:863,0
DA:864,0
DA:866,0
DA:867,0
DA:868,0
DA:871,0
DA:872,0
DA:873,0
DA:875,0
DA:876,0
DA:877,0
DA:878,0
DA:881,0
DA:882,0
DA:883,0
DA:887,0
DA:891,0
DA:892,0
DA:893,0
DA:894,0
DA:895,0
DA:901,0
DA:902,0
DA:903,0
DA:904,0
DA:910,0
DA:911,0
DA:912,0
DA:913,0
DA:918,0
DA:919,0
DA:920,0
DA:921,0
DA:922,0
DA:927,0
DA:928,0
DA:931,0
DA:933,0
DA:934,0
DA:936,0
DA:937,0
DA:940,0
DA:941,0
DA:942,0
DA:943,0
DA:947,0
DA:948,0
DA:950,0
DA:952,0
DA:953,0
DA:957,0
DA:958,0
DA:962,0
DA:965,0
DA:966,0
DA:970,0
DA:971,0
DA:975,0
DA:976,0
DA:977,0
DA:982,0
DA:983,0
DA:984,0
DA:986,0
DA:987,0
DA:990,0
DA:994,0
DA:995,0
DA:1000,0
DA:1001,0
DA:1003,0
DA:1005,0
DA:1006,0
DA:1007,0
DA:1008,0
DA:1010,0
DA:1011,0
DA:1012,0
DA:1013,0
DA:1015,0
DA:1018,0
DA:1021,0
DA:1022,0
DA:1023,0
DA:1026,0
DA:1027,0
DA:1028,0
DA:1030,0
DA:1031,0
DA:1033,0
DA:1037,0
DA:1041,0
DA:1042,0
DA:1043,0
DA:1044,0
DA:1048,0
DA:1049,0
DA:1050,0
DA:1051,0
DA:1052,0
DA:1057,0
DA:1058,0
DA:1059,0
DA:1062,0
DA:1066,0
DA:1069,0
DA:1070,0
DA:1071,0
DA:1072,0
DA:1076,0
DA:1078,0
DA:1079,0
DA:1083,0
DA:1086,0
DA:1087,0
DA:1091,0
DA:1092,0
DA:1096,0
DA:1097,0
DA:1098,0
DA:1103,0
DA:1104,0
DA:1105,0
DA:1107,0
DA:1108,0
DA:1111,0
DA:1115,0
DA:1116,0
DA:1121,0
DA:1122,0
DA:1124,0
DA:1126,0
DA:1127,0
DA:1128,0
DA:1129,0
DA:1131,0
DA:1132,0
DA:1133,0
DA:1134,0
DA:1136,0
DA:1139,0
DA:1142,0
DA:1143,0
DA:1144,0
DA:1147,0
DA:1148,0
DA:1149,0
DA:1151,0
DA:1152,0
DA:1154,0
DA:1158,0
DA:1162,0
DA:1163,0
DA:1164,0
DA:1165,0
DA:1169,0
DA:1170,0
DA:1171,0
DA:1172,0
DA:1173,0
DA:1177,0
DA:1179,0
DA:1182,0
DA:1183,0
DA:1184,0
DA:1188,0
DA:1189,0
DA:1200,0
DA:1204,0
DA:1206,0
DA:1211,0
DA:1212,0
DA:1213,0
DA:1218,0
DA:1221,0
DA:1222,0
DA:1223,0
DA:1224,0
DA:1227,0
DA:1228,0
DA:1229,0
DA:1234,0
DA:1235,0
DA:1236,0
DA:1237,0
DA:1238,0
DA:1240,0
DA:1245,0
DA:1246,0
DA:1247,0
DA:1251,0
DA:1254,0
DA:1255,0
DA:1256,0
DA:1258,0
DA:1259,0
DA:1261,0
DA:1265,0
DA:1269,0
DA:1270,0
DA:1271,0
DA:1272,0
DA:1275,0
DA:1276,0
DA:1277,0
DA:1280,0
DA:1281,0
DA:1284,0
DA:1285,0
DA:1288,0
DA:1289,0
DA:1297,0
DA:1304,0
DA:1306,0
DA:1307,0
DA:1310,0
DA:1311,0
DA:1312,0
DA:1313,0
DA:1319,0
DA:1320,0
DA:1322,0
DA:1326,0
DA:1327,0
DA:1328,0
DA:1330,0
DA:1334,0
DA:1339,0
DA:1340,0
DA:1341,0
DA:1345,0
DA:1346,0
DA:1348,0
DA:1351,0
DA:1352,0
DA:1356,0
DA:1357,0
DA:1361,0
DA:1365,0
DA:1366,0
DA:1370,0
DA:1372,0
DA:1374,0
DA:1377,0
DA:1380,0
DA:1381,0
DA:1382,0
DA:1391,0
DA:1394,0
DA:1395,0
DA:1398,0
DA:1399,0
DA:1403,0
DA:1406,0
DA:1407,0
DA:1408,0
DA:1411,0
DA:1414,0
DA:1415,0
DA:1418,0
DA:1420,0
DA:1422,0
DA:1427,0
DA:1432,0
DA:1436,0
DA:1440,0
DA:1441,0
DA:1442,0
DA:1443,0
DA:1447,0
DA:1448,0
DA:1449,0
DA:1450,0
DA:1451,0
DA:1456,0
DA:1468,0
DA:1471,0
DA:1472,0
DA:1476,0
DA:1480,0
DA:1481,0
DA:1486,0
DA:1488,0
DA:1489,0
DA:1494,0
DA:1498,0
DA:1499,0
DA:1500,0
DA:1504,0
DA:1506,0
DA:1507,0
DA:1511,0
DA:1527,0
DA:1528,0
DA:1529,0
DA:1533,0
DA:1534,0
DA:1537,0
DA:1538,0
DA:1539,0
DA:1541,0
DA:1542,0
DA:1543,0
DA:1545,0
DA:1551,0
DA:1555,0
DA:1560,0
DA:1561,0
DA:1564,0
DA:1565,0
DA:1569,0
DA:1570,0
DA:1571,0
DA:1576,0
DA:1577,0
DA:1578,0
DA:1579,0
DA:1580,0
DA:1586,0
DA:1587,0
DA:1590,0
DA:1591,0
DA:1608,0
DA:1609,0
DA:1610,0
DA:1614,0
DA:1617,0
DA:1619,0
DA:1639,0
DA:1640,0
DA:1641,0
DA:1642,0
DA:1647,0
DA:1648,0
DA:1649,0
DA:1650,0
DA:1656,0
DA:1657,0
DA:1661,0
DA:1662,0
DA:1663,0
DA:1667,0
DA:1669,0
DA:1670,0
DA:1672,0
DA:1675,0
DA:1679,0
DA:1680,0
DA:1681,0
DA:1682,0
DA:1687,0
DA:1688,0
DA:1694,0
DA:1697,0
DA:1698,0
DA:1699,0
DA:1701,0
DA:1702,0
DA:1703,0
DA:1704,0
DA:1708,0
DA:1719,0
DA:1720,0
DA:1724,0
DA:1725,0
DA:1726,0
DA:1730,0
DA:1743,0
DA:1749,0
DA:1757,0
DA:1758,0
DA:1759,0
DA:1767,0
DA:1769,0
DA:1770,0
DA:1780,0
DA:1781,0
DA:1782,0
DA:1783,0
DA:1784,0
DA:1788,0
DA:1791,0
DA:1794,0
DA:1797,0
DA:1799,0
DA:1805,0
DA:1807,0
DA:1817,0
DA:1818,0
DA:1819,0
DA:1824,0
DA:1828,0
DA:1829,0
DA:1830,0
DA:1833,0
DA:1834,0
DA:1835,0
DA:1836,0
DA:1841,0
DA:1844,0
DA:1845,0
DA:1851,0
DA:1856,0
DA:1864,0
DA:1865,0
DA:1868,0
DA:1871,0
DA:1874,0
DA:1875,0
DA:1883,0
DA:1886,0
DA:1887,0
DA:1888,0
DA:1889,0
DA:1896,0
DA:1898,0
DA:1899,0
DA:1900,0
DA:1903,0
DA:1905,0
DA:1910,0
DA:1911,0
DA:1912,0
DA:1913,0
DA:1914,0
DA:1915,0
DA:1916,0
DA:1917,0
DA:1920,0
DA:1926,0
DA:1928,0
DA:1929,0
DA:1932,0
DA:1934,0
DA:1935,0
DA:1936,0
DA:1937,0
DA:1938,0
DA:1940,0
DA:1944,0
DA:1945,0
DA:1947,0
DA:1948,0
DA:1951,0
DA:1957,0
DA:1958,0
DA:1960,0
DA:1962,0
DA:1963,0
DA:1964,0
DA:1965,0
DA:1966,0
DA:1968,0
DA:1969,0
DA:1970,0
DA:1972,0
DA:1973,0
DA:1975,0
DA:1978,0
DA:1979,0
DA:1980,0
DA:1983,0
DA:1986,0
DA:1988,0
DA:1989,0
DA:1992,0
DA:1994,0
DA:1995,0
DA:1996,0
DA:1997,0
DA:2000,0
DA:2001,0
DA:2004,0
DA:2005,0
DA:2006,0
DA:2011,0
DA:2012,0
DA:2014,0
DA:2016,0
DA:2017,0
DA:2019,0
DA:2023,0
DA:2026,0
DA:2029,0
DA:2030,0
DA:2031,0
DA:2033,0
DA:2034,0
DA:2037,0
DA:2038,0
DA:2039,0
DA:2043,0
DA:2047,0
DA:2052,0
DA:2054,0
DA:2055,0
DA:2056,0
DA:2058,0
DA:2060,0
DA:2063,0
DA:2064,0
DA:2065,0
DA:2066,0
DA:2067,0
DA:2078,0
DA:2079,0
DA:2080,0
DA:2086,0
DA:2087,0
DA:2088,0
DA:2089,0
DA:2090,0
DA:2093,0
DA:2094,0
DA:2095,0
DA:2096,0
DA:2097,0
DA:2098,0
DA:2099,0
DA:2100,0
DA:2101,0
DA:2102,0
DA:2110,0
DA:2111,0
DA:2112,0
DA:2115,0
DA:2116,0
DA:2117,0
DA:2119,0
DA:2120,0
DA:2121,0
DA:2122,0
DA:2123,0
DA:2127,0
DA:2128,0
DA:2133,0
DA:2134,0
DA:2135,0
DA:2143,0
DA:2144,0
DA:2145,0
DA:2148,0
DA:2150,0
DA:2158,0
DA:2167,0
DA:2168,0
DA:2172,0
DA:2173,0
DA:2176,0
DA:2177,0
DA:2178,0
DA:2179,0
DA:2180,0
DA:2184,0
DA:2185,0
DA:2186,0
DA:2187,0
DA:2188,0
DA:2193,0
DA:2203,0
DA:2204,0
DA:2207,0
DA:2210,0
DA:2211,0
DA:2212,0
DA:2216,0
DA:2220,0
DA:2222,0
DA:2224,0
DA:2226,0
DA:2227,0
DA:2229,0
DA:2230,0
DA:2231,0
DA:2234,0
DA:2235,0
DA:2238,0
DA:2239,0
DA:2245,0
DA:2246,0
DA:2247,0
DA:2253,0
DA:2255,0
DA:2256,0
DA:2257,0
DA:2258,0
DA:2259,0
DA:2264,0
DA:2266,0
DA:2270,0
DA:2273,0
DA:2276,0
DA:2277,0
DA:2278,0
DA:2279,0
DA:2280,0
DA:2285,0
DA:2288,0
DA:2289,0
DA:2291,0
LF:952
LH:0
BRDA:104,0,0,0
BRDA:104,0,1,0
BRDA:106,1,0,0
BRDA:106,1,1,0
BRDA:107,2,0,0
BRDA:107,2,1,0
BRDA:108,3,0,0
BRDA:108,3,1,0
BRDA:121,4,0,0
BRDA:121,5,0,0
BRDA:121,5,1,0
BRDA:125,6,0,0
BRDA:130,7,0,0
BRDA:130,7,1,0
BRDA:140,8,0,0
BRDA:140,9,0,0
BRDA:140,9,1,0
BRDA:148,10,0,0
BRDA:148,10,1,0
BRDA:153,11,0,0
BRDA:173,12,0,0
BRDA:198,13,0,0
BRDA:198,13,1,0
BRDA:220,14,0,0
BRDA:222,15,0,0
BRDA:225,16,0,0
BRDA:225,16,1,0
BRDA:242,17,0,0
BRDA:242,17,1,0
BRDA:250,18,0,0
BRDA:260,19,0,0
BRDA:263,20,0,0
BRDA:265,21,0,0
BRDA:265,21,1,0
BRDA:282,22,0,0
BRDA:282,22,1,0
BRDA:285,23,0,0
BRDA:287,24,0,0
BRDA:287,24,1,0
BRDA:298,25,0,0
BRDA:304,26,0,0
BRDA:329,27,0,0
BRDA:329,27,1,0
BRDA:345,28,0,0
BRDA:372,29,0,0
BRDA:372,29,1,0
BRDA:373,30,0,0
BRDA:387,31,0,0
BRDA:402,32,0,0
BRDA:402,32,1,0
BRDA:405,33,0,0
BRDA:405,33,1,0
BRDA:412,34,0,0
BRDA:427,35,0,0
BRDA:435,36,0,0
BRDA:443,37,0,0
BRDA:453,38,0,0
BRDA:461,39,0,0
BRDA:461,39,1,0
BRDA:462,40,0,0
BRDA:462,40,1,0
BRDA:463,41,0,0
BRDA:463,41,1,0
BRDA:466,42,0,0
BRDA:466,42,1,0
BRDA:469,43,0,0
BRDA:474,44,0,0
BRDA:474,44,1,0
BRDA:475,45,0,0
BRDA:475,45,1,0
BRDA:476,46,0,0
BRDA:476,46,1,0
BRDA:489,47,0,0
BRDA:489,47,1,0
BRDA:491,48,0,0
BRDA:491,48,1,0
BRDA:498,49,0,0
BRDA:500,50,0,0
BRDA:506,51,0,0
BRDA:543,52,0,0
BRDA:546,53,0,0
BRDA:546,54,0,0
BRDA:546,54,1,0
BRDA:552,55,0,0
BRDA:552,56,0,0
BRDA:552,56,1,0
BRDA:563,57,0,0
BRDA:563,58,0,0
BRDA:563,58,1,0
BRDA:565,59,0,0
BRDA:565,59,1,0
BRDA:570,60,0,0
BRDA:576,61,0,0
BRDA:576,61,1,0
BRDA:576,62,0,0
BRDA:576,62,1,0
BRDA:579,63,0,0
BRDA:579,63,1,0
BRDA:579,64,0,0
BRDA:579,64,1,0
BRDA:585,65,0,0
BRDA:585,65,1,0
BRDA:585,66,0,0
BRDA:585,66,1,0
BRDA:589,67,0,0
BRDA:589,67,1,0
BRDA:595,68,0,0
BRDA:595,68,1,0
BRDA:599,69,0,0
BRDA:599,69,1,0
BRDA:600,70,0,0
BRDA:605,71,0,0
BRDA:605,71,1,0
BRDA:609,72,0,0
BRDA:609,73,0,0
BRDA:609,73,1,0
BRDA:627,74,0,0
BRDA:627,74,1,0
BRDA:634,75,0,0
BRDA:634,76,0,0
BRDA:634,76,1,0
BRDA:643,77,0,0
BRDA:643,77,1,0
BRDA:648,78,0,0
BRDA:648,78,1,0
BRDA:649,79,0,0
BRDA:654,80,0,0
BRDA:654,80,1,0
BRDA:658,81,0,0
BRDA:658,82,0,0
BRDA:658,82,1,0
BRDA:670,83,0,0
BRDA:670,83,1,0
BRDA:682,84,0,0
BRDA:682,84,1,0
BRDA:687,85,0,0
BRDA:688,86,0,0
BRDA:693,87,0,0
BRDA:697,88,0,0
BRDA:697,89,0,0
BRDA:697,89,1,0
BRDA:708,90,0,0
BRDA:708,90,1,0
BRDA:718,91,0,0
BRDA:722,92,0,0
BRDA:722,92,1,0
BRDA:724,93,0,0
BRDA:724,93,1,0
BRDA:726,94,0,0
BRDA:726,94,1,0
BRDA:734,95,0,0
BRDA:734,95,1,0
BRDA:736,96,0,0
BRDA:736,96,1,0
BRDA:740,97,0,0
BRDA:741,98,0,0
BRDA:741,98,1,0
BRDA:745,99,0,0
BRDA:745,100,0,0
BRDA:745,100,1,0
BRDA:745,100,2,0
BRDA:745,100,3,0
BRDA:759,101,0,0
BRDA:759,101,1,0
BRDA:763,102,0,0
BRDA:771,103,0,0
BRDA:771,103,1,0
BRDA:776,104,0,0
BRDA:776,105,0,0
BRDA:776,105,1,0
BRDA:776,105,2,0
BRDA:776,105,3,0
BRDA:785,106,0,0
BRDA:794,107,0,0
BRDA:806,108,0,0
BRDA:813,109,0,0
BRDA:832,110,0,0
BRDA:839,111,0,0
BRDA:846,112,0,0
BRDA:846,112,1,0
BRDA:850,113,0,0
BRDA:855,114,0,0
BRDA:866,115,0,0
BRDA:871,116,0,0
BRDA:875,117,0,0
BRDA:875,117,1,0
BRDA:877,118,0,0
BRDA:877,119,0,0
BRDA:877,119,1,0
BRDA:882,120,0,0
BRDA:892,121,0,0
BRDA:894,122,0,0
BRDA:901,123,0,0
BRDA:903,124,0,0
BRDA:910,125,0,0
BRDA:912,126,0,0
BRDA:919,127,0,0
BRDA:920,128,0,0
BRDA:920,129,0,0
BRDA:920,129,1,0
BRDA:936,130,0,0
BRDA:941,131,0,0
BRDA:952,132,0,0
BRDA:952,133,0,0
BRDA:952,133,1,0
BRDA:957,134,0,0
BRDA:957,135,0,0
BRDA:957,135,1,0
BRDA:965,136,0,0
BRDA:970,137,0,0
BRDA:970,138,0,0
BRDA:970,138,1,0
BRDA:970,138,2,0
BRDA:975,139,0,0
BRDA:975,140,0,0
BRDA:975,140,1,0
BRDA:976,141,0,0
BRDA:982,142,0,0
BRDA:982,143,0,0
BRDA:982,143,1,0
BRDA:984,144,0,0
BRDA:984,144,1,0
BRDA:987,145,0,0
BRDA:987,145,1,0
BRDA:987,145,2,0
BRDA:994,146,0,0
BRDA:1001,147,0,0
BRDA:1003,148,0,0
BRDA:1003,148,1,0
BRDA:1005,149,0,0
BRDA:1006,150,0,0
BRDA:1006,151,0,0
BRDA:1006,151,1,0
BRDA:1006,151,2,0
BRDA:1007,152,0,0
BRDA:1007,153,0,0
BRDA:1007,153,1,0
BRDA:1007,153,2,0
BRDA:1010,154,0,0
BRDA:1011,155,0,0
BRDA:1011,156,0,0
BRDA:1011,156,1,0
BRDA:1011,156,2,0
BRDA:1012,157,0,0
BRDA:1012,158,0,0
BRDA:1012,158,1,0
BRDA:1021,159,0,0
BRDA:1021,159,1,0
BRDA:1022,160,0,0
BRDA:1022,160,1,0
BRDA:1023,161,0,0
BRDA:1026,162,0,0
BRDA:1027,163,0,0
BRDA:1027,163,1,0
BRDA:1028,164,0,0
BRDA:1028,164,1,0
BRDA:1030,165,0,0
BRDA:1030,165,1,0
BRDA:1042,166,0,0
BRDA:1042,167,0,0
BRDA:1042,167,1,0
BRDA:1042,167,2,0
BRDA:1048,168,0,0
BRDA:1048,169,0,0
BRDA:1048,169,1,0
BRDA:1050,170,0,0
BRDA:1057,171,0,0
BRDA:1070,172,0,0
BRDA:1078,173,0,0
BRDA:1078,174,0,0
BRDA:1078,174,1,0
BRDA:1086,175,0,0
BRDA:1091,176,0,0
BRDA:1091,177,0,0
BRDA:1091,177,1,0
BRDA:1091,177,2,0
BRDA:1096,178,0,0
BRDA:1096,179,0,0
BRDA:1096,179,1,0
BRDA:1097,180,0,0
BRDA:1103,181,0,0
BRDA:1103,182,0,0
BRDA:1103,182,1,0
BRDA:1105,183,0,0
BRDA:1105,183,1,0
BRDA:1108,184,0,0
BRDA:1108,184,1,0
BRDA:1108,184,2,0
BRDA:1115,185,0,0
BRDA:1122,186,0,0
BRDA:1124,187,0,0
BRDA:1124,187,1,0
BRDA:1126,188,0,0
BRDA:1127,189,0,0
BRDA:1127,190,0,0
BRDA:1127,190,1,0
BRDA:1127,190,2,0
BRDA:1128,191,0,0
BRDA:1128,192,0,0
BRDA:1128,192,1,0
BRDA:1128,192,2,0
BRDA:1131,193,0,0
BRDA:1132,194,0,0
BRDA:1132,195,0,0
BRDA:1132,195,1,0
BRDA:1132,195,2,0
BRDA:1133,196,0,0
BRDA:1133,197,0,0
BRDA:1133,197,1,0
BRDA:1142,198,0,0
BRDA:1142,198,1,0
BRDA:1143,199,0,0
BRDA:1143,199,1,0
BRDA:1144,200,0,0
BRDA:1147,201,0,0
BRDA:1148,202,0,0
BRDA:1148,202,1,0
BRDA:1149,203,0,0
BRDA:1149,203,1,0
BRDA:1151,204,0,0
BRDA:1151,204,1,0
BRDA:1163,205,0,0
BRDA:1163,206,0,0
BRDA:1163,206,1,0
BRDA:1163,206,2,0
BRDA:1169,207,0,0
BRDA:1169,208,0,0
BRDA:1169,208,1,0
BRDA:1171,209,0,0
BRDA:1177,210,0,0
BRDA:1177,210,1,0
BRDA:1182,211,0,0
BRDA:1206,212,0,0
BRDA:1206,212,1,0
BRDA:1212,213,0,0
BRDA:1223,214,0,0
BRDA:1227,215,0,0
BRDA:1235,216,0,0
BRDA:1235,217,0,0
BRDA:1235,217,1,0
BRDA:1245,218,0,0
BRDA:1255,219,0,0
BRDA:1271,220,0,0
BRDA:1284,221,0,0
BRDA:1304,222,0,0
BRDA:1304,222,1,0
BRDA:1320,223,0,0
BRDA:1320,224,0,0
BRDA:1320,224,1,0
BRDA:1320,224,2,0
BRDA:1320,224,3,0
BRDA:1340,225,0,0
BRDA:1345,226,0,0
BRDA:1385,227,0,0
BRDA:1385,227,1,0
BRDA:1425,228,0,0
BRDA:1425,228,1,0
BRDA:1440,229,0,0
BRDA:1440,229,1,0
BRDA:1447,230,0,0
BRDA:1447,230,1,0
BRDA:1448,231,0,0
BRDA:1448,232,0,0
BRDA:1448,232,1,0
BRDA:1499,233,0,0
BRDA:1558,234,0,0
BRDA:1560,235,0,0
BRDA:1564,236,0,0
BRDA:1569,237,0,0
BRDA:1575,238,0,0
BRDA:1576,239,0,0
BRDA:1576,240,0,0
BRDA:1576,240,1,0
BRDA:1578,241,0,0
BRDA:1594,242,0,0
BRDA:1594,242,1,0
BRDA:1609,243,0,0
BRDA:1621,244,0,0
BRDA:1621,244,1,0
BRDA:1624,245,0,0
BRDA:1624,245,1,0
BRDA:1640,246,0,0
BRDA:1648,247,0,0
BRDA:1656,248,0,0
BRDA:1661,249,0,0
BRDA:1669,250,0,0
BRDA:1669,251,0,0
BRDA:1669,251,1,0
BRDA:1679,252,0,0
BRDA:1687,253,0,0
BRDA:1687,254,0,0
BRDA:1687,254,1,0
BRDA:1697,255,0,0
BRDA:1697,256,0,0
BRDA:1697,256,1,0
BRDA:1699,257,0,0
BRDA:1702,258,0,0
BRDA:1713,259,0,0
BRDA:1713,259,1,0
BRDA:1715,260,0,0
BRDA:1715,260,1,0
BRDA:1716,261,0,0
BRDA:1716,261,1,0
BRDA:1724,262,0,0
BRDA:1736,263,0,0
BRDA:1736,263,1,0
BRDA:1737,264,0,0
BRDA:1737,264,1,0
BRDA:1739,265,0,0
BRDA:1739,265,1,0
BRDA:1782,266,0,0
BRDA:1782,267,0,0
BRDA:1782,267,1,0
BRDA:1810,268,0,0
BRDA:1810,268,1,0
BRDA:1818,269,0,0
BRDA:1824,270,0,0
BRDA:1824,270,1,0
BRDA:1826,271,0,0
BRDA:1826,271,1,0
BRDA:1828,272,0,0
BRDA:1835,273,0,0
BRDA:1837,274,0,0
BRDA:1837,274,1,0
BRDA:1844,275,0,0
BRDA:1863,276,0,0
BRDA:1864,277,0,0
BRDA:1868,278,0,0
BRDA:1868,278,1,0
BRDA:1883,279,0,0
BRDA:1887,280,0,0
BRDA:1928,281,0,0
BRDA:1960,282,0,0
BRDA:1960,282,1,0
BRDA:1960,283,0,0
BRDA:1960,283,1,0
BRDA:1966,284,0,0
BRDA:1966,284,1,0
BRDA:1966,285,0,0
BRDA:1966,285,1,0
BRDA:1978,286,0,0
BRDA:1988,287,0,0
BRDA:1994,288,0,0
BRDA:2012,289,0,0
BRDA:2012,289,1,0
BRDA:2014,290,0,0
BRDA:2014,290,1,0
BRDA:2031,291,0,0
BRDA:2031,291,1,0
BRDA:2033,292,0,0
BRDA:2033,293,0,0
BRDA:2033,293,1,0
BRDA:2037,294,0,0
BRDA:2048,295,0,0
BRDA:2048,295,1,0
BRDA:2052,296,0,0
BRDA:2052,296,1,0
BRDA:2052,297,0,0
BRDA:2052,297,1,0
BRDA:2055,298,0,0
BRDA:2058,299,0,0
BRDA:2063,300,0,0
BRDA:2070,301,0,0
BRDA:2070,301,1,0
BRDA:2094,302,0,0
BRDA:2100,303,0,0
BRDA:2111,304,0,0
BRDA:2111,305,0,0
BRDA:2111,305,1,0
BRDA:2117,306,0,0
BRDA:2121,307,0,0
BRDA:2121,307,1,0
BRDA:2122,308,0,0
BRDA:2122,308,1,0
BRDA:2122,309,0,0
BRDA:2122,309,1,0
BRDA:2127,310,0,0
BRDA:2133,311,0,0
BRDA:2134,312,0,0
BRDA:2153,313,0,0
BRDA:2153,313,1,0
BRDA:2167,314,0,0
BRDA:2167,315,0,0
BRDA:2167,315,1,0
BRDA:2178,316,0,0
BRDA:2178,316,1,0
BRDA:2179,317,0,0
BRDA:2179,317,1,0
BRDA:2185,318,0,0
BRDA:2185,318,1,0
BRDA:2187,319,0,0
BRDA:2203,320,0,0
BRDA:2203,321,0,0
BRDA:2203,321,1,0
BRDA:2211,322,0,0
BRDA:2220,323,0,0
BRDA:2229,324,0,0
BRDA:2229,325,0,0
BRDA:2229,325,1,0
BRDA:2230,326,0,0
BRDA:2230,327,0,0
BRDA:2230,327,1,0
BRDA:2231,328,0,0
BRDA:2231,329,0,0
BRDA:2231,329,1,0
BRDA:2234,330,0,0
BRDA:2234,331,0,0
BRDA:2234,331,1,0
BRDA:2235,332,0,0
BRDA:2235,332,1,0
BRDA:2238,333,0,0
BRDA:2238,334,0,0
BRDA:2238,334,1,0
BRDA:2239,335,0,0
BRDA:2239,335,1,0
BRDA:2247,336,0,0
BRDA:2247,336,1,0
BRDA:2256,337,0,0
BRDA:2256,338,0,0
BRDA:2256,338,1,0
BRDA:2258,339,0,0
BRDA:2266,340,0,0
BRDA:2266,340,1,0
BRDA:2266,341,0,0
BRDA:2266,341,1,0
BRDA:2273,342,0,0
BRDA:2273,342,1,0
BRDA:2273,343,0,0
BRDA:2273,343,1,0
BRDA:2277,344,0,0
BRDA:2277,345,0,0
BRDA:2277,345,1,0
BRDA:2279,346,0,0
BRF:533
BRH:0
end_of_record
TN:
SF:src/server/websocket.ts
FN:10,(anonymous_0)
FN:16,(anonymous_1)
FN:17,(anonymous_2)
FN:20,(anonymous_3)
FN:36,(anonymous_4)
FN:38,(anonymous_5)
FN:46,(anonymous_6)
FN:54,(anonymous_7)
FN:62,(anonymous_8)
FN:70,(anonymous_9)
FN:78,(anonymous_10)
FN:80,(anonymous_11)
FN:87,(anonymous_12)
FNF:13
FNH:0
FNDA:0,(anonymous_0)
FNDA:0,(anonymous_1)
FNDA:0,(anonymous_2)
FNDA:0,(anonymous_3)
FNDA:0,(anonymous_4)
FNDA:0,(anonymous_5)
FNDA:0,(anonymous_6)
FNDA:0,(anonymous_7)
FNDA:0,(anonymous_8)
FNDA:0,(anonymous_9)
FNDA:0,(anonymous_10)
FNDA:0,(anonymous_11)
FNDA:0,(anonymous_12)
DA:8,0
DA:10,0
DA:11,0
DA:12,0
DA:13,0
DA:17,0
DA:18,0
DA:20,0
DA:21,0
DA:25,0
DA:38,0
DA:39,0
DA:46,0
DA:47,0
DA:54,0
DA:55,0
DA:62,0
DA:63,0
DA:70,0
DA:71,0
DA:79,0
DA:80,0
DA:81,0
DA:82,0
DA:88,0
DA:89,0
LF:26
LH:0
BRDA:81,0,0,0
BRDA:88,1,0,0
BRF:2
BRH:0
end_of_record
TN:
SF:src/server/db/database.ts
FN:19,(anonymous_0)
FN:29,(anonymous_1)
FN:33,(anonymous_2)
FN:76,(anonymous_3)
FN:90,(anonymous_4)
FNF:5
FNH:0
FNDA:0,(anonymous_0)
FNDA:0,(anonymous_1)
FNDA:0,(anonymous_2)
FNDA:0,(anonymous_3)
FNDA:0,(anonymous_4)
DA:9,0
DA:20,0
DA:21,0
DA:26,0
DA:30,0
DA:34,0
DA:36,0
DA:37,0
DA:39,0
DA:40,0
DA:46,0
DA:56,0
DA:65,0
DA:67,0
DA:72,0
DA:77,0
DA:79,0
DA:80,0
DA:86,0
DA:91,0
DA:93,0
DA:94,0
DA:99,0
DA:101,0
DA:106,0
LF:25
LH:0
BRDA:70,0,0,0
BRDA:70,0,1,0
BRDA:77,1,0,0
BRDA:91,2,0,0
BRDA:99,3,0,0
BRDA:99,3,1,0
BRF:6
BRH:0
end_of_record
TN:
SF:src/server/routes/api.ts
FN:10,logError
FN:59,(anonymous_1)
FN:64,(anonymous_2)
FN:75,(anonymous_3)
FN:88,(anonymous_4)
FN:102,(anonymous_5)
FN:113,(anonymous_6)
FN:137,(anonymous_7)
FN:155,(anonymous_8)
FN:171,(anonymous_9)
FN:188,(anonymous_10)
FN:205,(anonymous_11)
FN:212,(anonymous_12)
FN:236,(anonymous_13)
FN:248,(anonymous_14)
FN:272,(anonymous_15)
FN:303,(anonymous_16)
FN:322,(anonymous_17)
FN:341,(anonymous_18)
FN:365,(anonymous_19)
FN:383,(anonymous_20)
FN:395,(anonymous_21)
FN:404,(anonymous_22)
FN:422,(anonymous_23)
FN:433,(anonymous_24)
FN:448,(anonymous_25)
FN:466,(anonymous_26)
FN:481,(anonymous_27)
FN:491,(anonymous_28)
FN:520,(anonymous_29)
FN:545,(anonymous_30)
FN:564,(anonymous_31)
FN:594,(anonymous_32)
FN:617,(anonymous_33)
FN:648,(anonymous_34)
FN:658,(anonymous_35)
FN:670,(anonymous_36)
FN:674,(anonymous_37)
FN:693,(anonymous_38)
FN:697,(anonymous_39)
FN:731,(anonymous_40)
FN:742,(anonymous_41)
FN:778,(anonymous_42)
FN:796,(anonymous_43)
FN:815,(anonymous_44)
FN:842,(anonymous_45)
FN:862,(anonymous_46)
FN:894,(anonymous_47)
FN:927,formatUptime
FN:943,(anonymous_49)
FN:961,(anonymous_50)
FN:966,(anonymous_51)
FN:969,(anonymous_52)
FN:972,(anonymous_53)
FN:999,(anonymous_54)
FN:1025,(anonymous_55)
FN:1051,(anonymous_56)
FN:1061,(anonymous_57)
FN:1083,(anonymous_58)
FN:1103,(anonymous_59)
FN:1128,(anonymous_60)
FN:1139,(anonymous_61)
FN:1156,(anonymous_62)
FN:1177,(anonymous_63)
FNF:64
FNH:0
FNDA:0,logError
FNDA:0,(anonymous_1)
FNDA:0,(anonymous_2)
FNDA:0,(anonymous_3)
FNDA:0,(anonymous_4)
FNDA:0,(anonymous_5)
FNDA:0,(anonymous_6)
FNDA:0,(anonymous_7)
FNDA:0,(anonymous_8)
FNDA:0,(anonymous_9)
FNDA:0,(anonymous_10)
FNDA:0,(anonymous_11)
FNDA:0,(anonymous_12)
FNDA:0,(anonymous_13)
FNDA:0,(anonymous_14)
FNDA:0,(anonymous_15)
FNDA:0,(anonymous_16)
FNDA:0,(anonymous_17)
FNDA:0,(anonymous_18)
FNDA:0,(anonymous_19)
FNDA:0,(anonymous_20)
FNDA:0,(anonymous_21)
FNDA:0,(anonymous_22)
FNDA:0,(anonymous_23)
FNDA:0,(anonymous_24)
FNDA:0,(anonymous_25)
FNDA:0,(anonymous_26)
FNDA:0,(anonymous_27)
FNDA:0,(anonymous_28)
FNDA:0,(anonymous_29)
FNDA:0,(anonymous_30)
FNDA:0,(anonymous_31)
FNDA:0,(anonymous_32)
FNDA:0,(anonymous_33)
FNDA:0,(anonymous_34)
FNDA:0,(anonymous_35)
FNDA:0,(anonymous_36)
FNDA:0,(anonymous_37)
FNDA:0,(anonymous_38)
FNDA:0,(anonymous_39)
FNDA:0,(anonymous_40)
FNDA:0,(anonymous_41)
FNDA:0,(anonymous_42)
FNDA:0,(anonymous_43)
FNDA:0,(anonymous_44)
FNDA:0,(anonymous_45)
FNDA:0,(anonymous_46)
FNDA:0,(anonymous_47)
FNDA:0,formatUptime
FNDA:0,(anonymous_49)
FNDA:0,(anonymous_50)
FNDA:0,(anonymous_51)
FNDA:0,(anonymous_52)
FNDA:0,(anonymous_53)
FNDA:0,(anonymous_54)
FNDA:0,(anonymous_55)
FNDA:0,(anonymous_56)
FNDA:0,(anonymous_57)
FNDA:0,(anonymous_58)
FNDA:0,(anonymous_59)
FNDA:0,(anonymous_60)
FNDA:0,(anonymous_61)
FNDA:0,(anonymous_62)
FNDA:0,(anonymous_63)
DA:8,0
DA:11,0
DA:12,0
DA:14,0
DA:59,0
DA:60,0
DA:64,0
DA:65,0
DA:66,0
DA:67,0
DA:69,0
DA:70,0
DA:71,0
DA:75,0
DA:76,0
DA:77,0
DA:78,0
DA:82,0
DA:83,0
DA:84,0
DA:88,0
DA:89,0
DA:90,0
DA:91,0
DA:95,0
DA:96,0
DA:97,0
DA:102,0
DA:103,0
DA:104,0
DA:105,0
DA:107,0
DA:108,0
DA:109,0
DA:113,0
DA:114,0
DA:115,0
DA:116,0
DA:117,0
DA:118,0
DA:119,0
DA:122,0
DA:129,0
DA:131,0
DA:132,0
DA:137,0
DA:138,0
DA:139,0
DA:140,0
DA:141,0
DA:142,0
DA:143,0
DA:145,0
DA:146,0
DA:148,0
DA:149,0
DA:150,0
DA:155,0
DA:156,0
DA:157,0
DA:158,0
DA:159,0
DA:160,0
DA:161,0
DA:163,0
DA:164,0
DA:166,0
DA:167,0
DA:171,0
DA:172,0
DA:173,0
DA:174,0
DA:175,0
DA:176,0
DA:177,0
DA:179,0
DA:180,0
DA:182,0
DA:183,0
DA:188,0
DA:189,0
DA:190,0
DA:197,0
DA:198,0
DA:199,0
DA:200,0
DA:204,0
DA:205,0
DA:206,0
DA:207,0
DA:208,0
DA:212,0
DA:213,0
DA:214,0
DA:215,0
DA:219,0
DA:220,0
DA:221,0
DA:224,0
DA:229,0
DA:231,0
DA:232,0
DA:236,0
DA:237,0
DA:238,0
DA:239,0
DA:240,0
DA:242,0
DA:243,0
DA:248,0
DA:249,0
DA:250,0
DA:251,0
DA:252,0
DA:253,0
DA:256,0
DA:257,0
DA:258,0
DA:259,0
DA:260,0
DA:261,0
DA:263,0
DA:265,0
DA:266,0
DA:267,0
DA:268,0
DA:272,0
DA:273,0
DA:274,0
DA:275,0
DA:277,0
DA:278,0
DA:279,0
DA:280,0
DA:283,0
DA:284,0
DA:285,0
DA:286,0
DA:289,0
DA:295,0
DA:296,0
DA:298,0
DA:299,0
DA:303,0
DA:304,0
DA:305,0
DA:306,0
DA:308,0
DA:309,0
DA:310,0
DA:311,0
DA:314,0
DA:315,0
DA:317,0
DA:318,0
DA:322,0
DA:323,0
DA:324,0
DA:326,0
DA:327,0
DA:328,0
DA:329,0
DA:332,0
DA:333,0
DA:335,0
DA:336,0
DA:341,0
DA:342,0
DA:343,0
DA:344,0
DA:345,0
DA:346,0
DA:347,0
DA:350,0
DA:351,0
DA:352,0
DA:353,0
DA:354,0
DA:357,0
DA:358,0
DA:360,0
DA:361,0
DA:365,0
DA:366,0
DA:367,0
DA:368,0
DA:369,0
DA:370,0
DA:371,0
DA:374,0
DA:375,0
DA:377,0
DA:378,0
DA:383,0
DA:384,0
DA:385,0
DA:386,0
DA:387,0
DA:389,0
DA:390,0
DA:395,0
DA:396,0
DA:397,0
DA:399,0
DA:400,0
DA:404,0
DA:405,0
DA:406,0
DA:407,0
DA:408,0
DA:409,0
DA:410,0
DA:414,0
DA:415,0
DA:417,0
DA:418,0
DA:422,0
DA:423,0
DA:424,0
DA:425,0
DA:427,0
DA:428,0
DA:433,0
DA:434,0
DA:435,0
DA:438,0
DA:441,0
DA:442,0
DA:445,0
DA:448,0
DA:449,0
DA:450,0
DA:451,0
DA:452,0
DA:453,0
DA:455,0
DA:456,0
DA:460,0
DA:461,0
DA:466,0
DA:467,0
DA:468,0
DA:471,0
DA:474,0
DA:475,0
DA:478,0
DA:481,0
DA:482,0
DA:483,0
DA:486,0
DA:487,0
DA:488,0
DA:489,0
DA:491,0
DA:492,0
DA:493,0
DA:497,0
DA:498,0
DA:500,0
DA:504,0
DA:505,0
DA:506,0
DA:507,0
DA:509,0
DA:510,0
DA:514,0
DA:515,0
DA:520,0
DA:521,0
DA:522,0
DA:523,0
DA:525,0
DA:526,0
DA:527,0
DA:528,0
DA:531,0
DA:532,0
DA:533,0
DA:534,0
DA:537,0
DA:538,0
DA:540,0
DA:541,0
DA:545,0
DA:546,0
DA:547,0
DA:549,0
DA:550,0
DA:551,0
DA:552,0
DA:555,0
DA:556,0
DA:558,0
DA:559,0
DA:564,0
DA:565,0
DA:566,0
DA:567,0
DA:569,0
DA:570,0
DA:571,0
DA:572,0
DA:575,0
DA:576,0
DA:578,0
DA:579,0
DA:580,0
DA:581,0
DA:582,0
DA:584,0
DA:587,0
DA:589,0
DA:590,0
DA:594,0
DA:595,0
DA:596,0
DA:598,0
DA:599,0
DA:601,0
DA:602,0
DA:603,0
DA:604,0
DA:605,0
DA:607,0
DA:610,0
DA:612,0
DA:613,0
DA:617,0
DA:618,0
DA:619,0
DA:620,0
DA:622,0
DA:623,0
DA:624,0
DA:625,0
DA:628,0
DA:629,0
DA:631,0
DA:632,0
DA:633,0
DA:634,0
DA:635,0
DA:637,0
DA:640,0
DA:642,0
DA:643,0
DA:648,0
DA:649,0
DA:650,0
DA:652,0
DA:653,0
DA:658,0
DA:659,0
DA:660,0
DA:661,0
DA:662,0
DA:664,0
DA:665,0
DA:670,0
DA:671,0
DA:674,0
DA:675,0
DA:676,0
DA:677,0
DA:678,0
DA:679,0
DA:680,0
DA:683,0
DA:684,0
DA:685,0
DA:687,0
DA:688,0
DA:693,0
DA:694,0
DA:697,0
DA:698,0
DA:699,0
DA:702,0
DA:704,0
DA:705,0
DA:708,0
DA:709,0
DA:712,0
DA:714,0
DA:722,0
DA:723,0
DA:725,0
DA:726,0
DA:731,0
DA:732,0
DA:733,0
DA:734,0
DA:736,0
DA:737,0
DA:742,0
DA:743,0
DA:744,0
DA:746,0
DA:748,0
DA:749,0
DA:750,0
DA:751,0
DA:752,0
DA:756,0
DA:757,0
DA:761,0
DA:764,0
DA:765,0
DA:768,0
DA:769,0
DA:772,0
DA:773,0
DA:778,0
DA:779,0
DA:781,0
DA:784,0
DA:785,0
DA:788,0
DA:790,0
DA:791,0
DA:796,0
DA:797,0
DA:798,0
DA:800,0
DA:801,0
DA:802,0
DA:803,0
DA:806,0
DA:807,0
DA:809,0
DA:810,0
DA:815,0
DA:816,0
DA:817,0
DA:826,0
DA:827,0
DA:828,0
DA:829,0
DA:833,0
DA:834,0
DA:836,0
DA:837,0
DA:842,0
DA:843,0
DA:844,0
DA:847,0
DA:848,0
DA:851,0
DA:853,0
DA:855,0
DA:856,0
DA:857,0
DA:862,0
DA:863,0
DA:864,0
DA:866,0
DA:867,0
DA:868,0
DA:869,0
DA:872,0
DA:875,0
DA:878,0
DA:879,0
DA:881,0
DA:883,0
DA:888,0
DA:889,0
DA:894,0
DA:895,0
DA:896,0
DA:897,0
DA:899,0
DA:900,0
DA:903,0
DA:910,0
DA:920,0
DA:921,0
DA:922,0
DA:928,0
DA:929,0
DA:930,0
DA:931,0
DA:933,0
DA:934,0
DA:935,0
DA:936,0
DA:937,0
DA:939,0
DA:943,0
DA:944,0
DA:945,0
DA:946,0
DA:947,0
DA:948,0
DA:951,0
DA:952,0
DA:953,0
DA:955,0
DA:958,0
DA:961,0
DA:962,0
DA:965,0
DA:966,0
DA:969,0
DA:972,0
DA:974,0
DA:975,0
DA:976,0
DA:977,0
DA:981,0
DA:982,0
DA:983,0
DA:984,0
DA:985,0
DA:989,0
DA:995,0
DA:999,0
DA:1000,0
DA:1001,0
DA:1002,0
DA:1003,0
DA:1004,0
DA:1005,0
DA:1007,0
DA:1008,0
DA:1009,0
DA:1010,0
DA:1011,0
DA:1013,0
DA:1014,0
DA:1016,0
DA:1018,0
DA:1020,0
DA:1021,0
DA:1025,0
DA:1026,0
DA:1027,0
DA:1028,0
DA:1029,0
DA:1030,0
DA:1031,0
DA:1033,0
DA:1034,0
DA:1035,0
DA:1036,0
DA:1037,0
DA:1040,0
DA:1042,0
DA:1043,0
DA:1045,0
DA:1046,0
DA:1051,0
DA:1052,0
DA:1053,0
DA:1054,0
DA:1055,0
DA:1056,0
DA:1059,0
DA:1060,0
DA:1061,0
DA:1063,0
DA:1064,0
DA:1065,0
DA:1066,0
DA:1069,0
DA:1071,0
DA:1077,0
DA:1078,0
DA:1083,0
DA:1084,0
DA:1085,0
DA:1086,0
DA:1087,0
DA:1088,0
DA:1091,0
DA:1092,0
DA:1093,0
DA:1095,0
DA:1096,0
DA:1097,0
DA:1098,0
DA:1103,0
DA:1104,0
DA:1105,0
DA:1106,0
DA:1107,0
DA:1108,0
DA:1111,0
DA:1112,0
DA:1113,0
DA:1114,0
DA:1116,0
DA:1117,0
DA:1118,0
DA:1119,0
DA:1128,0
DA:1129,0
DA:1130,0
DA:1131,0
DA:1132,0
DA:1133,0
DA:1136,0
DA:1137,0
DA:1138,0
DA:1139,0
DA:1141,0
DA:1142,0
DA:1148,0
DA:1149,0
DA:1150,0
DA:1151,0
DA:1156,0
DA:1157,0
DA:1158,0
DA:1160,0
DA:1161,0
DA:1162,0
DA:1163,0
DA:1166,0
DA:1167,0
DA:1168,0
DA:1169,0
DA:1173,0
DA:1176,0
DA:1177,0
DA:1179,0
DA:1180,0
DA:1181,0
DA:1185,0
DA:1192,0
DA:1193,0
DA:1195,0
DA:1196,0
DA:1200,0
DA:1201,0
DA:1202,0
DA:1206,0
LF:637
LH:0
BRDA:11,0,0,0
BRDA:11,0,1,0
BRDA:79,1,0,0
BRDA:79,1,1,0
BRDA:92,2,0,0
BRDA:92,2,1,0
BRDA:116,3,0,0
BRDA:124,4,0,0
BRDA:124,4,1,0
BRDA:125,5,0,0
BRDA:125,5,1,0
BRDA:126,6,0,0
BRDA:126,6,1,0
BRDA:127,7,0,0
BRDA:127,7,1,0
BRDA:132,8,0,0
BRDA:132,8,1,0
BRDA:140,9,0,0
BRDA:158,10,0,0
BRDA:174,11,0,0
BRDA:197,12,0,0
BRDA:206,13,0,0
BRDA:206,14,0,0
BRDA:206,14,1,0
BRDA:213,15,0,0
BRDA:219,16,0,0
BRDA:226,17,0,0
BRDA:226,17,1,0
BRDA:227,18,0,0
BRDA:227,18,1,0
BRDA:250,19,0,0
BRDA:258,20,0,0
BRDA:265,21,0,0
BRDA:265,21,1,0
BRDA:277,22,0,0
BRDA:283,23,0,0
BRDA:283,24,0,0
BRDA:283,24,1,0
BRDA:283,24,2,0
BRDA:308,25,0,0
BRDA:308,26,0,0
BRDA:308,26,1,0
BRDA:326,27,0,0
BRDA:326,28,0,0
BRDA:326,28,1,0
BRDA:326,28,2,0
BRDA:344,29,0,0
BRDA:351,30,0,0
BRDA:368,31,0,0
BRDA:407,32,0,0
BRDA:455,33,0,0
BRDA:455,33,1,0
BRDA:488,34,0,0
BRDA:488,34,1,0
BRDA:509,35,0,0
BRDA:509,35,1,0
BRDA:525,36,0,0
BRDA:531,37,0,0
BRDA:549,38,0,0
BRDA:569,39,0,0
BRDA:569,40,0,0
BRDA:569,40,1,0
BRDA:569,40,2,0
BRDA:575,41,0,0
BRDA:575,41,1,0
BRDA:579,42,0,0
BRDA:598,43,0,0
BRDA:598,43,1,0
BRDA:602,44,0,0
BRDA:622,45,0,0
BRDA:628,46,0,0
BRDA:628,46,1,0
BRDA:632,47,0,0
BRDA:653,48,0,0
BRDA:653,48,1,0
BRDA:665,49,0,0
BRDA:665,49,1,0
BRDA:677,50,0,0
BRDA:704,51,0,0
BRDA:708,52,0,0
BRDA:712,53,0,0
BRDA:715,54,0,0
BRDA:715,54,1,0
BRDA:716,55,0,0
BRDA:716,55,1,0
BRDA:717,56,0,0
BRDA:717,56,1,0
BRDA:718,57,0,0
BRDA:718,57,1,0
BRDA:737,58,0,0
BRDA:737,58,1,0
BRDA:746,59,0,0
BRDA:746,59,1,0
BRDA:749,60,0,0
BRDA:756,61,0,0
BRDA:800,62,0,0
BRDA:800,63,0,0
BRDA:800,63,1,0
BRDA:826,64,0,0
BRDA:826,65,0,0
BRDA:826,65,1,0
BRDA:866,66,0,0
BRDA:886,67,0,0
BRDA:886,67,1,0
BRDA:914,68,0,0
BRDA:914,68,1,0
BRDA:934,69,0,0
BRDA:935,70,0,0
BRDA:936,71,0,0
BRDA:937,72,0,0
BRDA:937,73,0,0
BRDA:937,73,1,0
BRDA:945,74,0,0
BRDA:952,75,0,0
BRDA:952,75,1,0
BRDA:974,76,0,0
BRDA:981,77,0,0
BRDA:981,77,1,0
BRDA:982,78,0,0
BRDA:1002,79,0,0
BRDA:1008,80,0,0
BRDA:1013,81,0,0
BRDA:1013,81,1,0
BRDA:1028,82,0,0
BRDA:1034,83,0,0
BRDA:1053,84,0,0
BRDA:1063,85,0,0
BRDA:1075,86,0,0
BRDA:1075,86,1,0
BRDA:1085,87,0,0
BRDA:1085,88,0,0
BRDA:1085,88,1,0
BRDA:1095,89,0,0
BRDA:1095,89,1,0
BRDA:1105,90,0,0
BRDA:1105,91,0,0
BRDA:1105,91,1,0
BRDA:1116,92,0,0
BRDA:1116,92,1,0
BRDA:1121,93,0,0
BRDA:1121,93,1,0
BRDA:1130,94,0,0
BRDA:1130,95,0,0
BRDA:1130,95,1,0
BRDA:1148,96,0,0
BRDA:1148,96,1,0
BRDA:1160,97,0,0
BRDA:1166,98,0,0
BRDA:1166,99,0,0
BRDA:1166,99,1,0
BRDA:1179,100,0,0
BRDA:1188,101,0,0
BRDA:1188,101,1,0
BRDA:1192,102,0,0
BRDA:1192,102,1,0
BRDA:1196,103,0,0
BRDA:1196,103,1,0
BRF:157
BRH:0
end_of_record
TN:
SF:src/server/services/holodex.ts
FN:25,(anonymous_0)
FN:41,(anonymous_1)
FN:62,(anonymous_2)
FN:70,(anonymous_3)
FN:82,(anonymous_4)
FN:92,(anonymous_5)
FN:98,(anonymous_6)
FN:105,(anonymous_7)
FN:133,(anonymous_8)
FN:143,(anonymous_9)
FN:154,(anonymous_10)
FN:183,(anonymous_11)
FN:200,(anonymous_12)
FN:218,(anonymous_13)
FN:222,(anonymous_14)
FN:233,(anonymous_15)
FN:251,(anonymous_16)
FN:274,(anonymous_17)
FN:276,(anonymous_18)
FN:287,(anonymous_19)
FNF:20
FNH:0
FNDA:0,(anonymous_0)
FNDA:0,(anonymous_1)
FNDA:0,(anonymous_2)
FNDA:0,(anonymous_3)
FNDA:0,(anonymous_4)
FNDA:0,(anonymous_5)
FNDA:0,(anonymous_6)
FNDA:0,(anonymous_7)
FNDA:0,(anonymous_8)
FNDA:0,(anonymous_9)
FNDA:0,(anonymous_10)
FNDA:0,(anonymous_11)
FNDA:0,(anonymous_12)
FNDA:0,(anonymous_13)
FNDA:0,(anonymous_14)
FNDA:0,(anonymous_15)
FNDA:0,(anonymous_16)
FNDA:0,(anonymous_17)
FNDA:0,(anonymous_18)
FNDA:0,(anonymous_19)
DA:20,0
DA:26,0
DA:27,0
DA:28,0
DA:30,0
DA:31,0
DA:34,0
DA:36,0
DA:37,0
DA:42,0
DA:43,0
DA:44,0
DA:45,0
DA:48,0
DA:54,0
DA:55,0
DA:58,0
DA:60,0
DA:62,0
DA:63,0
DA:66,0
DA:67,0
DA:70,0
DA:72,0
DA:80,0
DA:82,0
DA:83,0
DA:84,0
DA:85,0
DA:89,0
DA:92,0
DA:93,0
DA:97,0
DA:98,0
DA:99,0
DA:103,0
DA:105,0
DA:106,0
DA:107,0
DA:110,0
DA:111,0
DA:112,0
DA:115,0
DA:116,0
DA:120,0
DA:123,0
DA:124,0
DA:127,0
DA:128,0
DA:131,0
DA:132,0
DA:133,0
DA:143,0
DA:144,0
DA:145,0
DA:146,0
DA:148,0
DA:150,0
DA:151,0
DA:154,0
DA:155,0
DA:156,0
DA:158,0
DA:178,0
DA:183,0
DA:185,0
DA:186,0
DA:187,0
DA:190,0
DA:191,0
DA:194,0
DA:200,0
DA:202,0
DA:203,0
DA:206,0
DA:210,0
DA:212,0
DA:213,0
DA:214,0
DA:219,0
DA:221,0
DA:222,0
DA:223,0
DA:230,0
DA:231,0
DA:233,0
DA:242,0
DA:247,0
DA:252,0
DA:253,0
DA:254,0
DA:257,0
DA:258,0
DA:259,0
DA:263,0
DA:264,0
DA:268,0
DA:274,0
DA:275,0
DA:276,0
DA:279,0
DA:280,0
DA:281,0
DA:284,0
DA:288,0
DA:289,0
DA:290,0
DA:293,0
DA:294,0
DA:295,0
LF:110
LH:0
BRDA:37,0,0,0
BRDA:37,0,1,0
BRDA:43,1,0,0
BRDA:49,2,0,0
BRDA:49,2,1,0
BRDA:50,3,0,0
BRDA:50,3,1,0
BRDA:51,4,0,0
BRDA:51,4,1,0
BRDA:60,5,0,0
BRDA:60,5,1,0
BRDA:60,6,0,0
BRDA:60,6,1,0
BRDA:84,7,0,0
BRDA:84,7,1,0
BRDA:103,8,0,0
BRDA:103,9,0,0
BRDA:103,9,1,0
BRDA:106,10,0,0
BRDA:106,11,0,0
BRDA:106,11,1,0
BRDA:107,12,0,0
BRDA:107,13,0,0
BRDA:107,13,1,0
BRDA:110,14,0,0
BRDA:110,14,1,0
BRDA:111,15,0,0
BRDA:111,15,1,0
BRDA:123,16,0,0
BRDA:127,17,0,0
BRDA:127,17,1,0
BRDA:132,18,0,0
BRDA:144,19,0,0
BRDA:150,20,0,0
BRDA:156,21,0,0
BRDA:156,21,1,0
BRDA:156,22,0,0
BRDA:156,22,1,0
BRDA:164,23,0,0
BRDA:164,23,1,0
BRDA:165,24,0,0
BRDA:165,24,1,0
BRDA:166,25,0,0
BRDA:166,25,1,0
BRDA:167,26,0,0
BRDA:167,26,1,0
BRDA:171,27,0,0
BRDA:171,27,1,0
BRDA:173,28,0,0
BRDA:173,28,1,0
BRDA:178,29,0,0
BRDA:178,29,1,0
BRDA:178,30,0,0
BRDA:178,30,1,0
BRDA:185,31,0,0
BRDA:185,31,1,0
BRDA:186,32,0,0
BRDA:186,32,1,0
BRDA:187,33,0,0
BRDA:190,34,0,0
BRDA:190,35,0,0
BRDA:190,35,1,0
BRDA:191,36,0,0
BRDA:191,37,0,0
BRDA:191,37,1,0
BRDA:194,38,0,0
BRDA:194,38,1,0
BRDA:194,39,0,0
BRDA:194,39,1,0
BRDA:202,40,0,0
BRDA:202,41,0,0
BRDA:202,41,1,0
BRDA:203,42,0,0
BRDA:203,43,0,0
BRDA:203,43,1,0
BRDA:206,44,0,0
BRDA:206,44,1,0
BRDA:206,45,0,0
BRDA:206,45,1,0
BRDA:213,46,0,0
BRDA:213,46,1,0
BRDA:219,47,0,0
BRDA:245,48,0,0
BRDA:245,48,1,0
BRDA:257,49,0,0
BRDA:257,50,0,0
BRDA:257,50,1,0
BRDA:258,51,0,0
BRDA:258,51,1,0
BRDA:258,51,2,0
BRDA:263,52,0,0
BRDA:263,53,0,0
BRDA:263,53,1,0
BRDA:279,54,0,0
BRDA:280,55,0,0
BRDA:280,55,1,0
BRDA:280,55,2,0
BRDA:288,56,0,0
BRDA:288,57,0,0
BRDA:288,57,1,0
BRF:100
BRH:0
end_of_record
TN:
SF:src/server/services/keyboard_service.ts
FN:15,(anonymous_0)
FN:20,(anonymous_1)
FN:27,(anonymous_2)
FN:38,(anonymous_3)
FN:90,(anonymous_4)
FN:103,(anonymous_5)
FN:124,(anonymous_6)
FN:126,(anonymous_7)
FN:127,(anonymous_8)
FN:128,(anonymous_9)
FN:131,(anonymous_10)
FN:138,(anonymous_11)
FNF:12
FNH:0
FNDA:0,(anonymous_0)
FNDA:0,(anonymous_1)
FNDA:0,(anonymous_2)
FNDA:0,(anonymous_3)
FNDA:0,(anonymous_4)
FNDA:0,(anonymous_5)
FNDA:0,(anonymous_6)
FNDA:0,(anonymous_7)
FNDA:0,(anonymous_8)
FNDA:0,(anonymous_9)
FNDA:0,(anonymous_10)
FNDA:0,(anonymous_11)
DA:8,0
DA:12,0
DA:16,0
DA:17,0
DA:21,0
DA:23,0
DA:24,0
DA:27,0
DA:28,0
DA:29,0
DA:33,0
DA:38,0
DA:39,0
DA:40,0
DA:42,0
DA:43,0
DA:44,0
DA:47,0
DA:48,0
DA:53,0
DA:64,0
DA:65,0
DA:68,0
DA:69,0
DA:70,0
DA:72,0
DA:75,0
DA:76,0
DA:77,0
DA:81,0
DA:90,0
DA:91,0
DA:92,0
DA:93,0
DA:98,0
DA:103,0
DA:104,0
DA:105,0
DA:106,0
DA:107,0
DA:112,0
DA:114,0
DA:115,0
DA:120,0
DA:126,0
DA:127,0
DA:128,0
DA:132,0
DA:133,0
DA:134,0
DA:136,0
DA:138,0
DA:139,0
DA:140,0
LF:54
LH:0
BRDA:28,0,0,0
BRDA:40,1,0,0
BRDA:40,1,1,0
BRDA:40,1,2,0
BRDA:40,1,3,0
BRDA:51,2,0,0
BRDA:51,2,1,0
BRDA:68,3,0,0
BRDA:69,4,0,0
BRDA:69,4,1,0
BRDA:84,5,0,0
BRDA:84,5,1,0
BRDA:91,6,0,0
BRDA:96,7,0,0
BRDA:96,7,1,0
BRDA:104,8,0,0
BRDA:104,9,0,0
BRDA:104,9,1,0
BRDA:118,10,0,0
BRDA:118,10,1,0
BRDA:134,11,0,0
BRF:21
BRH:0
end_of_record
TN:
SF:src/server/services/keyboard_worker.ts
FN:5,checkInputPermissions
FN:9,(anonymous_1)
FN:44,(anonymous_2)
FN:56,(anonymous_3)
FN:65,(anonymous_4)
FN:86,(anonymous_5)
FNF:6
FNH:0
FNDA:0,checkInputPermissions
FNDA:0,(anonymous_1)
FNDA:0,(anonymous_2)
FNDA:0,(anonymous_3)
FNDA:0,(anonymous_4)
FNDA:0,(anonymous_5)
DA:6,0
DA:8,0
DA:9,0
DA:10,0
DA:13,0
DA:14,0
DA:18,0
DA:19,0
DA:20,0
DA:24,0
DA:25,0
DA:27,0
DA:30,0
DA:32,0
DA:33,0
DA:37,0
DA:39,0
DA:42,0
DA:45,0
DA:46,0
DA:57,0
DA:65,0
DA:67,0
DA:68,0
DA:72,0
DA:73,0
DA:77,0
DA:78,0
DA:82,0
DA:86,0
DA:87,0
DA:88,0
DA:89,0
DA:94,0
DA:96,0
DA:100,0
LF:36
LH:0
BRDA:10,0,0,0
BRDA:10,0,1,0
BRDA:10,1,0,0
BRDA:10,1,1,0
BRDA:13,2,0,0
BRDA:19,3,0,0
BRDA:32,4,0,0
BRDA:32,4,1,0
BRDA:45,5,0,0
BRDA:67,6,0,0
BRDA:67,7,0,0
BRDA:67,7,1,0
BRDA:67,7,2,0
BRDA:67,7,3,0
BRDA:72,8,0,0
BRDA:72,9,0,0
BRDA:72,9,1,0
BRDA:72,9,2,0
BRDA:72,9,3,0
BRDA:77,10,0,0
BRDA:77,11,0,0
BRDA:77,11,1,0
BRDA:77,11,2,0
BRDA:77,11,3,0
BRDA:87,12,0,0
BRDA:98,13,0,0
BRDA:98,13,1,0
BRF:27
BRH:0
end_of_record
TN:
SF:src/server/services/logger.ts
FN:7,(anonymous_0)
FN:29,(anonymous_1)
FN:61,(anonymous_2)
FN:98,(anonymous_3)
FN:104,(anonymous_4)
FN:114,(anonymous_5)
FN:118,(anonymous_6)
FN:134,(anonymous_7)
FN:144,(anonymous_8)
FN:157,(anonymous_9)
FN:166,(anonymous_10)
FN:174,(anonymous_11)
FN:182,(anonymous_12)
FNF:13
FNH:0
FNDA:0,(anonymous_0)
FNDA:0,(anonymous_1)
FNDA:0,(anonymous_2)
FNDA:0,(anonymous_3)
FNDA:0,(anonymous_4)
FNDA:0,(anonymous_5)
FNDA:0,(anonymous_6)
FNDA:0,(anonymous_7)
FNDA:0,(anonymous_8)
FNDA:0,(anonymous_9)
FNDA:0,(anonymous_10)
FNDA:0,(anonymous_11)
FNDA:0,(anonymous_12)
DA:5,0
DA:7,0
DA:8,0
DA:9,0
DA:10,0
DA:11,0
DA:23,0
DA:24,0
DA:25,0
DA:26,0
DA:29,0
DA:30,0
DA:37,0
DA:38,0
DA:39,0
DA:42,0
DA:44,0
DA:46,0
DA:47,0
DA:50,0
DA:51,0
DA:54,0
DA:63,0
DA:65,0
DA:89,0
DA:90,0
DA:91,0
DA:92,0
DA:93,0
DA:94,0
DA:99,0
DA:100,0
DA:101,0
DA:105,0
DA:111,0
DA:115,0
DA:117,0
DA:118,0
DA:119,0
DA:120,0
DA:121,0
DA:122,0
DA:123,0
DA:124,0
DA:125,0
DA:126,0
DA:130,0
DA:135,0
DA:136,0
DA:137,0
DA:140,0
DA:141,0
DA:145,0
DA:147,0
DA:158,0
DA:167,0
DA:175,0
DA:183,0
DA:191,0
LF:59
LH:0
BRDA:7,0,0,0
BRDA:7,0,1,0
BRDA:24,1,0,0
BRDA:24,1,1,0
BRDA:25,2,0,0
BRDA:25,2,1,0
BRDA:26,3,0,0
BRDA:26,3,1,0
BRDA:37,4,0,0
BRDA:37,4,1,0
BRDA:38,5,0,0
BRDA:38,5,1,0
BRDA:39,6,0,0
BRDA:39,6,1,0
BRDA:41,7,0,0
BRDA:41,7,1,0
BRDA:46,8,0,0
BRDA:50,9,0,0
BRDA:50,10,0,0
BRDA:50,10,1,0
BRDA:63,11,0,0
BRDA:63,11,1,0
BRDA:63,12,0,0
BRDA:63,12,1,0
BRDA:63,12,2,0
BRDA:89,13,0,0
BRDA:91,14,0,0
BRDA:92,15,0,0
BRDA:93,16,0,0
BRDA:115,17,0,0
BRDA:119,18,0,0
BRDA:120,19,0,0
BRDA:122,20,0,0
BRDA:122,20,1,0
BRDA:122,20,2,0
BRDA:122,20,3,0
BRDA:135,21,0,0
BRDA:137,22,0,0
BRDA:145,23,0,0
BRF:39
BRH:0
end_of_record
TN:
SF:src/server/services/player.ts
FN:79,(anonymous_0)
FN:105,(anonymous_1)
FN:108,(anonymous_2)
FN:109,(anonymous_3)
FN:136,(anonymous_4)
FN:165,(anonymous_5)
FN:178,(anonymous_6)
FN:179,(anonymous_7)
FN:180,(anonymous_8)
FN:189,(anonymous_9)
FN:202,(anonymous_10)
FN:313,(anonymous_11)
FN:344,(anonymous_12)
FN:350,(anonymous_13)
FN:356,(anonymous_14)
FN:361,(anonymous_15)
FN:373,(anonymous_16)
FN:376,(anonymous_17)
FN:387,(anonymous_18)
FN:400,(anonymous_19)
FN:410,(anonymous_20)
FN:443,(anonymous_21)
FN:460,(anonymous_22)
FN:464,(anonymous_23)
FN:476,(anonymous_24)
FN:480,(anonymous_25)
FN:503,(anonymous_26)
FN:536,(anonymous_27)
FN:559,(anonymous_28)
FN:564,(anonymous_29)
FN:580,(anonymous_30)
FN:586,(anonymous_31)
FN:608,(anonymous_32)
FN:622,(anonymous_33)
FN:624,(anonymous_34)
FN:633,(anonymous_35)
FN:649,(anonymous_36)
FN:657,(anonymous_37)
FN:666,(anonymous_38)
FN:721,(anonymous_39)
FN:767,(anonymous_40)
FN:805,(anonymous_41)
FN:816,(anonymous_42)
FN:839,(anonymous_43)
FN:863,(anonymous_44)
FN:871,(anonymous_45)
FN:899,(anonymous_46)
FN:908,(anonymous_47)
FN:926,(anonymous_48)
FN:972,(anonymous_49)
FN:1013,(anonymous_50)
FN:1024,(anonymous_51)
FN:1033,(anonymous_52)
FN:1048,(anonymous_53)
FN:1049,(anonymous_54)
FN:1116,(anonymous_55)
FN:1117,(anonymous_56)
FN:1132,(anonymous_57)
FN:1143,(anonymous_58)
FN:1153,(anonymous_59)
FN:1173,(anonymous_60)
FN:1186,(anonymous_61)
FN:1187,(anonymous_62)
FN:1196,(anonymous_63)
FN:1204,(anonymous_64)
FN:1214,(anonymous_65)
FN:1215,(anonymous_66)
FN:1220,(anonymous_67)
FN:1224,(anonymous_68)
FN:1225,(anonymous_69)
FN:1243,(anonymous_70)
FN:1247,(anonymous_71)
FN:1261,(anonymous_72)
FN:1272,(anonymous_73)
FN:1276,(anonymous_74)
FN:1282,(anonymous_75)
FN:1287,(anonymous_76)
FN:1292,(anonymous_77)
FN:1336,(anonymous_78)
FN:1340,(anonymous_79)
FN:1344,(anonymous_80)
FN:1349,(anonymous_81)
FN:1388,(anonymous_82)
FN:1396,(anonymous_83)
FN:1404,(anonymous_84)
FN:1406,(anonymous_85)
FN:1408,(anonymous_86)
FN:1418,(anonymous_87)
FN:1427,(anonymous_88)
FN:1437,(anonymous_89)
FN:1446,(anonymous_90)
FN:1459,(anonymous_91)
FNF:92
FNH:0
FNDA:0,(anonymous_0)
FNDA:0,(anonymous_1)
FNDA:0,(anonymous_2)
FNDA:0,(anonymous_3)
FNDA:0,(anonymous_4)
FNDA:0,(anonymous_5)
FNDA:0,(anonymous_6)
FNDA:0,(anonymous_7)
FNDA:0,(anonymous_8)
FNDA:0,(anonymous_9)
FNDA:0,(anonymous_10)
FNDA:0,(anonymous_11)
FNDA:0,(anonymous_12)
FNDA:0,(anonymous_13)
FNDA:0,(anonymous_14)
FNDA:0,(anonymous_15)
FNDA:0,(anonymous_16)
FNDA:0,(anonymous_17)
FNDA:0,(anonymous_18)
FNDA:0,(anonymous_19)
FNDA:0,(anonymous_20)
FNDA:0,(anonymous_21)
FNDA:0,(anonymous_22)
FNDA:0,(anonymous_23)
FNDA:0,(anonymous_24)
FNDA:0,(anonymous_25)
FNDA:0,(anonymous_26)
FNDA:0,(anonymous_27)
FNDA:0,(anonymous_28)
FNDA:0,(anonymous_29)
FNDA:0,(anonymous_30)
FNDA:0,(anonymous_31)
FNDA:0,(anonymous_32)
FNDA:0,(anonymous_33)
FNDA:0,(anonymous_34)
FNDA:0,(anonymous_35)
FNDA:0,(anonymous_36)
FNDA:0,(anonymous_37)
FNDA:0,(anonymous_38)
FNDA:0,(anonymous_39)
FNDA:0,(anonymous_40)
FNDA:0,(anonymous_41)
FNDA:0,(anonymous_42)
FNDA:0,(anonymous_43)
FNDA:0,(anonymous_44)
FNDA:0,(anonymous_45)
FNDA:0,(anonymous_46)
FNDA:0,(anonymous_47)
FNDA:0,(anonymous_48)
FNDA:0,(anonymous_49)
FNDA:0,(anonymous_50)
FNDA:0,(anonymous_51)
FNDA:0,(anonymous_52)
FNDA:0,(anonymous_53)
FNDA:0,(anonymous_54)
FNDA:0,(anonymous_55)
FNDA:0,(anonymous_56)
FNDA:0,(anonymous_57)
FNDA:0,(anonymous_58)
FNDA:0,(anonymous_59)
FNDA:0,(anonymous_60)
FNDA:0,(anonymous_61)
FNDA:0,(anonymous_62)
FNDA:0,(anonymous_63)
FNDA:0,(anonymous_64)
FNDA:0,(anonymous_65)
FNDA:0,(anonymous_66)
FNDA:0,(anonymous_67)
FNDA:0,(anonymous_68)
FNDA:0,(anonymous_69)
FNDA:0,(anonymous_70)
FNDA:0,(anonymous_71)
FNDA:0,(anonymous_72)
FNDA:0,(anonymous_73)
FNDA:0,(anonymous_74)
FNDA:0,(anonymous_75)
FNDA:0,(anonymous_76)
FNDA:0,(anonymous_77)
FNDA:0,(anonymous_78)
FNDA:0,(anonymous_79)
FNDA:0,(anonymous_80)
FNDA:0,(anonymous_81)
FNDA:0,(anonymous_82)
FNDA:0,(anonymous_83)
FNDA:0,(anonymous_84)
FNDA:0,(anonymous_85)
FNDA:0,(anonymous_86)
FNDA:0,(anonymous_87)
FNDA:0,(anonymous_88)
FNDA:0,(anonymous_89)
FNDA:0,(anonymous_90)
FNDA:0,(anonymous_91)
DA:42,0
DA:43,0
DA:44,0
DA:45,0
DA:46,0
DA:47,0
DA:48,0
DA:49,0
DA:50,0
DA:52,0
DA:53,0
DA:54,0
DA:55,0
DA:56,0
DA:57,0
DA:58,0
DA:59,0
DA:60,0
DA:61,0
DA:62,0
DA:63,0
DA:64,0
DA:68,0
DA:69,0
DA:74,0
DA:80,0
DA:81,0
DA:86,0
DA:87,0
DA:88,0
DA:89,0
DA:92,0
DA:93,0
DA:94,0
DA:97,0
DA:98,0
DA:101,0
DA:102,0
DA:106,0
DA:108,0
DA:109,0
DA:110,0
DA:111,0
DA:116,0
DA:117,0
DA:118,0
DA:119,0
DA:120,0
DA:125,0
DA:126,0
DA:128,0
DA:137,0
DA:138,0
DA:140,0
DA:141,0
DA:142,0
DA:144,0
DA:145,0
DA:147,0
DA:148,0
DA:149,0
DA:151,0
DA:152,0
DA:153,0
DA:157,0
DA:166,0
DA:167,0
DA:169,0
DA:174,0
DA:179,0
DA:180,0
DA:181,0
DA:182,0
DA:183,0
DA:190,0
DA:192,0
DA:193,0
DA:194,0
DA:202,0
DA:203,0
DA:204,0
DA:205,0
DA:213,0
DA:214,0
DA:215,0
DA:223,0
DA:226,0
DA:229,0
DA:232,0
DA:233,0
DA:236,0
DA:238,0
DA:244,0
DA:245,0
DA:246,0
DA:248,0
DA:249,0
DA:252,0
DA:253,0
DA:257,0
DA:272,0
DA:275,0
DA:276,0
DA:279,0
DA:282,0
DA:283,0
DA:284,0
DA:287,0
DA:288,0
DA:294,0
DA:297,0
DA:299,0
DA:305,0
DA:314,0
DA:317,0
DA:319,0
DA:320,0
DA:323,0
DA:324,0
DA:325,0
DA:332,0
DA:333,0
DA:335,0
DA:336,0
DA:337,0
DA:343,0
DA:344,0
DA:345,0
DA:349,0
DA:350,0
DA:351,0
DA:356,0
DA:358,0
DA:364,0
DA:365,0
DA:366,0
DA:367,0
DA:368,0
DA:373,0
DA:374,0
DA:375,0
DA:376,0
DA:377,0
DA:378,0
DA:383,0
DA:384,0
DA:387,0
DA:388,0
DA:389,0
DA:390,0
DA:391,0
DA:392,0
DA:395,0
DA:396,0
DA:400,0
DA:401,0
DA:402,0
DA:407,0
DA:410,0
DA:411,0
DA:412,0
DA:413,0
DA:416,0
DA:417,0
DA:418,0
DA:419,0
DA:420,0
DA:421,0
DA:422,0
DA:423,0
DA:424,0
DA:425,0
DA:426,0
DA:427,0
DA:428,0
DA:429,0
DA:432,0
DA:433,0
DA:438,0
DA:442,0
DA:443,0
DA:444,0
DA:445,0
DA:447,0
DA:448,0
DA:451,0
DA:456,0
DA:461,0
DA:462,0
DA:464,0
DA:465,0
DA:466,0
DA:467,0
DA:471,0
DA:472,0
DA:473,0
DA:476,0
DA:477,0
DA:480,0
DA:481,0
DA:482,0
DA:483,0
DA:484,0
DA:486,0
DA:489,0
DA:498,0
DA:502,0
DA:503,0
DA:504,0
DA:505,0
DA:507,0
DA:508,0
DA:509,0
DA:510,0
DA:511,0
DA:512,0
DA:516,0
DA:517,0
DA:524,0
DA:529,0
DA:535,0
DA:536,0
DA:537,0
DA:538,0
DA:540,0
DA:541,0
DA:544,0
DA:545,0
DA:549,0
DA:551,0
DA:552,0
DA:559,0
DA:560,0
DA:561,0
DA:564,0
DA:566,0
DA:567,0
DA:569,0
DA:572,0
DA:573,0
DA:575,0
DA:586,0
DA:587,0
DA:588,0
DA:589,0
DA:592,0
DA:594,0
DA:597,0
DA:598,0
DA:599,0
DA:600,0
DA:601,0
DA:602,0
DA:606,0
DA:607,0
DA:608,0
DA:609,0
DA:619,0
DA:622,0
DA:623,0
DA:624,0
DA:625,0
DA:629,0
DA:630,0
DA:635,0
DA:636,0
DA:640,0
DA:643,0
DA:646,0
DA:649,0
DA:652,0
DA:653,0
DA:654,0
DA:655,0
DA:656,0
DA:657,0
DA:663,0
DA:668,0
DA:669,0
DA:670,0
DA:673,0
DA:676,0
DA:677,0
DA:680,0
DA:681,0
DA:682,0
DA:683,0
DA:684,0
DA:687,0
DA:688,0
DA:689,0
DA:693,0
DA:696,0
DA:699,0
DA:704,0
DA:707,0
DA:710,0
DA:711,0
DA:714,0
DA:715,0
DA:716,0
DA:717,0
DA:721,0
DA:722,0
DA:723,0
DA:724,0
DA:729,0
DA:733,0
DA:744,0
DA:745,0
DA:747,0
DA:749,0
DA:754,0
DA:755,0
DA:758,0
DA:769,0
DA:770,0
DA:771,0
DA:772,0
DA:776,0
DA:777,0
DA:778,0
DA:779,0
DA:783,0
DA:784,0
DA:785,0
DA:786,0
DA:790,0
DA:791,0
DA:792,0
DA:793,0
DA:797,0
DA:798,0
DA:810,0
DA:817,0
DA:819,0
DA:820,0
DA:821,0
DA:823,0
DA:824,0
DA:828,0
DA:829,0
DA:833,0
DA:834,0
DA:836,0
DA:839,0
DA:842,0
DA:845,0
DA:849,0
DA:850,0
DA:851,0
DA:855,0
DA:857,0
DA:860,0
DA:863,0
DA:866,0
DA:867,0
DA:868,0
DA:871,0
DA:874,0
DA:875,0
DA:876,0
DA:877,0
DA:879,0
DA:884,0
DA:888,0
DA:891,0
DA:892,0
DA:893,0
DA:895,0
DA:899,0
DA:900,0
DA:902,0
DA:909,0
DA:910,0
DA:911,0
DA:914,0
DA:916,0
DA:917,0
DA:918,0
DA:920,0
DA:921,0
DA:926,0
DA:927,0
DA:929,0
DA:930,0
DA:932,0
DA:933,0
DA:935,0
DA:936,0
DA:941,0
DA:942,0
DA:943,0
DA:944,0
DA:945,0
DA:946,0
DA:947,0
DA:949,0
DA:950,0
DA:957,0
DA:958,0
DA:959,0
DA:964,0
DA:965,0
DA:973,0
DA:975,0
DA:976,0
DA:977,0
DA:980,0
DA:981,0
DA:982,0
DA:984,0
DA:985,0
DA:986,0
DA:989,0
DA:990,0
DA:991,0
DA:995,0
DA:996,0
DA:997,0
DA:1001,0
DA:1004,0
DA:1005,0
DA:1006,0
DA:1008,0
DA:1013,0
DA:1014,0
DA:1016,0
DA:1017,0
DA:1025,0
DA:1027,0
DA:1030,0
DA:1033,0
DA:1034,0
DA:1035,0
DA:1036,0
DA:1037,0
DA:1038,0
DA:1042,0
DA:1044,0
DA:1049,0
DA:1050,0
DA:1051,0
DA:1055,0
DA:1056,0
DA:1057,0
DA:1061,0
DA:1062,0
DA:1065,0
DA:1066,0
DA:1068,0
DA:1069,0
DA:1072,0
DA:1075,0
DA:1076,0
DA:1077,0
DA:1078,0
DA:1084,0
DA:1085,0
DA:1086,0
DA:1087,0
DA:1093,0
DA:1103,0
DA:1104,0
DA:1108,0
DA:1109,0
DA:1112,0
DA:1113,0
DA:1117,0
DA:1118,0
DA:1119,0
DA:1123,0
DA:1131,0
DA:1132,0
DA:1133,0
DA:1134,0
DA:1135,0
DA:1136,0
DA:1142,0
DA:1143,0
DA:1144,0
DA:1149,0
DA:1152,0
DA:1155,0
DA:1157,0
DA:1158,0
DA:1163,0
DA:1166,0
DA:1167,0
DA:1169,0
DA:1170,0
DA:1174,0
DA:1176,0
DA:1187,0
DA:1197,0
DA:1198,0
DA:1199,0
DA:1200,0
DA:1203,0
DA:1204,0
DA:1205,0
DA:1206,0
DA:1210,0
DA:1215,0
DA:1216,0
DA:1221,0
DA:1225,0
DA:1227,0
DA:1228,0
DA:1230,0
DA:1233,0
DA:1234,0
DA:1235,0
DA:1236,0
DA:1239,0
DA:1244,0
DA:1248,0
DA:1249,0
DA:1254,0
DA:1262,0
DA:1264,0
DA:1265,0
DA:1267,0
DA:1269,0
DA:1272,0
DA:1273,0
DA:1276,0
DA:1279,0
DA:1280,0
DA:1281,0
DA:1282,0
DA:1283,0
DA:1287,0
DA:1288,0
DA:1292,0
DA:1293,0
DA:1294,0
DA:1295,0
DA:1298,0
DA:1303,0
DA:1304,0
DA:1305,0
DA:1311,0
DA:1312,0
DA:1313,0
DA:1314,0
DA:1315,0
DA:1316,0
DA:1318,0
DA:1320,0
DA:1326,0
DA:1327,0
DA:1328,0
DA:1332,0
DA:1337,0
DA:1341,0
DA:1345,0
DA:1350,0
DA:1352,0
DA:1353,0
DA:1356,0
DA:1357,0
DA:1358,0
DA:1359,0
DA:1360,0
DA:1361,0
DA:1362,0
DA:1363,0
DA:1364,0
DA:1367,0
DA:1371,0
DA:1372,0
DA:1373,0
DA:1377,0
DA:1378,0
DA:1380,0
DA:1381,0
DA:1389,0
DA:1390,0
DA:1391,0
DA:1392,0
DA:1393,0
DA:1396,0
DA:1397,0
DA:1398,0
DA:1399,0
DA:1402,0
DA:1404,0
DA:1405,0
DA:1406,0
DA:1408,0
DA:1409,0
DA:1410,0
DA:1411,0
DA:1412,0
DA:1418,0
DA:1419,0
DA:1420,0
DA:1421,0
DA:1422,0
DA:1423,0
DA:1427,0
DA:1428,0
DA:1429,0
DA:1430,0
DA:1431,0
DA:1432,0
DA:1437,0
DA:1438,0
DA:1439,0
DA:1440,0
DA:1441,0
DA:1446,0
DA:1447,0
DA:1448,0
DA:1449,0
DA:1453,0
DA:1454,0
DA:1460,0
DA:1461,0
DA:1463,0
LF:621
LH:0
BRDA:81,0,0,0
BRDA:81,0,1,0
BRDA:97,1,0,0
BRDA:110,2,0,0
BRDA:116,3,0,0
BRDA:116,3,1,0
BRDA:117,4,0,0
BRDA:119,5,0,0
BRDA:131,6,0,0
BRDA:131,6,1,0
BRDA:138,7,0,0
BRDA:145,8,0,0
BRDA:151,9,0,0
BRDA:160,10,0,0
BRDA:160,10,1,0
BRDA:172,11,0,0
BRDA:172,11,1,0
BRDA:181,12,0,0
BRDA:192,13,0,0
BRDA:202,14,0,0
BRDA:202,14,1,0
BRDA:203,15,0,0
BRDA:213,16,0,0
BRDA:232,17,0,0
BRDA:232,17,1,0
BRDA:233,18,0,0
BRDA:233,18,1,0
BRDA:244,19,0,0
BRDA:244,19,1,0
BRDA:244,20,0,0
BRDA:244,20,1,0
BRDA:252,21,0,0
BRDA:252,22,0,0
BRDA:252,22,1,0
BRDA:261,23,0,0
BRDA:261,23,1,0
BRDA:263,24,0,0
BRDA:263,24,1,0
BRDA:265,25,0,0
BRDA:265,25,1,0
BRDA:267,26,0,0
BRDA:267,26,1,0
BRDA:283,27,0,0
BRDA:283,28,0,0
BRDA:283,28,1,0
BRDA:283,28,2,0
BRDA:302,29,0,0
BRDA:302,29,1,0
BRDA:308,30,0,0
BRDA:308,30,1,0
BRDA:317,31,0,0
BRDA:323,32,0,0
BRDA:343,33,0,0
BRDA:349,34,0,0
BRDA:368,35,0,0
BRDA:368,35,1,0
BRDA:389,36,0,0
BRDA:395,37,0,0
BRDA:412,38,0,0
BRDA:416,39,0,0
BRDA:416,39,1,0
BRDA:418,40,0,0
BRDA:418,40,1,0
BRDA:420,41,0,0
BRDA:420,41,1,0
BRDA:422,42,0,0
BRDA:422,42,1,0
BRDA:424,43,0,0
BRDA:424,43,1,0
BRDA:426,44,0,0
BRDA:426,44,1,0
BRDA:428,45,0,0
BRDA:465,46,0,0
BRDA:476,47,0,0
BRDA:476,47,1,0
BRDA:480,48,0,0
BRDA:481,49,0,0
BRDA:484,50,0,0
BRDA:484,50,1,0
BRDA:486,51,0,0
BRDA:486,51,1,0
BRDA:502,52,0,0
BRDA:505,53,0,0
BRDA:505,54,0,0
BRDA:505,54,1,0
BRDA:507,55,0,0
BRDA:508,56,0,0
BRDA:508,56,1,0
BRDA:511,57,0,0
BRDA:524,58,0,0
BRDA:524,59,0,0
BRDA:524,59,1,0
BRDA:524,59,2,0
BRDA:524,59,3,0
BRDA:524,59,4,0
BRDA:535,60,0,0
BRDA:538,61,0,0
BRDA:538,62,0,0
BRDA:538,62,1,0
BRDA:540,63,0,0
BRDA:540,63,1,0
BRDA:540,64,0,0
BRDA:540,64,1,0
BRDA:544,65,0,0
BRDA:544,65,1,0
BRDA:567,66,0,0
BRDA:567,66,1,0
BRDA:569,67,0,0
BRDA:569,67,1,0
BRDA:572,68,0,0
BRDA:572,68,1,0
BRDA:573,69,0,0
BRDA:573,69,1,0
BRDA:573,70,0,0
BRDA:573,70,1,0
BRDA:587,71,0,0
BRDA:598,72,0,0
BRDA:606,73,0,0
BRDA:606,74,0,0
BRDA:606,74,1,0
BRDA:606,74,2,0
BRDA:606,74,3,0
BRDA:635,75,0,0
BRDA:653,76,0,0
BRDA:669,77,0,0
BRDA:669,77,1,0
BRDA:673,78,0,0
BRDA:673,78,1,0
BRDA:680,79,0,0
BRDA:680,80,0,0
BRDA:680,80,1,0
BRDA:680,80,2,0
BRDA:681,81,0,0
BRDA:681,81,1,0
BRDA:683,82,0,0
BRDA:683,82,1,0
BRDA:687,83,0,0
BRDA:696,84,0,0
BRDA:696,84,1,0
BRDA:715,85,0,0
BRDA:730,86,0,0
BRDA:730,86,1,0
BRDA:735,87,0,0
BRDA:735,87,1,0
BRDA:736,88,0,0
BRDA:736,88,1,0
BRDA:760,89,0,0
BRDA:760,89,1,0
BRDA:761,90,0,0
BRDA:761,90,1,0
BRDA:770,91,0,0
BRDA:777,92,0,0
BRDA:784,93,0,0
BRDA:791,94,0,0
BRDA:810,95,0,0
BRDA:810,95,1,0
BRDA:810,95,2,0
BRDA:816,96,0,0
BRDA:816,97,0,0
BRDA:820,98,0,0
BRDA:820,99,0,0
BRDA:820,99,1,0
BRDA:828,100,0,0
BRDA:849,101,0,0
BRDA:849,102,0,0
BRDA:849,102,1,0
BRDA:866,103,0,0
BRDA:874,104,0,0
BRDA:892,105,0,0
BRDA:899,106,0,0
BRDA:899,106,1,0
BRDA:909,107,0,0
BRDA:920,108,0,0
BRDA:935,109,0,0
BRDA:942,110,0,0
BRDA:949,111,0,0
BRDA:957,112,0,0
BRDA:958,113,0,0
BRDA:958,113,1,0
BRDA:964,114,0,0
BRDA:964,114,1,0
BRDA:981,115,0,0
BRDA:981,116,0,0
BRDA:981,116,1,0
BRDA:989,117,0,0
BRDA:995,118,0,0
BRDA:996,119,0,0
BRDA:996,119,1,0
BRDA:1004,120,0,0
BRDA:1013,121,0,0
BRDA:1013,121,1,0
BRDA:1016,122,0,0
BRDA:1016,122,1,0
BRDA:1025,123,0,0
BRDA:1033,124,0,0
BRDA:1033,124,1,0
BRDA:1034,125,0,0
BRDA:1036,126,0,0
BRDA:1036,127,0,0
BRDA:1036,127,1,0
BRDA:1048,128,0,0
BRDA:1050,129,0,0
BRDA:1055,130,0,0
BRDA:1061,131,0,0
BRDA:1068,132,0,0
BRDA:1075,133,0,0
BRDA:1077,134,0,0
BRDA:1077,135,0,0
BRDA:1077,135,1,0
BRDA:1084,136,0,0
BRDA:1086,137,0,0
BRDA:1086,138,0,0
BRDA:1086,138,1,0
BRDA:1098,139,0,0
BRDA:1098,139,1,0
BRDA:1099,140,0,0
BRDA:1099,140,1,0
BRDA:1103,141,0,0
BRDA:1108,142,0,0
BRDA:1108,143,0,0
BRDA:1108,143,1,0
BRDA:1118,144,0,0
BRDA:1125,145,0,0
BRDA:1125,145,1,0
BRDA:1125,145,2,0
BRDA:1125,145,3,0
BRDA:1131,146,0,0
BRDA:1133,147,0,0
BRDA:1133,147,1,0
BRDA:1135,148,0,0
BRDA:1135,149,0,0
BRDA:1135,149,1,0
BRDA:1135,149,2,0
BRDA:1142,150,0,0
BRDA:1155,151,0,0
BRDA:1157,152,0,0
BRDA:1166,153,0,0
BRDA:1180,154,0,0
BRDA:1180,154,1,0
BRDA:1198,155,0,0
BRDA:1205,156,0,0
BRDA:1227,157,0,0
BRDA:1227,157,1,0
BRDA:1234,158,0,0
BRDA:1248,159,0,0
BRDA:1248,159,1,0
BRDA:1248,160,0,0
BRDA:1248,160,1,0
BRDA:1248,160,2,0
BRDA:1262,161,0,0
BRDA:1280,162,0,0
BRDA:1294,163,0,0
BRDA:1323,164,0,0
BRDA:1323,164,1,0
BRDA:1352,165,0,0
BRDA:1352,166,0,0
BRDA:1352,166,1,0
BRDA:1356,167,0,0
BRDA:1356,167,1,0
BRDA:1358,168,0,0
BRDA:1358,168,1,0
BRDA:1360,169,0,0
BRDA:1360,169,1,0
BRDA:1362,170,0,0
BRDA:1364,171,0,0
BRDA:1364,171,1,0
BRDA:1367,172,0,0
BRDA:1367,172,1,0
BRDA:1371,173,0,0
BRDA:1373,174,0,0
BRDA:1373,174,1,0
BRDA:1378,175,0,0
BRDA:1378,175,1,0
BRDA:1391,176,0,0
BRDA:1409,177,0,0
BRDA:1419,178,0,0
BRDA:1428,179,0,0
BRDA:1438,180,0,0
BRDA:1447,181,0,0
BRDA:1453,182,0,0
BRDA:1453,182,1,0
BRDA:1460,183,0,0
BRDA:1460,183,1,0
BRF:283
BRH:0
end_of_record
TN:
SF:src/server/services/player_manager.ts
FN:34,(anonymous_0)
FN:40,(anonymous_1)
FN:52,(anonymous_2)
FN:64,(anonymous_3)
FN:77,(anonymous_4)
FN:101,(anonymous_5)
FN:111,(anonymous_6)
FN:116,(anonymous_7)
FNF:8
FNH:0
FNDA:0,(anonymous_0)
FNDA:0,(anonymous_1)
FNDA:0,(anonymous_2)
FNDA:0,(anonymous_3)
FNDA:0,(anonymous_4)
FNDA:0,(anonymous_5)
FNDA:0,(anonymous_6)
FNDA:0,(anonymous_7)
DA:30,0
DA:31,0
DA:35,0
DA:36,0
DA:37,0
DA:42,0
DA:43,0
DA:45,0
DA:46,0
DA:50,0
DA:52,0
DA:53,0
DA:54,0
DA:56,0
DA:57,0
DA:59,0
DA:60,0
DA:64,0
DA:65,0
DA:68,0
DA:78,0
DA:79,0
DA:80,0
DA:81,0
DA:84,0
DA:90,0
DA:92,0
DA:97,0
DA:102,0
DA:103,0
DA:104,0
DA:105,0
DA:106,0
DA:107,0
DA:112,0
DA:113,0
DA:117,0
DA:118,0
LF:38
LH:0
BRDA:43,0,0,0
BRDA:54,1,0,0
BRDA:54,1,1,0
BRDA:71,2,0,0
BRDA:71,2,1,0
BRDA:80,3,0,0
BRDA:95,4,0,0
BRDA:95,4,1,0
BRDA:103,5,0,0
BRF:9
BRH:0
end_of_record
TN:
SF:src/server/services/queue_service.ts
FN:24,(anonymous_0)
FN:30,(anonymous_1)
FN:37,(anonymous_2)
FN:40,(anonymous_3)
FN:41,(anonymous_4)
FN:55,(anonymous_5)
FN:72,(anonymous_6)
FN:118,(anonymous_7)
FN:134,(anonymous_8)
FN:137,(anonymous_9)
FN:146,(anonymous_10)
FN:152,(anonymous_11)
FN:164,(anonymous_12)
FN:171,(anonymous_13)
FN:177,(anonymous_14)
FN:184,(anonymous_15)
FN:211,(anonymous_16)
FN:215,(anonymous_17)
FN:219,(anonymous_18)
FN:223,(anonymous_19)
FN:229,(anonymous_20)
FN:234,(anonymous_21)
FN:240,(anonymous_22)
FN:241,(anonymous_23)
FN:245,(anonymous_24)
FN:247,(anonymous_25)
FN:252,(anonymous_26)
FNF:27
FNH:0
FNDA:0,(anonymous_0)
FNDA:0,(anonymous_1)
FNDA:0,(anonymous_2)
FNDA:0,(anonymous_3)
FNDA:0,(anonymous_4)
FNDA:0,(anonymous_5)
FNDA:0,(anonymous_6)
FNDA:0,(anonymous_7)
FNDA:0,(anonymous_8)
FNDA:0,(anonymous_9)
FNDA:0,(anonymous_10)
FNDA:0,(anonymous_11)
FNDA:0,(anonymous_12)
FNDA:0,(anonymous_13)
FNDA:0,(anonymous_14)
FNDA:0,(anonymous_15)
FNDA:0,(anonymous_16)
FNDA:0,(anonymous_17)
FNDA:0,(anonymous_18)
FNDA:0,(anonymous_19)
FNDA:0,(anonymous_20)
FNDA:0,(anonymous_21)
FNDA:0,(anonymous_22)
FNDA:0,(anonymous_23)
FNDA:0,(anonymous_24)
FNDA:0,(anonymous_25)
FNDA:0,(anonymous_26)
DA:21,0
DA:22,0
DA:25,0
DA:26,0
DA:31,0
DA:32,0
DA:33,0
DA:37,0
DA:40,0
DA:41,0
DA:44,0
DA:54,0
DA:55,0
DA:56,0
DA:59,0
DA:67,0
DA:68,0
DA:72,0
DA:73,0
DA:74,0
DA:75,0
DA:76,0
DA:79,0
DA:80,0
DA:83,0
DA:84,0
DA:88,0
DA:90,0
DA:91,0
DA:92,0
DA:94,0
DA:95,0
DA:96,0
DA:97,0
DA:100,0
DA:102,0
DA:106,0
DA:110,0
DA:111,0
DA:113,0
DA:114,0
DA:115,0
DA:118,0
DA:126,0
DA:127,0
DA:129,0
DA:135,0
DA:137,0
DA:138,0
DA:139,0
DA:147,0
DA:148,0
DA:149,0
DA:153,0
DA:154,0
DA:155,0
DA:158,0
DA:159,0
DA:160,0
DA:161,0
DA:165,0
DA:166,0
DA:167,0
DA:168,0
DA:172,0
DA:173,0
DA:178,0
DA:179,0
DA:180,0
DA:181,0
DA:185,0
DA:188,0
DA:189,0
DA:190,0
DA:194,0
DA:195,0
DA:197,0
DA:198,0
DA:201,0
DA:204,0
DA:205,0
DA:206,0
DA:212,0
DA:216,0
DA:220,0
DA:224,0
DA:225,0
DA:230,0
DA:231,0
DA:235,0
DA:236,0
DA:241,0
DA:247,0
DA:248,0
DA:249,0
DA:252,0
DA:254,0
DA:258,0
DA:259,0
DA:260,0
DA:264,0
DA:268,0
DA:269,0
DA:270,0
DA:273,0
DA:274,0
DA:277,0
DA:278,0
DA:282,0
DA:283,0
DA:284,0
DA:287,0
DA:288,0
DA:294,0
LF:114
LH:0
BRDA:31,0,0,0
BRDA:31,1,0,0
BRDA:31,1,1,0
BRDA:37,2,0,0
BRDA:37,2,1,0
BRDA:41,3,0,0
BRDA:41,3,1,0
BRDA:41,4,0,0
BRDA:41,4,1,0
BRDA:56,5,0,0
BRDA:56,5,1,0
BRDA:57,6,0,0
BRDA:57,6,1,0
BRDA:60,7,0,0
BRDA:60,7,1,0
BRDA:73,8,0,0
BRDA:73,8,1,0
BRDA:74,9,0,0
BRDA:74,9,1,0
BRDA:79,10,0,0
BRDA:79,11,0,0
BRDA:79,11,1,0
BRDA:80,12,0,0
BRDA:80,13,0,0
BRDA:80,13,1,0
BRDA:83,14,0,0
BRDA:88,15,0,0
BRDA:88,16,0,0
BRDA:88,16,1,0
BRDA:94,17,0,0
BRDA:94,17,1,0
BRDA:94,17,2,0
BRDA:95,18,0,0
BRDA:96,19,0,0
BRDA:100,20,0,0
BRDA:100,21,0,0
BRDA:100,21,1,0
BRDA:110,22,0,0
BRDA:110,22,1,0
BRDA:113,23,0,0
BRDA:126,24,0,0
BRDA:126,24,1,0
BRDA:135,25,0,0
BRDA:139,26,0,0
BRDA:139,26,1,0
BRDA:139,26,2,0
BRDA:139,26,3,0
BRDA:147,27,0,0
BRDA:147,27,1,0
BRDA:153,28,0,0
BRDA:153,29,0,0
BRDA:153,29,1,0
BRDA:178,30,0,0
BRDA:178,30,1,0
BRDA:180,31,0,0
BRDA:180,31,1,0
BRDA:185,32,0,0
BRDA:185,32,1,0
BRDA:188,33,0,0
BRDA:188,34,0,0
BRDA:188,34,1,0
BRDA:204,35,0,0
BRDA:249,36,0,0
BRDA:249,36,1,0
BRDA:254,37,0,0
BRDA:254,37,1,0
BRDA:258,38,0,0
BRDA:264,39,0,0
BRDA:264,39,1,0
BRDA:268,40,0,0
BRDA:277,41,0,0
BRDA:282,42,0,0
BRDA:282,43,0,0
BRDA:282,43,1,0
BRF:74
BRH:0
end_of_record
TN:
SF:src/server/services/twitch.ts
FN:23,(anonymous_0)
FN:41,(anonymous_1)
FN:60,(anonymous_2)
FN:64,(anonymous_3)
FN:75,(anonymous_4)
FN:76,(anonymous_5)
FN:98,(anonymous_6)
FN:113,(anonymous_7)
FN:118,(anonymous_8)
FN:141,(anonymous_9)
FN:152,(anonymous_10)
FN:164,(anonymous_11)
FN:166,(anonymous_12)
FN:172,(anonymous_13)
FN:179,(anonymous_14)
FN:203,(anonymous_15)
FN:210,(anonymous_16)
FN:220,(anonymous_17)
FN:225,(anonymous_18)
FN:241,(anonymous_19)
FN:262,(anonymous_20)
FNF:21
FNH:0
FNDA:0,(anonymous_0)
FNDA:0,(anonymous_1)
FNDA:0,(anonymous_2)
FNDA:0,(anonymous_3)
FNDA:0,(anonymous_4)
FNDA:0,(anonymous_5)
FNDA:0,(anonymous_6)
FNDA:0,(anonymous_7)
FNDA:0,(anonymous_8)
FNDA:0,(anonymous_9)
FNDA:0,(anonymous_10)
FNDA:0,(anonymous_11)
FNDA:0,(anonymous_12)
FNDA:0,(anonymous_13)
FNDA:0,(anonymous_14)
FNDA:0,(anonymous_15)
FNDA:0,(anonymous_16)
FNDA:0,(anonymous_17)
FNDA:0,(anonymous_18)
FNDA:0,(anonymous_19)
FNDA:0,(anonymous_20)
DA:16,0
DA:19,0
DA:20,0
DA:21,0
DA:24,0
DA:25,0
DA:26,0
DA:28,0
DA:29,0
DA:33,0
DA:34,0
DA:36,0
DA:37,0
DA:42,0
DA:44,0
DA:45,0
DA:46,0
DA:47,0
DA:50,0
DA:52,0
DA:53,0
DA:54,0
DA:55,0
DA:59,0
DA:61,0
DA:65,0
DA:69,0
DA:75,0
DA:76,0
DA:88,0
DA:89,0
DA:93,0
DA:98,0
DA:110,0
DA:112,0
DA:113,0
DA:114,0
DA:118,0
DA:120,0
DA:121,0
DA:123,0
DA:124,0
DA:125,0
DA:129,0
DA:130,0
DA:132,0
DA:137,0
DA:142,0
DA:144,0
DA:146,0
DA:152,0
DA:164,0
DA:165,0
DA:166,0
DA:170,0
DA:171,0
DA:172,0
DA:177,0
DA:178,0
DA:179,0
DA:181,0
DA:182,0
DA:183,0
DA:191,0
DA:192,0
DA:194,0
DA:199,0
DA:204,0
DA:211,0
DA:212,0
DA:213,0
DA:216,0
DA:217,0
DA:219,0
DA:220,0
DA:222,0
DA:223,0
DA:225,0
DA:232,0
DA:237,0
DA:242,0
DA:243,0
DA:244,0
DA:247,0
DA:254,0
DA:256,0
DA:257,0
DA:258,0
DA:263,0
LF:89
LH:0
BRDA:23,0,0,0
BRDA:37,1,0,0
BRDA:37,1,1,0
BRDA:42,2,0,0
BRDA:45,3,0,0
BRDA:45,3,1,0
BRDA:46,4,0,0
BRDA:46,4,1,0
BRDA:50,5,0,0
BRDA:50,5,1,0
BRDA:63,6,0,0
BRDA:63,6,1,0
BRDA:66,7,0,0
BRDA:66,7,1,0
BRDA:88,8,0,0
BRDA:95,9,0,0
BRDA:95,9,1,0
BRDA:110,10,0,0
BRDA:110,11,0,0
BRDA:110,11,1,0
BRDA:120,12,0,0
BRDA:121,13,0,0
BRDA:123,14,0,0
BRDA:123,14,1,0
BRDA:124,15,0,0
BRDA:124,15,1,0
BRDA:135,16,0,0
BRDA:135,16,1,0
BRDA:141,17,0,0
BRDA:142,18,0,0
BRDA:158,19,0,0
BRDA:158,19,1,0
BRDA:160,20,0,0
BRDA:160,20,1,0
BRDA:165,21,0,0
BRDA:165,21,1,0
BRDA:170,22,0,0
BRDA:181,23,0,0
BRDA:197,24,0,0
BRDA:197,24,1,0
BRDA:203,25,0,0
BRDA:211,26,0,0
BRDA:211,27,0,0
BRDA:211,27,1,0
BRDA:235,28,0,0
BRDA:235,28,1,0
BRDA:243,29,0,0
BRDA:257,30,0,0
BRDA:257,30,1,0
BRF:49
BRH:0
end_of_record
TN:
SF:src/server/services/youtube.ts
FN:8,(anonymous_0)
FN:12,(anonymous_1)
FN:18,(anonymous_2)
FN:38,(anonymous_3)
FNF:4
FNH:0
FNDA:0,(anonymous_0)
FNDA:0,(anonymous_1)
FNDA:0,(anonymous_2)
FNDA:0,(anonymous_3)
DA:6,0
DA:9,0
DA:13,0
DA:14,0
DA:15,0
DA:18,0
DA:26,0
DA:27,0
DA:29,0
DA:34,0
DA:39,0
DA:40,0
LF:12
LH:0
BRDA:14,0,0,0
BRDA:14,0,1,0
BRDA:15,1,0,0
BRDA:15,1,1,0
BRDA:32,2,0,0
BRDA:32,2,1,0
BRF:6
BRH:0
end_of_record
TN:
SF:src/server/services/logger/index.ts
FN:42,formatError
FN:55,log
FN:64,(anonymous_2)
FN:67,(anonymous_3)
FN:70,(anonymous_4)
FN:73,(anonymous_5)
FNF:6
FNH:0
FNDA:0,formatError
FNDA:0,log
FNDA:0,(anonymous_2)
FNDA:0,(anonymous_3)
FNDA:0,(anonymous_4)
FNDA:0,(anonymous_5)
DA:4,0
DA:6,0
DA:21,0
DA:22,0
DA:43,0
DA:44,0
DA:50,0
DA:56,0
DA:57,0
DA:58,0
DA:60,0
DA:63,0
DA:65,0
DA:68,0
DA:71,0
DA:74,0
LF:16
LH:0
BRDA:21,0,0,0
BRDA:43,1,0,0
BRDA:57,2,0,0
BRF:3
BRH:0
end_of_record
TN:
SF:src/server/workers/player_worker.ts
FN:22,(anonymous_0)
FN:82,(anonymous_1)
FN:89,(anonymous_2)
FNF:3
FNH:0
FNDA:0,(anonymous_0)
FNDA:0,(anonymous_1)
FNDA:0,(anonymous_2)
DA:14,0
DA:16,0
DA:19,0
DA:20,0
DA:22,0
DA:23,0
DA:24,0
DA:26,0
DA:27,0
DA:43,0
DA:47,0
DA:51,0
DA:52,0
DA:56,0
DA:61,0
DA:66,0
DA:70,0
DA:75,0
DA:82,0
DA:83,0
DA:89,0
DA:90,0
DA:96,0
LF:23
LH:0
BRDA:14,0,0,0
BRDA:24,1,0,0
BRDA:24,1,1,0
BRDA:24,1,2,0
BRDA:24,1,3,0
BRDA:29,2,0,0
BRDA:29,2,1,0
BRDA:31,3,0,0
BRDA:31,3,1,0
BRDA:32,4,0,0
BRDA:32,4,1,0
BRDA:34,5,0,0
BRDA:34,5,1,0
BRDA:35,6,0,0
BRDA:35,6,1,0
BRDA:36,7,0,0
BRDA:36,7,1,0
BRDA:73,8,0,0
BRDA:73,8,1,0
BRDA:77,9,0,0
BRDA:77,9,1,0
BRF:21
BRH:0
end_of_record
