TN:
SF:src/hooks.client.ts
FN:12,init
FN:20,(anonymous_1)
FN:36,(anonymous_2)
FN:64,(anonymous_3)
FN:65,(anonymous_4)
FN:76,(anonymous_5)
FNF:6
FNH:0
FNDA:0,init
FNDA:0,(anonymous_1)
FNDA:0,(anonymous_2)
FNDA:0,(anonymous_3)
FNDA:0,(anonymous_4)
FNDA:0,(anonymous_5)
DA:4,0
DA:5,0
DA:8,0
DA:9,0
DA:12,0
DA:14,0
DA:20,0
DA:21,0
DA:24,0
DA:27,0
DA:34,0
DA:36,0
DA:37,0
DA:40,0
DA:41,0
DA:42,0
DA:46,0
DA:49,0
DA:50,0
DA:51,0
DA:52,0
DA:53,0
DA:55,0
DA:56,0
DA:60,0
DA:64,0
DA:65,0
DA:66,0
DA:69,0
DA:70,0
DA:74,0
DA:77,0
DA:78,0
DA:79,0
DA:80,0
DA:82,0
DA:84,0
LF:37
LH:0
BRDA:34,0,0,0
BRDA:37,1,0,0
BRDA:37,1,1,0
BRDA:37,2,0,0
BRDA:37,2,1,0
BRDA:37,3,0,0
BRDA:37,3,1,0
BRDA:41,4,0,0
BRDA:41,5,0,0
BRDA:41,5,1,0
BRDA:49,6,0,0
BRDA:49,7,0,0
BRDA:49,7,1,0
BRDA:49,7,2,0
BRDA:49,8,0,0
BRDA:49,8,1,0
BRDA:49,9,0,0
BRDA:49,9,1,0
BRDA:66,10,0,0
BRDA:66,10,1,0
BRDA:66,11,0,0
BRDA:66,11,1,0
BRDA:66,12,0,0
BRDA:66,12,1,0
BRDA:69,13,0,0
BRF:25
BRH:0
end_of_record
TN:
SF:src/hooks.server.ts
FN:5,(anonymous_0)
FNF:1
FNH:0
FNDA:0,(anonymous_0)
DA:2,0
DA:5,0
DA:7,0
DA:8,0
DA:9,0
DA:11,0
LF:6
LH:0
BRDA:8,0,0,0
BRDA:8,0,1,0
BRDA:8,1,0,0
BRDA:8,1,1,0
BRF:4
BRH:0
end_of_record
TN:
SF:src/hooks.ts
FN:10,reroute
FN:15,transport
FNF:2
FNH:0
FNDA:0,reroute
FNDA:0,transport
DA:1,0
DA:3,0
DA:4,0
DA:7,0
DA:10,0
DA:12,0
DA:15,0
DA:17,0
LF:8
LH:0
BRF:0
BRH:0
end_of_record
TN:
SF:src/cli/livelink.ts
FN:10,getTimestamp
FN:15,formatUptime
FN:33,handleResponse
FN:68,(anonymous_13)
FN:74,(anonymous_14)
FN:76,(anonymous_15)
FN:117,(anonymous_16)
FN:134,(anonymous_17)
FN:159,(anonymous_18)
FN:184,(anonymous_19)
FN:196,(anonymous_20)
FN:210,(anonymous_21)
FN:222,(anonymous_22)
FN:237,(anonymous_23)
FN:254,(anonymous_24)
FN:271,(anonymous_25)
FN:286,(anonymous_26)
FN:302,(anonymous_27)
FN:319,(anonymous_28)
FN:341,(anonymous_29)
FN:349,(anonymous_30)
FN:372,(anonymous_31)
FN:389,(anonymous_32)
FN:401,(anonymous_33)
FN:412,(anonymous_34)
FN:429,(anonymous_35)
FN:449,(anonymous_36)
FN:476,(anonymous_37)
FN:507,(anonymous_38)
FN:527,(anonymous_39)
FN:553,(anonymous_40)
FN:561,(anonymous_41)
FN:567,(anonymous_42)
FN:578,(anonymous_43)
FN:584,(anonymous_44)
FN:597,(anonymous_45)
FN:626,(anonymous_46)
FN:632,(anonymous_47)
FN:646,(anonymous_48)
FN:675,(anonymous_49)
FN:679,(anonymous_50)
FN:716,(anonymous_51)
FN:730,(anonymous_52)
FN:746,(anonymous_53)
FN:754,(anonymous_54)
FN:761,(anonymous_55)
FN:774,(anonymous_56)
FN:779,(anonymous_57)
FN:787,(anonymous_58)
FN:806,(anonymous_59)
FN:813,(anonymous_60)
FN:815,(anonymous_61)
FN:860,(anonymous_62)
FN:867,(anonymous_63)
FN:867,(anonymous_64)
FN:870,(anonymous_65)
FN:885,(anonymous_66)
FN:892,(anonymous_67)
FN:894,(anonymous_68)
FN:932,handleQueueShow
FN:938,(anonymous_70)
FN:990,(anonymous_71)
FN:1026,handleStreamList
FN:1074,(anonymous_73)
FN:1109,(anonymous_74)
FNF:65
FNH:0
FNDA:0,getTimestamp
FNDA:0,formatUptime
FNDA:0,handleResponse
FNDA:0,(anonymous_13)
FNDA:0,(anonymous_14)
FNDA:0,(anonymous_15)
FNDA:0,(anonymous_16)
FNDA:0,(anonymous_17)
FNDA:0,(anonymous_18)
FNDA:0,(anonymous_19)
FNDA:0,(anonymous_20)
FNDA:0,(anonymous_21)
FNDA:0,(anonymous_22)
FNDA:0,(anonymous_23)
FNDA:0,(anonymous_24)
FNDA:0,(anonymous_25)
FNDA:0,(anonymous_26)
FNDA:0,(anonymous_27)
FNDA:0,(anonymous_28)
FNDA:0,(anonymous_29)
FNDA:0,(anonymous_30)
FNDA:0,(anonymous_31)
FNDA:0,(anonymous_32)
FNDA:0,(anonymous_33)
FNDA:0,(anonymous_34)
FNDA:0,(anonymous_35)
FNDA:0,(anonymous_36)
FNDA:0,(anonymous_37)
FNDA:0,(anonymous_38)
FNDA:0,(anonymous_39)
FNDA:0,(anonymous_40)
FNDA:0,(anonymous_41)
FNDA:0,(anonymous_42)
FNDA:0,(anonymous_43)
FNDA:0,(anonymous_44)
FNDA:0,(anonymous_45)
FNDA:0,(anonymous_46)
FNDA:0,(anonymous_47)
FNDA:0,(anonymous_48)
FNDA:0,(anonymous_49)
FNDA:0,(anonymous_50)
FNDA:0,(anonymous_51)
FNDA:0,(anonymous_52)
FNDA:0,(anonymous_53)
FNDA:0,(anonymous_54)
FNDA:0,(anonymous_55)
FNDA:0,(anonymous_56)
FNDA:0,(anonymous_57)
FNDA:0,(anonymous_58)
FNDA:0,(anonymous_59)
FNDA:0,(anonymous_60)
FNDA:0,(anonymous_61)
FNDA:0,(anonymous_62)
FNDA:0,(anonymous_63)
FNDA:0,(anonymous_64)
FNDA:0,(anonymous_65)
FNDA:0,(anonymous_66)
FNDA:0,(anonymous_67)
FNDA:0,(anonymous_68)
FNDA:0,handleQueueShow
FNDA:0,(anonymous_70)
FNDA:0,(anonymous_71)
FNDA:0,handleStreamList
FNDA:0,(anonymous_73)
FNDA:0,(anonymous_74)
DA:2,0
DA:3,0
DA:4,0
DA:6,0
DA:8,0
DA:11,0
DA:12,0
DA:16,0
DA:17,0
DA:18,0
DA:20,0
DA:21,0
DA:22,0
DA:24,0
DA:25,0
DA:26,0
DA:27,0
DA:29,0
DA:34,0
DA:35,0
DA:36,0
DA:38,0
DA:39,0
DA:42,0
DA:49,0
DA:50,0
DA:51,0
DA:52,0
DA:53,0
DA:56,0
DA:61,0
DA:69,0
DA:70,0
DA:73,0
DA:74,0
DA:76,0
DA:77,0
DA:78,0
DA:79,0
DA:80,0
DA:81,0
DA:82,0
DA:91,0
DA:97,0
DA:98,0
DA:101,0
DA:106,0
DA:107,0
DA:109,0
DA:113,0
DA:118,0
DA:119,0
DA:120,0
DA:123,0
DA:124,0
DA:126,0
DA:130,0
DA:135,0
DA:136,0
DA:137,0
DA:139,0
DA:142,0
DA:147,0
DA:148,0
DA:150,0
DA:155,0
DA:160,0
DA:161,0
DA:162,0
DA:164,0
DA:167,0
DA:169,0
DA:172,0
DA:173,0
DA:175,0
DA:180,0
DA:185,0
DA:186,0
DA:187,0
DA:188,0
DA:190,0
DA:191,0
DA:192,0
DA:195,0
DA:196,0
DA:197,0
DA:198,0
DA:199,0
DA:202,0
DA:206,0
DA:211,0
DA:212,0
DA:213,0
DA:214,0
DA:216,0
DA:217,0
DA:218,0
DA:221,0
DA:222,0
DA:223,0
DA:224,0
DA:225,0
DA:228,0
DA:233,0
DA:238,0
DA:239,0
DA:240,0
DA:243,0
DA:244,0
DA:246,0
DA:250,0
DA:255,0
DA:256,0
DA:257,0
DA:260,0
DA:261,0
DA:263,0
DA:267,0
DA:272,0
DA:273,0
DA:274,0
DA:275,0
DA:276,0
DA:277,0
DA:279,0
DA:283,0
DA:287,0
DA:288,0
DA:289,0
DA:290,0
DA:291,0
DA:292,0
DA:294,0
DA:298,0
DA:303,0
DA:304,0
DA:305,0
DA:308,0
DA:309,0
DA:311,0
DA:315,0
DA:320,0
DA:321,0
DA:322,0
DA:325,0
DA:326,0
DA:327,0
DA:329,0
DA:332,0
DA:337,0
DA:341,0
DA:343,0
DA:350,0
DA:351,0
DA:352,0
DA:361,0
DA:362,0
DA:364,0
DA:368,0
DA:373,0
DA:374,0
DA:375,0
DA:378,0
DA:379,0
DA:381,0
DA:386,0
DA:390,0
DA:391,0
DA:392,0
DA:393,0
DA:395,0
DA:396,0
DA:397,0
DA:400,0
DA:401,0
DA:402,0
DA:405,0
DA:409,0
DA:413,0
DA:414,0
DA:415,0
DA:418,0
DA:419,0
DA:421,0
DA:425,0
DA:430,0
DA:431,0
DA:432,0
DA:437,0
DA:438,0
DA:440,0
DA:445,0
DA:450,0
DA:451,0
DA:452,0
DA:453,0
DA:454,0
DA:457,0
DA:458,0
DA:463,0
DA:464,0
DA:466,0
DA:470,0
DA:477,0
DA:478,0
DA:479,0
DA:480,0
DA:483,0
DA:484,0
DA:486,0
DA:490,0
DA:496,0
DA:497,0
DA:499,0
DA:503,0
DA:508,0
DA:509,0
DA:510,0
DA:515,0
DA:516,0
DA:518,0
DA:522,0
DA:528,0
DA:529,0
DA:530,0
DA:531,0
DA:532,0
DA:535,0
DA:536,0
DA:541,0
DA:542,0
DA:544,0
DA:549,0
DA:554,0
DA:556,0
DA:559,0
DA:560,0
DA:561,0
DA:562,0
DA:567,0
DA:568,0
DA:570,0
DA:571,0
DA:575,0
DA:579,0
DA:580,0
DA:583,0
DA:584,0
DA:586,0
DA:587,0
DA:592,0
DA:594,0
DA:595,0
DA:597,0
DA:598,0
DA:600,0
DA:601,0
DA:602,0
DA:605,0
DA:606,0
DA:607,0
DA:608,0
DA:610,0
DA:613,0
DA:615,0
DA:618,0
DA:619,0
DA:623,0
DA:627,0
DA:628,0
DA:631,0
DA:632,0
DA:634,0
DA:635,0
DA:640,0
DA:642,0
DA:643,0
DA:644,0
DA:646,0
DA:647,0
DA:649,0
DA:650,0
DA:651,0
DA:654,0
DA:655,0
DA:656,0
DA:657,0
DA:659,0
DA:662,0
DA:664,0
DA:667,0
DA:668,0
DA:672,0
DA:676,0
DA:677,0
DA:678,0
DA:679,0
DA:681,0
DA:682,0
DA:686,0
DA:688,0
DA:689,0
DA:690,0
DA:691,0
DA:693,0
DA:696,0
DA:697,0
DA:698,0
DA:699,0
DA:700,0
DA:702,0
DA:706,0
DA:711,0
DA:713,0
DA:717,0
DA:718,0
DA:719,0
DA:720,0
DA:722,0
DA:723,0
DA:727,0
DA:731,0
DA:732,0
DA:733,0
DA:734,0
DA:736,0
DA:737,0
DA:742,0
DA:747,0
DA:749,0
DA:752,0
DA:753,0
DA:754,0
DA:755,0
DA:760,0
DA:761,0
DA:762,0
DA:763,0
DA:765,0
DA:766,0
DA:771,0
DA:775,0
DA:776,0
DA:777,0
DA:778,0
DA:779,0
DA:781,0
DA:782,0
DA:783,0
DA:786,0
DA:787,0
DA:788,0
DA:789,0
DA:790,0
DA:791,0
DA:792,0
DA:793,0
DA:796,0
DA:800,0
DA:807,0
DA:808,0
DA:809,0
DA:812,0
DA:813,0
DA:815,0
DA:816,0
DA:817,0
DA:818,0
DA:819,0
DA:820,0
DA:821,0
DA:825,0
DA:834,0
DA:835,0
DA:837,0
DA:842,0
DA:843,0
DA:844,0
DA:845,0
DA:849,0
DA:852,0
DA:854,0
DA:855,0
DA:858,0
DA:859,0
DA:860,0
DA:861,0
DA:866,0
DA:867,0
DA:868,0
DA:869,0
DA:871,0
DA:872,0
DA:874,0
DA:876,0
DA:879,0
DA:886,0
DA:887,0
DA:888,0
DA:891,0
DA:892,0
DA:894,0
DA:895,0
DA:897,0
DA:902,0
DA:906,0
DA:911,0
DA:920,0
DA:921,0
DA:923,0
DA:933,0
DA:934,0
DA:936,0
DA:937,0
DA:938,0
DA:940,0
DA:941,0
DA:942,0
DA:943,0
DA:944,0
DA:945,0
DA:946,0
DA:950,0
DA:951,0
DA:955,0
DA:956,0
DA:958,0
DA:962,0
DA:963,0
DA:964,0
DA:965,0
DA:966,0
DA:968,0
DA:971,0
DA:972,0
DA:973,0
DA:974,0
DA:978,0
DA:979,0
DA:982,0
DA:983,0
DA:984,0
DA:987,0
DA:988,0
DA:990,0
DA:992,0
DA:995,0
DA:998,0
DA:999,0
DA:1000,0
DA:1001,0
DA:1002,0
DA:1003,0
DA:1004,0
DA:1007,0
DA:1009,0
DA:1013,0
DA:1014,0
DA:1018,0
DA:1019,0
DA:1022,0
DA:1027,0
DA:1028,0
DA:1029,0
DA:1030,0
DA:1031,0
DA:1034,0
DA:1035,0
DA:1036,0
DA:1037,0
DA:1040,0
DA:1042,0
DA:1044,0
DA:1045,0
DA:1047,0
DA:1048,0
DA:1049,0
DA:1050,0
DA:1051,0
DA:1052,0
DA:1054,0
DA:1055,0
DA:1056,0
DA:1057,0
DA:1058,0
DA:1059,0
DA:1062,0
DA:1065,0
DA:1069,0
DA:1075,0
DA:1076,0
DA:1077,0
DA:1090,0
DA:1091,0
DA:1094,0
DA:1095,0
DA:1096,0
DA:1098,0
DA:1101,0
DA:1106,0
DA:1110,0
DA:1111,0
DA:1112,0
DA:1116,0
DA:1117,0
DA:1120,0
DA:1122,0
LF:507
LH:0
BRDA:16,0,0,0
BRDA:16,0,1,0
BRDA:24,1,0,0
BRDA:24,1,1,0
BRDA:26,2,0,0
BRDA:26,2,1,0
BRDA:34,3,0,0
BRDA:77,4,0,0
BRDA:80,5,0,0
BRDA:97,6,0,0
BRDA:136,7,0,0
BRDA:136,7,1,0
BRDA:145,8,0,0
BRDA:145,8,1,0
BRDA:161,9,0,0
BRDA:161,9,1,0
BRDA:167,10,0,0
BRDA:167,10,1,0
BRDA:190,11,0,0
BRDA:197,12,0,0
BRDA:197,12,1,0
BRDA:199,13,0,0
BRDA:216,14,0,0
BRDA:223,15,0,0
BRDA:223,15,1,0
BRDA:225,16,0,0
BRDA:309,17,0,0
BRDA:309,17,1,0
BRDA:326,18,0,0
BRDA:326,18,1,0
BRDA:395,19,0,0
BRDA:452,20,0,0
BRDA:478,21,0,0
BRDA:478,22,0,0
BRDA:478,22,1,0
BRDA:483,23,0,0
BRDA:483,23,1,0
BRDA:486,24,0,0
BRDA:486,24,1,0
BRDA:530,25,0,0
BRDA:530,26,0,0
BRDA:530,26,1,0
BRDA:530,26,2,0
BRDA:559,27,0,0
BRDA:594,28,0,0
BRDA:594,28,1,0
BRDA:606,29,0,0
BRDA:606,29,1,0
BRDA:607,30,0,0
BRDA:607,30,1,0
BRDA:618,31,0,0
BRDA:618,31,1,0
BRDA:642,32,0,0
BRDA:642,32,1,0
BRDA:655,33,0,0
BRDA:655,33,1,0
BRDA:656,34,0,0
BRDA:656,34,1,0
BRDA:667,35,0,0
BRDA:667,35,1,0
BRDA:688,36,0,0
BRDA:688,36,1,0
BRDA:697,37,0,0
BRDA:697,37,1,0
BRDA:697,38,0,0
BRDA:697,38,1,0
BRDA:699,39,0,0
BRDA:699,39,1,0
BRDA:699,40,0,0
BRDA:699,40,1,0
BRDA:699,40,2,0
BRDA:702,41,0,0
BRDA:702,41,1,0
BRDA:752,42,0,0
BRDA:781,43,0,0
BRDA:791,44,0,0
BRDA:792,45,0,0
BRDA:793,46,0,0
BRDA:793,46,1,0
BRDA:816,47,0,0
BRDA:819,48,0,0
BRDA:843,49,0,0
BRDA:852,50,0,0
BRDA:852,50,1,0
BRDA:852,51,0,0
BRDA:852,51,1,0
BRDA:852,51,2,0
BRDA:858,52,0,0
BRDA:874,53,0,0
BRDA:895,54,0,0
BRDA:895,55,0,0
BRDA:895,55,1,0
BRDA:895,56,0,0
BRDA:895,56,1,0
BRDA:940,57,0,0
BRDA:942,58,0,0
BRDA:942,58,1,0
BRDA:955,59,0,0
BRDA:955,59,1,0
BRDA:963,60,0,0
BRDA:964,61,0,0
BRDA:972,62,0,0
BRDA:972,63,0,0
BRDA:972,63,1,0
BRDA:979,64,0,0
BRDA:979,64,1,0
BRDA:982,65,0,0
BRDA:983,66,0,0
BRDA:983,66,1,0
BRDA:992,67,0,0
BRDA:992,67,1,0
BRDA:993,68,0,0
BRDA:993,68,1,0
BRDA:995,69,0,0
BRDA:995,69,1,0
BRDA:998,70,0,0
BRDA:998,70,1,0
BRDA:999,71,0,0
BRDA:999,71,1,0
BRDA:1001,72,0,0
BRDA:1002,73,0,0
BRDA:1003,74,0,0
BRDA:1004,75,0,0
BRDA:1004,75,1,0
BRDA:1005,76,0,0
BRDA:1005,76,1,0
BRDA:1013,77,0,0
BRDA:1013,78,0,0
BRDA:1013,78,1,0
BRDA:1013,79,0,0
BRDA:1013,79,1,0
BRDA:1018,80,0,0
BRDA:1022,81,0,0
BRDA:1022,81,1,0
BRDA:1030,82,0,0
BRDA:1035,83,0,0
BRDA:1035,84,0,0
BRDA:1035,84,1,0
BRDA:1045,85,0,0
BRDA:1045,85,1,0
BRDA:1047,86,0,0
BRDA:1047,86,1,0
BRDA:1048,87,0,0
BRDA:1048,87,1,0
BRDA:1048,87,2,0
BRDA:1048,88,0,0
BRDA:1048,88,1,0
BRDA:1048,89,0,0
BRDA:1048,89,1,0
BRDA:1054,90,0,0
BRDA:1055,91,0,0
BRDA:1056,92,0,0
BRDA:1057,93,0,0
BRDA:1065,94,0,0
BRDA:1065,94,1,0
BRDA:1090,95,0,0
BRDA:1095,96,0,0
BRDA:1095,96,1,0
BRDA:1098,97,0,0
BRDA:1098,97,1,0
BRDA:1101,98,0,0
BRDA:1101,98,1,0
BRDA:1116,99,0,0
BRDA:1122,100,0,0
BRDA:1122,100,1,0
BRF:165
BRH:0
end_of_record
TN:
SF:src/lib/api.ts
FN:3,(anonymous_0)
FN:8,(anonymous_1)
FN:18,(anonymous_2)
FN:72,(anonymous_3)
FN:76,(anonymous_4)
FN:84,(anonymous_5)
FN:90,(anonymous_6)
FN:99,(anonymous_7)
FN:103,(anonymous_8)
FN:111,(anonymous_9)
FN:117,(anonymous_10)
FN:126,(anonymous_11)
FN:134,(anonymous_12)
FN:142,(anonymous_13)
FN:150,(anonymous_14)
FN:156,(anonymous_15)
FN:165,(anonymous_16)
FN:169,(anonymous_17)
FN:177,(anonymous_18)
FN:181,(anonymous_19)
FN:190,(anonymous_20)
FN:194,(anonymous_21)
FN:202,(anonymous_22)
FN:209,(anonymous_23)
FN:216,(anonymous_24)
FN:226,(anonymous_25)
FN:231,(anonymous_26)
FN:238,(anonymous_27)
FN:242,(anonymous_28)
FNF:29
FNH:0
FNDA:0,(anonymous_0)
FNDA:0,(anonymous_1)
FNDA:0,(anonymous_2)
FNDA:0,(anonymous_3)
FNDA:0,(anonymous_4)
FNDA:0,(anonymous_5)
FNDA:0,(anonymous_6)
FNDA:0,(anonymous_7)
FNDA:0,(anonymous_8)
FNDA:0,(anonymous_9)
FNDA:0,(anonymous_10)
FNDA:0,(anonymous_11)
FNDA:0,(anonymous_12)
FNDA:0,(anonymous_13)
FNDA:0,(anonymous_14)
FNDA:0,(anonymous_15)
FNDA:0,(anonymous_16)
FNDA:0,(anonymous_17)
FNDA:0,(anonymous_18)
FNDA:0,(anonymous_19)
FNDA:0,(anonymous_20)
FNDA:0,(anonymous_21)
FNDA:0,(anonymous_22)
FNDA:0,(anonymous_23)
FNDA:0,(anonymous_24)
FNDA:0,(anonymous_25)
FNDA:0,(anonymous_26)
FNDA:0,(anonymous_27)
FNDA:0,(anonymous_28)
DA:4,0
DA:5,0
DA:9,0
DA:10,0
DA:12,0
DA:13,0
DA:23,0
DA:25,0
DA:29,0
DA:30,0
DA:32,0
DA:33,0
DA:36,0
DA:37,0
DA:42,0
DA:45,0
DA:48,0
DA:49,0
DA:50,0
DA:52,0
DA:54,0
DA:55,0
DA:58,0
DA:61,0
DA:64,0
DA:66,0
DA:67,0
DA:73,0
DA:77,0
DA:85,0
DA:91,0
DA:100,0
DA:104,0
DA:112,0
DA:118,0
DA:127,0
DA:135,0
DA:143,0
DA:151,0
DA:157,0
DA:166,0
DA:170,0
DA:178,0
DA:182,0
DA:191,0
DA:195,0
DA:203,0
DA:210,0
DA:217,0
DA:218,0
DA:219,0
DA:221,0
DA:222,0
DA:227,0
DA:232,0
DA:239,0
DA:243,0
DA:244,0
DA:245,0
DA:247,0
DA:251,0
LF:61
LH:0
BRDA:21,0,0,0
BRDA:29,1,0,0
BRDA:29,1,1,0
BRDA:29,2,0,0
BRDA:29,2,1,0
BRDA:29,3,0,0
BRDA:29,3,1,0
BRDA:29,4,0,0
BRDA:29,4,1,0
BRDA:29,5,0,0
BRDA:29,5,1,0
BRDA:29,6,0,0
BRDA:29,6,1,0
BRDA:30,7,0,0
BRDA:30,8,0,0
BRDA:30,8,1,0
BRDA:32,9,0,0
BRDA:36,10,0,0
BRDA:48,11,0,0
BRDA:55,12,0,0
BRDA:55,12,1,0
BRDA:55,12,2,0
BRDA:58,13,0,0
BRDA:58,13,1,0
BRDA:216,14,0,0
BRDA:218,15,0,0
BRDA:219,16,0,0
BRDA:221,17,0,0
BRDA:221,17,1,0
BRDA:244,18,0,0
BRF:30
BRH:0
end_of_record
TN:
SF:src/lib/i18n/helpers.ts
FN:4,useTranslation
FN:8,(anonymous_1)
FN:9,(anonymous_2)
FN:13,getLocaleFromPath
FNF:4
FNH:0
FNDA:0,useTranslation
FNDA:0,(anonymous_1)
FNDA:0,(anonymous_2)
FNDA:0,getLocaleFromPath
DA:1,0
DA:2,0
DA:4,0
DA:5,0
DA:8,0
DA:9,0
DA:13,0
DA:14,0
DA:15,0
LF:9
LH:0
BRDA:15,0,0,0
BRDA:15,0,1,0
BRDA:15,1,0,0
BRDA:15,1,1,0
BRF:4
BRH:0
end_of_record
TN:
SF:src/lib/i18n/index.ts
FN:51,(anonymous_0)
FNF:1
FNH:0
FNDA:0,(anonymous_0)
DA:1,0
DA:5,0
DA:49,0
DA:51,0
LF:4
LH:0
BRF:0
BRH:0
end_of_record
TN:
SF:src/lib/stores/auth.ts
FNF:0
FNH:0
DA:1,0
DA:9,0
LF:2
LH:0
BRF:0
BRH:0
end_of_record
TN:
SF:src/lib/stores/index.ts
FN:33,initializeStores
FN:49,(anonymous_1)
FN:81,(anonymous_2)
FN:86,(anonymous_3)
FN:87,(anonymous_4)
FN:98,(anonymous_5)
FN:105,(anonymous_6)
FNF:7
FNH:0
FNDA:0,initializeStores
FNDA:0,(anonymous_1)
FNDA:0,(anonymous_2)
FNDA:0,(anonymous_3)
FNDA:0,(anonymous_4)
FNDA:0,(anonymous_5)
FNDA:0,(anonymous_6)
DA:1,0
DA:5,0
DA:8,0
DA:11,0
DA:23,0
DA:33,0
DA:34,0
DA:36,0
DA:37,0
DA:38,0
DA:41,0
DA:42,0
DA:43,0
DA:46,0
DA:47,0
DA:48,0
DA:49,0
DA:50,0
DA:61,0
DA:64,0
DA:65,0
DA:66,0
DA:67,0
DA:68,0
DA:70,0
DA:73,0
DA:78,0
DA:79,0
DA:81,0
DA:82,0
DA:84,0
DA:86,0
DA:87,0
DA:88,0
DA:89,0
DA:91,0
DA:93,0
DA:95,0
DA:98,0
DA:99,0
DA:100,0
DA:102,0
DA:105,0
DA:106,0
DA:116,0
DA:118,0
LF:46
LH:0
BRDA:78,0,0,0
BRDA:84,1,0,0
BRDA:84,1,1,0
BRDA:84,1,2,0
BRDA:88,2,0,0
BRDA:88,2,1,0
BRF:6
BRH:0
end_of_record
TN:
SF:src/server/api.ts
FN:48,(anonymous_1)
FN:55,isPortInUse
FN:56,(anonymous_3)
FN:58,(anonymous_4)
FN:63,(anonymous_5)
FN:71,killProcessOnPort
FN:72,(anonymous_7)
FN:73,(anonymous_8)
FN:84,startServer
FN:91,(anonymous_10)
FN:94,(anonymous_11)
FN:97,(anonymous_12)
FN:103,(anonymous_13)
FN:106,(anonymous_14)
FN:119,(anonymous_15)
FNF:15
FNH:0
FNDA:0,(anonymous_1)
FNDA:0,isPortInUse
FNDA:0,(anonymous_3)
FNDA:0,(anonymous_4)
FNDA:0,(anonymous_5)
FNDA:0,killProcessOnPort
FNDA:0,(anonymous_7)
FNDA:0,(anonymous_8)
FNDA:0,startServer
FNDA:0,(anonymous_10)
FNDA:0,(anonymous_11)
FNDA:0,(anonymous_12)
FNDA:0,(anonymous_13)
FNDA:0,(anonymous_14)
FNDA:0,(anonymous_15)
DA:1,0
DA:2,0
DA:3,0
DA:4,0
DA:5,0
DA:6,0
DA:7,0
DA:8,0
DA:9,0
DA:10,0
DA:11,0
DA:12,0
DA:14,0
DA:15,0
DA:16,0
DA:19,0
DA:20,0
DA:21,0
DA:24,0
DA:25,0
DA:26,0
DA:27,0
DA:29,0
DA:33,0
DA:34,0
DA:35,0
DA:38,0
DA:39,0
DA:42,0
DA:43,0
DA:44,0
DA:45,0
DA:48,0
DA:49,0
DA:52,0
DA:56,0
DA:57,0
DA:59,0
DA:60,0
DA:64,0
DA:65,0
DA:72,0
DA:73,0
DA:74,0
DA:75,0
DA:77,0
DA:85,0
DA:86,0
DA:87,0
DA:88,0
DA:89,0
DA:91,0
DA:94,0
DA:95,0
DA:96,0
DA:97,0
DA:98,0
DA:103,0
DA:104,0
DA:105,0
DA:106,0
DA:107,0
DA:108,0
DA:112,0
DA:114,0
DA:115,0
DA:116,0
DA:119,0
DA:125,0
DA:126,0
DA:128,0
DA:129,0
DA:132,0
LF:73
LH:0
BRDA:52,0,0,0
BRDA:52,0,1,0
BRDA:59,1,0,0
BRDA:74,2,0,0
BRDA:74,2,1,0
BRDA:74,3,0,0
BRDA:74,3,1,0
BRDA:84,4,0,0
BRDA:87,5,0,0
BRDA:115,6,0,0
BRF:10
BRH:0
end_of_record
TN:
SF:src/server/config.ts
FNF:0
FNH:0
DA:51,0
LF:1
LH:0
BRDA:130,0,0,0
BRDA:130,0,1,0
BRDA:133,1,0,0
BRDA:133,1,1,0
BRDA:134,2,0,0
BRDA:134,2,1,0
BRF:6
BRH:0
end_of_record
TN:
SF:src/server/index.ts
FN:27,shutdown
FN:36,(anonymous_1)
FN:46,(anonymous_2)
FN:72,(anonymous_3)
FN:73,(anonymous_4)
FN:87,(anonymous_5)
FN:88,(anonymous_6)
FN:104,(anonymous_7)
FN:114,(anonymous_8)
FN:115,(anonymous_9)
FN:122,(anonymous_10)
FN:128,(anonymous_11)
FNF:12
FNH:0
FNDA:0,shutdown
FNDA:0,(anonymous_1)
FNDA:0,(anonymous_2)
FNDA:0,(anonymous_3)
FNDA:0,(anonymous_4)
FNDA:0,(anonymous_5)
FNDA:0,(anonymous_6)
FNDA:0,(anonymous_7)
FNDA:0,(anonymous_8)
FNDA:0,(anonymous_9)
FNDA:0,(anonymous_10)
FNDA:0,(anonymous_11)
DA:1,0
DA:2,0
DA:4,0
DA:7,0
DA:9,0
DA:13,0
DA:14,0
DA:15,0
DA:17,0
DA:18,0
DA:19,0
DA:22,0
DA:23,0
DA:24,0
DA:28,0
DA:29,0
DA:31,0
DA:33,0
DA:35,0
DA:36,0
DA:37,0
DA:38,0
DA:39,0
DA:40,0
DA:41,0
DA:43,0
DA:46,0
DA:47,0
DA:49,0
DA:51,0
DA:57,0
DA:58,0
DA:68,0
DA:71,0
DA:72,0
DA:73,0
DA:74,0
DA:75,0
DA:77,0
DA:82,0
DA:86,0
DA:87,0
DA:88,0
DA:89,0
DA:90,0
DA:92,0
DA:97,0
DA:101,0
DA:104,0
DA:106,0
DA:108,0
DA:109,0
DA:114,0
DA:115,0
DA:116,0
DA:117,0
DA:122,0
DA:123,0
DA:124,0
DA:128,0
DA:129,0
DA:130,0
LF:62
LH:0
BRDA:17,0,0,0
BRDA:22,1,0,0
BRDA:22,2,0,0
BRDA:22,2,1,0
BRDA:28,3,0,0
BRDA:38,4,0,0
BRDA:40,5,0,0
BRDA:74,6,0,0
BRDA:74,6,1,0
BRDA:74,7,0,0
BRDA:74,7,1,0
BRDA:89,8,0,0
BRDA:89,8,1,0
BRDA:89,9,0,0
BRDA:89,9,1,0
BRF:15
BRH:0
end_of_record
TN:
SF:src/server/router.ts
FN:10,(anonymous_1)
FN:17,(anonymous_2)
FN:24,(anonymous_3)
FNF:3
FNH:0
FNDA:0,(anonymous_1)
FNDA:0,(anonymous_2)
FNDA:0,(anonymous_3)
DA:1,0
DA:2,0
DA:3,0
DA:4,0
DA:6,0
DA:7,0
DA:10,0
DA:11,0
DA:17,0
DA:18,0
DA:24,0
DA:25,0
DA:28,0
LF:13
LH:0
BRF:0
BRH:0
end_of_record
TN:
SF:src/server/stream_manager.ts
FN:70,(anonymous_1)
FN:97,(anonymous_2)
FN:127,(anonymous_3)
FN:128,(anonymous_4)
FN:143,(anonymous_5)
FN:149,(anonymous_6)
FN:163,(anonymous_7)
FN:169,(anonymous_8)
FN:176,(anonymous_9)
FN:188,(anonymous_10)
FN:192,(anonymous_11)
FN:204,(anonymous_12)
FN:218,(anonymous_13)
FN:238,(anonymous_14)
FN:265,(anonymous_15)
FN:333,(anonymous_16)
FN:341,(anonymous_17)
FN:352,(anonymous_18)
FN:375,(anonymous_19)
FN:383,(anonymous_20)
FN:392,(anonymous_21)
FN:413,(anonymous_22)
FN:424,(anonymous_23)
FN:496,(anonymous_24)
FN:499,(anonymous_25)
FN:528,(anonymous_26)
FN:545,(anonymous_27)
FN:559,(anonymous_28)
FN:580,(anonymous_29)
FN:598,(anonymous_30)
FN:631,(anonymous_31)
FN:671,(anonymous_32)
FN:701,(anonymous_33)
FN:705,(anonymous_34)
FN:709,(anonymous_35)
FN:716,(anonymous_36)
FN:723,(anonymous_37)
FN:746,(anonymous_38)
FN:747,(anonymous_39)
FN:753,(anonymous_40)
FN:777,(anonymous_41)
FN:796,(anonymous_42)
FN:802,(anonymous_43)
FN:813,(anonymous_44)
FN:820,(anonymous_45)
FN:841,(anonymous_46)
FN:842,(anonymous_47)
FN:858,(anonymous_48)
FN:869,(anonymous_49)
FN:876,(anonymous_50)
FN:883,(anonymous_51)
FN:890,(anonymous_52)
FN:894,(anonymous_53)
FN:902,(anonymous_54)
FN:903,(anonymous_55)
FN:916,(anonymous_56)
FN:935,(anonymous_57)
FN:936,(anonymous_58)
FN:954,(anonymous_59)
FN:980,(anonymous_60)
FN:993,(anonymous_61)
FN:994,(anonymous_62)
FN:1015,(anonymous_63)
FN:1022,(anonymous_64)
FN:1037,(anonymous_65)
FN:1052,(anonymous_66)
FN:1056,(anonymous_67)
FN:1074,(anonymous_68)
FN:1079,(anonymous_69)
FN:1083,(anonymous_70)
FN:1088,(anonymous_71)
FN:1099,(anonymous_72)
FN:1100,(anonymous_73)
FN:1150,(anonymous_74)
FN:1154,(anonymous_75)
FN:1158,(anonymous_76)
FN:1165,(anonymous_77)
FN:1174,(anonymous_78)
FN:1185,(anonymous_79)
FN:1199,(anonymous_80)
FN:1203,(anonymous_81)
FN:1217,(anonymous_82)
FN:1218,(anonymous_83)
FN:1221,(anonymous_84)
FN:1232,(anonymous_85)
FN:1242,(anonymous_86)
FN:1252,(anonymous_87)
FN:1268,(anonymous_88)
FN:1274,(anonymous_89)
FN:1292,(anonymous_90)
FN:1296,(anonymous_91)
FN:1307,(anonymous_92)
FN:1317,(anonymous_93)
FN:1318,(anonymous_94)
FN:1330,(anonymous_95)
FN:1332,(anonymous_96)
FN:1338,(anonymous_97)
FN:1362,(anonymous_98)
FN:1370,(anonymous_99)
FN:1378,(anonymous_100)
FN:1383,(anonymous_101)
FN:1392,(anonymous_102)
FN:1393,(anonymous_103)
FN:1405,(anonymous_104)
FN:1448,(anonymous_105)
FN:1455,(anonymous_106)
FN:1458,(anonymous_107)
FN:1494,(anonymous_108)
FN:1501,(anonymous_109)
FN:1509,(anonymous_110)
FN:1515,(anonymous_111)
FN:1521,(anonymous_112)
FN:1524,(anonymous_113)
FN:1553,(anonymous_114)
FN:1578,(anonymous_115)
FN:1581,(anonymous_116)
FN:1582,(anonymous_117)
FN:1589,(anonymous_118)
FN:1592,(anonymous_119)
FN:1602,(anonymous_120)
FN:1615,(anonymous_121)
FN:1639,(anonymous_122)
FN:1646,(anonymous_123)
FN:1649,(anonymous_124)
FN:1653,(anonymous_125)
FN:1714,(anonymous_126)
FN:1733,(anonymous_127)
FN:1751,(anonymous_128)
FN:1758,(anonymous_129)
FNF:129
FNH:0
FNDA:0,(anonymous_1)
FNDA:0,(anonymous_2)
FNDA:0,(anonymous_3)
FNDA:0,(anonymous_4)
FNDA:0,(anonymous_5)
FNDA:0,(anonymous_6)
FNDA:0,(anonymous_7)
FNDA:0,(anonymous_8)
FNDA:0,(anonymous_9)
FNDA:0,(anonymous_10)
FNDA:0,(anonymous_11)
FNDA:0,(anonymous_12)
FNDA:0,(anonymous_13)
FNDA:0,(anonymous_14)
FNDA:0,(anonymous_15)
FNDA:0,(anonymous_16)
FNDA:0,(anonymous_17)
FNDA:0,(anonymous_18)
FNDA:0,(anonymous_19)
FNDA:0,(anonymous_20)
FNDA:0,(anonymous_21)
FNDA:0,(anonymous_22)
FNDA:0,(anonymous_23)
FNDA:0,(anonymous_24)
FNDA:0,(anonymous_25)
FNDA:0,(anonymous_26)
FNDA:0,(anonymous_27)
FNDA:0,(anonymous_28)
FNDA:0,(anonymous_29)
FNDA:0,(anonymous_30)
FNDA:0,(anonymous_31)
FNDA:0,(anonymous_32)
FNDA:0,(anonymous_33)
FNDA:0,(anonymous_34)
FNDA:0,(anonymous_35)
FNDA:0,(anonymous_36)
FNDA:0,(anonymous_37)
FNDA:0,(anonymous_38)
FNDA:0,(anonymous_39)
FNDA:0,(anonymous_40)
FNDA:0,(anonymous_41)
FNDA:0,(anonymous_42)
FNDA:0,(anonymous_43)
FNDA:0,(anonymous_44)
FNDA:0,(anonymous_45)
FNDA:0,(anonymous_46)
FNDA:0,(anonymous_47)
FNDA:0,(anonymous_48)
FNDA:0,(anonymous_49)
FNDA:0,(anonymous_50)
FNDA:0,(anonymous_51)
FNDA:0,(anonymous_52)
FNDA:0,(anonymous_53)
FNDA:0,(anonymous_54)
FNDA:0,(anonymous_55)
FNDA:0,(anonymous_56)
FNDA:0,(anonymous_57)
FNDA:0,(anonymous_58)
FNDA:0,(anonymous_59)
FNDA:0,(anonymous_60)
FNDA:0,(anonymous_61)
FNDA:0,(anonymous_62)
FNDA:0,(anonymous_63)
FNDA:0,(anonymous_64)
FNDA:0,(anonymous_65)
FNDA:0,(anonymous_66)
FNDA:0,(anonymous_67)
FNDA:0,(anonymous_68)
FNDA:0,(anonymous_69)
FNDA:0,(anonymous_70)
FNDA:0,(anonymous_71)
FNDA:0,(anonymous_72)
FNDA:0,(anonymous_73)
FNDA:0,(anonymous_74)
FNDA:0,(anonymous_75)
FNDA:0,(anonymous_76)
FNDA:0,(anonymous_77)
FNDA:0,(anonymous_78)
FNDA:0,(anonymous_79)
FNDA:0,(anonymous_80)
FNDA:0,(anonymous_81)
FNDA:0,(anonymous_82)
FNDA:0,(anonymous_83)
FNDA:0,(anonymous_84)
FNDA:0,(anonymous_85)
FNDA:0,(anonymous_86)
FNDA:0,(anonymous_87)
FNDA:0,(anonymous_88)
FNDA:0,(anonymous_89)
FNDA:0,(anonymous_90)
FNDA:0,(anonymous_91)
FNDA:0,(anonymous_92)
FNDA:0,(anonymous_93)
FNDA:0,(anonymous_94)
FNDA:0,(anonymous_95)
FNDA:0,(anonymous_96)
FNDA:0,(anonymous_97)
FNDA:0,(anonymous_98)
FNDA:0,(anonymous_99)
FNDA:0,(anonymous_100)
FNDA:0,(anonymous_101)
FNDA:0,(anonymous_102)
FNDA:0,(anonymous_103)
FNDA:0,(anonymous_104)
FNDA:0,(anonymous_105)
FNDA:0,(anonymous_106)
FNDA:0,(anonymous_107)
FNDA:0,(anonymous_108)
FNDA:0,(anonymous_109)
FNDA:0,(anonymous_110)
FNDA:0,(anonymous_111)
FNDA:0,(anonymous_112)
FNDA:0,(anonymous_113)
FNDA:0,(anonymous_114)
FNDA:0,(anonymous_115)
FNDA:0,(anonymous_116)
FNDA:0,(anonymous_117)
FNDA:0,(anonymous_118)
FNDA:0,(anonymous_119)
FNDA:0,(anonymous_120)
FNDA:0,(anonymous_121)
FNDA:0,(anonymous_122)
FNDA:0,(anonymous_123)
FNDA:0,(anonymous_124)
FNDA:0,(anonymous_125)
FNDA:0,(anonymous_126)
FNDA:0,(anonymous_127)
FNDA:0,(anonymous_128)
FNDA:0,(anonymous_129)
DA:16,0
DA:17,0
DA:18,0
DA:19,0
DA:20,0
DA:21,0
DA:23,0
DA:24,0
DA:25,0
DA:26,0
DA:27,0
DA:28,0
DA:29,0
DA:34,0
DA:35,0
DA:42,0
DA:43,0
DA:44,0
DA:45,0
DA:46,0
DA:51,0
DA:52,0
DA:54,0
DA:55,0
DA:56,0
DA:57,0
DA:58,0
DA:59,0
DA:60,0
DA:61,0
DA:62,0
DA:63,0
DA:64,0
DA:65,0
DA:77,0
DA:78,0
DA:79,0
DA:80,0
DA:81,0
DA:82,0
DA:83,0
DA:84,0
DA:89,0
DA:92,0
DA:94,0
DA:97,0
DA:99,0
DA:100,0
DA:104,0
DA:105,0
DA:106,0
DA:110,0
DA:112,0
DA:114,0
DA:115,0
DA:117,0
DA:121,0
DA:123,0
DA:125,0
DA:127,0
DA:128,0
DA:129,0
DA:140,0
DA:143,0
DA:144,0
DA:145,0
DA:146,0
DA:147,0
DA:148,0
DA:149,0
DA:150,0
DA:160,0
DA:163,0
DA:164,0
DA:165,0
DA:169,0
DA:170,0
DA:171,0
DA:176,0
DA:177,0
DA:178,0
DA:180,0
DA:188,0
DA:189,0
DA:190,0
DA:191,0
DA:192,0
DA:195,0
DA:205,0
DA:207,0
DA:208,0
DA:209,0
DA:213,0
DA:216,0
DA:217,0
DA:218,0
DA:219,0
DA:220,0
DA:224,0
DA:225,0
DA:226,0
DA:227,0
DA:228,0
DA:231,0
DA:234,0
DA:235,0
DA:238,0
DA:239,0
DA:240,0
DA:241,0
DA:242,0
DA:246,0
DA:249,0
DA:250,0
DA:251,0
DA:253,0
DA:254,0
DA:255,0
DA:259,0
DA:260,0
DA:264,0
DA:265,0
DA:266,0
DA:270,0
DA:271,0
DA:276,0
DA:277,0
DA:278,0
DA:284,0
DA:285,0
DA:286,0
DA:287,0
DA:292,0
DA:293,0
DA:296,0
DA:299,0
DA:312,0
DA:313,0
DA:315,0
DA:319,0
DA:321,0
DA:327,0
DA:329,0
DA:335,0
DA:336,0
DA:337,0
DA:341,0
DA:342,0
DA:343,0
DA:344,0
DA:348,0
DA:350,0
DA:352,0
DA:353,0
DA:354,0
DA:355,0
DA:356,0
DA:359,0
DA:360,0
DA:361,0
DA:364,0
DA:365,0
DA:366,0
DA:367,0
DA:368,0
DA:369,0
DA:371,0
DA:375,0
DA:376,0
DA:377,0
DA:378,0
DA:379,0
DA:383,0
DA:385,0
DA:386,0
DA:387,0
DA:391,0
DA:392,0
DA:395,0
DA:396,0
DA:397,0
DA:401,0
DA:402,0
DA:403,0
DA:406,0
DA:409,0
DA:411,0
DA:413,0
DA:415,0
DA:416,0
DA:417,0
DA:420,0
DA:424,0
DA:425,0
DA:426,0
DA:433,0
DA:435,0
DA:436,0
DA:438,0
DA:439,0
DA:440,0
DA:443,0
DA:444,0
DA:447,0
DA:448,0
DA:450,0
DA:456,0
DA:468,0
DA:471,0
DA:472,0
DA:473,0
DA:479,0
DA:481,0
DA:482,0
DA:483,0
DA:485,0
DA:489,0
DA:492,0
DA:493,0
DA:494,0
DA:496,0
DA:497,0
DA:498,0
DA:499,0
DA:500,0
DA:509,0
DA:510,0
DA:511,0
DA:515,0
DA:522,0
DA:523,0
DA:529,0
DA:532,0
DA:533,0
DA:536,0
DA:537,0
DA:538,0
DA:540,0
DA:542,0
DA:545,0
DA:547,0
DA:548,0
DA:551,0
DA:561,0
DA:562,0
DA:563,0
DA:564,0
DA:565,0
DA:566,0
DA:567,0
DA:572,0
DA:573,0
DA:580,0
DA:581,0
DA:582,0
DA:590,0
DA:592,0
DA:594,0
DA:598,0
DA:600,0
DA:601,0
DA:602,0
DA:604,0
DA:607,0
DA:611,0
DA:623,0
DA:625,0
DA:632,0
DA:633,0
DA:634,0
DA:636,0
DA:645,0
DA:649,0
DA:650,0
DA:651,0
DA:655,0
DA:656,0
DA:657,0
DA:660,0
DA:663,0
DA:671,0
DA:672,0
DA:673,0
DA:674,0
DA:675,0
DA:678,0
DA:680,0
DA:682,0
DA:685,0
DA:686,0
DA:687,0
DA:689,0
DA:694,0
DA:702,0
DA:706,0
DA:710,0
DA:717,0
DA:725,0
DA:726,0
DA:727,0
DA:728,0
DA:731,0
DA:732,0
DA:733,0
DA:734,0
DA:736,0
DA:737,0
DA:738,0
DA:739,0
DA:740,0
DA:744,0
DA:746,0
DA:747,0
DA:750,0
DA:753,0
DA:756,0
DA:757,0
DA:758,0
DA:760,0
DA:761,0
DA:762,0
DA:763,0
DA:768,0
DA:776,0
DA:777,0
DA:778,0
DA:780,0
DA:781,0
DA:787,0
DA:788,0
DA:789,0
DA:795,0
DA:796,0
DA:797,0
DA:799,0
DA:800,0
DA:802,0
DA:804,0
DA:805,0
DA:806,0
DA:812,0
DA:813,0
DA:814,0
DA:820,0
DA:828,0
DA:830,0
DA:835,0
DA:840,0
DA:841,0
DA:842,0
DA:845,0
DA:846,0
DA:848,0
DA:850,0
DA:856,0
DA:857,0
DA:858,0
DA:859,0
DA:862,0
DA:870,0
DA:877,0
DA:884,0
DA:891,0
DA:895,0
DA:897,0
DA:899,0
DA:901,0
DA:902,0
DA:903,0
DA:905,0
DA:906,0
DA:909,0
DA:910,0
DA:913,0
DA:916,0
DA:918,0
DA:922,0
DA:923,0
DA:926,0
DA:929,0
DA:931,0
DA:936,0
DA:937,0
DA:938,0
DA:943,0
DA:946,0
DA:947,0
DA:948,0
DA:949,0
DA:952,0
DA:953,0
DA:954,0
DA:959,0
DA:960,0
DA:961,0
DA:962,0
DA:963,0
DA:965,0
DA:970,0
DA:971,0
DA:972,0
DA:976,0
DA:979,0
DA:980,0
DA:981,0
DA:983,0
DA:984,0
DA:986,0
DA:990,0
DA:994,0
DA:995,0
DA:996,0
DA:999,0
DA:1002,0
DA:1004,0
DA:1007,0
DA:1008,0
DA:1016,0
DA:1023,0
DA:1025,0
DA:1026,0
DA:1029,0
DA:1030,0
DA:1031,0
DA:1032,0
DA:1038,0
DA:1039,0
DA:1041,0
DA:1045,0
DA:1046,0
DA:1047,0
DA:1049,0
DA:1053,0
DA:1058,0
DA:1059,0
DA:1060,0
DA:1064,0
DA:1065,0
DA:1067,0
DA:1070,0
DA:1071,0
DA:1075,0
DA:1076,0
DA:1080,0
DA:1084,0
DA:1085,0
DA:1089,0
DA:1091,0
DA:1093,0
DA:1096,0
DA:1099,0
DA:1100,0
DA:1101,0
DA:1110,0
DA:1113,0
DA:1114,0
DA:1117,0
DA:1118,0
DA:1122,0
DA:1125,0
DA:1126,0
DA:1127,0
DA:1130,0
DA:1133,0
DA:1134,0
DA:1137,0
DA:1139,0
DA:1141,0
DA:1146,0
DA:1151,0
DA:1155,0
DA:1159,0
DA:1160,0
DA:1161,0
DA:1162,0
DA:1166,0
DA:1167,0
DA:1168,0
DA:1169,0
DA:1170,0
DA:1175,0
DA:1187,0
DA:1190,0
DA:1191,0
DA:1192,0
DA:1195,0
DA:1196,0
DA:1200,0
DA:1204,0
DA:1205,0
DA:1210,0
DA:1212,0
DA:1213,0
DA:1218,0
DA:1222,0
DA:1223,0
DA:1224,0
DA:1228,0
DA:1231,0
DA:1232,0
DA:1233,0
DA:1234,0
DA:1236,0
DA:1243,0
DA:1248,0
DA:1249,0
DA:1253,0
DA:1269,0
DA:1270,0
DA:1271,0
DA:1275,0
DA:1276,0
DA:1279,0
DA:1280,0
DA:1281,0
DA:1283,0
DA:1289,0
DA:1293,0
DA:1297,0
DA:1298,0
DA:1301,0
DA:1302,0
DA:1303,0
DA:1308,0
DA:1309,0
DA:1310,0
DA:1311,0
DA:1312,0
DA:1318,0
DA:1319,0
DA:1332,0
DA:1333,0
DA:1334,0
DA:1338,0
DA:1341,0
DA:1343,0
DA:1363,0
DA:1364,0
DA:1365,0
DA:1366,0
DA:1371,0
DA:1372,0
DA:1373,0
DA:1374,0
DA:1379,0
DA:1380,0
DA:1383,0
DA:1384,0
DA:1385,0
DA:1388,0
DA:1391,0
DA:1392,0
DA:1393,0
DA:1396,0
DA:1397,0
DA:1399,0
DA:1400,0
DA:1401,0
DA:1405,0
DA:1407,0
DA:1409,0
DA:1410,0
DA:1411,0
DA:1412,0
DA:1415,0
DA:1416,0
DA:1418,0
DA:1419,0
DA:1420,0
DA:1422,0
DA:1425,0
DA:1428,0
DA:1432,0
DA:1435,0
DA:1436,0
DA:1437,0
DA:1439,0
DA:1440,0
DA:1441,0
DA:1442,0
DA:1443,0
DA:1445,0
DA:1448,0
DA:1450,0
DA:1452,0
DA:1455,0
DA:1458,0
DA:1460,0
DA:1462,0
DA:1464,0
DA:1466,0
DA:1467,0
DA:1468,0
DA:1473,0
DA:1476,0
DA:1481,0
DA:1491,0
DA:1494,0
DA:1495,0
DA:1498,0
DA:1502,0
DA:1503,0
DA:1504,0
DA:1505,0
DA:1510,0
DA:1511,0
DA:1517,0
DA:1520,0
DA:1521,0
DA:1522,0
DA:1524,0
DA:1525,0
DA:1526,0
DA:1527,0
DA:1531,0
DA:1542,0
DA:1543,0
DA:1547,0
DA:1548,0
DA:1549,0
DA:1553,0
DA:1566,0
DA:1572,0
DA:1580,0
DA:1581,0
DA:1582,0
DA:1590,0
DA:1592,0
DA:1593,0
DA:1603,0
DA:1604,0
DA:1608,0
DA:1609,0
DA:1610,0
DA:1613,0
DA:1615,0
DA:1617,0
DA:1619,0
DA:1620,0
DA:1623,0
DA:1625,0
DA:1626,0
DA:1627,0
DA:1629,0
DA:1631,0
DA:1633,0
DA:1636,0
DA:1637,0
DA:1639,0
DA:1641,0
DA:1643,0
DA:1646,0
DA:1649,0
DA:1651,0
DA:1653,0
DA:1654,0
DA:1655,0
DA:1656,0
DA:1660,0
DA:1663,0
DA:1664,0
DA:1666,0
DA:1667,0
DA:1669,0
DA:1672,0
DA:1674,0
DA:1675,0
DA:1676,0
DA:1681,0
DA:1684,0
DA:1690,0
DA:1691,0
DA:1692,0
DA:1694,0
DA:1695,0
DA:1696,0
DA:1698,0
DA:1702,0
DA:1715,0
DA:1716,0
DA:1719,0
DA:1722,0
DA:1725,0
DA:1726,0
DA:1734,0
DA:1737,0
DA:1738,0
DA:1739,0
DA:1740,0
DA:1747,0
DA:1748,0
DA:1749,0
DA:1751,0
DA:1755,0
DA:1758,0
DA:1760,0
DA:1764,0
LF:697
LH:0
BRDA:85,0,0,0
BRDA:85,0,1,0
BRDA:86,1,0,0
BRDA:86,1,1,0
BRDA:87,2,0,0
BRDA:87,2,1,0
BRDA:99,3,0,0
BRDA:99,4,0,0
BRDA:99,4,1,0
BRDA:104,5,0,0
BRDA:110,6,0,0
BRDA:110,6,1,0
BRDA:112,7,0,0
BRDA:112,7,1,0
BRDA:114,8,0,0
BRDA:114,8,1,0
BRDA:125,9,0,0
BRDA:132,10,0,0
BRDA:132,10,1,0
BRDA:153,11,0,0
BRDA:153,11,1,0
BRDA:164,12,0,0
BRDA:170,13,0,0
BRDA:183,14,0,0
BRDA:183,14,1,0
BRDA:198,15,0,0
BRDA:198,15,1,0
BRDA:207,16,0,0
BRDA:220,17,0,0
BRDA:220,17,1,0
BRDA:225,18,0,0
BRDA:235,19,0,0
BRDA:235,19,1,0
BRDA:239,20,0,0
BRDA:249,21,0,0
BRDA:249,21,1,0
BRDA:250,22,0,0
BRDA:250,23,0,0
BRDA:250,23,1,0
BRDA:250,23,2,0
BRDA:259,24,0,0
BRDA:259,25,0,0
BRDA:259,25,1,0
BRDA:266,26,0,0
BRDA:266,26,1,0
BRDA:270,27,0,0
BRDA:270,28,0,0
BRDA:270,28,1,0
BRDA:284,29,0,0
BRDA:302,30,0,0
BRDA:302,30,1,0
BRDA:313,31,0,0
BRDA:324,32,0,0
BRDA:324,32,1,0
BRDA:335,33,0,0
BRDA:342,34,0,0
BRDA:353,35,0,0
BRDA:360,36,0,0
BRDA:360,36,1,0
BRDA:365,37,0,0
BRDA:365,37,1,0
BRDA:365,38,0,0
BRDA:365,38,1,0
BRDA:376,39,0,0
BRDA:385,40,0,0
BRDA:395,41,0,0
BRDA:395,42,0,0
BRDA:395,42,1,0
BRDA:395,42,2,0
BRDA:401,43,0,0
BRDA:401,44,0,0
BRDA:401,44,1,0
BRDA:411,45,0,0
BRDA:411,45,1,0
BRDA:415,46,0,0
BRDA:415,46,1,0
BRDA:415,47,0,0
BRDA:415,47,1,0
BRDA:416,48,0,0
BRDA:416,48,1,0
BRDA:416,49,0,0
BRDA:416,49,1,0
BRDA:417,50,0,0
BRDA:427,51,0,0
BRDA:427,51,1,0
BRDA:427,52,0,0
BRDA:427,52,1,0
BRDA:427,53,0,0
BRDA:427,53,1,0
BRDA:436,54,0,0
BRDA:436,54,1,0
BRDA:440,55,0,0
BRDA:440,55,1,0
BRDA:447,56,0,0
BRDA:447,56,1,0
BRDA:451,57,0,0
BRDA:451,57,1,0
BRDA:451,58,0,0
BRDA:451,58,1,0
BRDA:459,59,0,0
BRDA:459,59,1,0
BRDA:471,60,0,0
BRDA:475,61,0,0
BRDA:475,61,1,0
BRDA:475,62,0,0
BRDA:475,62,1,0
BRDA:479,63,0,0
BRDA:479,63,1,0
BRDA:489,64,0,0
BRDA:489,64,1,0
BRDA:492,65,0,0
BRDA:492,65,1,0
BRDA:497,66,0,0
BRDA:503,67,0,0
BRDA:503,67,1,0
BRDA:518,68,0,0
BRDA:518,68,1,0
BRDA:522,69,0,0
BRDA:522,70,0,0
BRDA:522,70,1,0
BRDA:537,71,0,0
BRDA:537,71,1,0
BRDA:540,72,0,0
BRDA:540,72,1,0
BRDA:547,73,0,0
BRDA:562,74,0,0
BRDA:565,75,0,0
BRDA:572,76,0,0
BRDA:574,77,0,0
BRDA:574,77,1,0
BRDA:581,78,0,0
BRDA:594,79,0,0
BRDA:594,79,1,0
BRDA:594,80,0,0
BRDA:594,80,1,0
BRDA:600,81,0,0
BRDA:600,81,1,0
BRDA:607,82,0,0
BRDA:607,82,1,0
BRDA:614,83,0,0
BRDA:614,83,1,0
BRDA:615,84,0,0
BRDA:615,84,1,0
BRDA:616,85,0,0
BRDA:616,85,1,0
BRDA:616,86,0,0
BRDA:616,86,1,0
BRDA:618,87,0,0
BRDA:618,87,1,0
BRDA:619,88,0,0
BRDA:619,88,1,0
BRDA:620,89,0,0
BRDA:620,89,1,0
BRDA:620,89,2,0
BRDA:631,90,0,0
BRDA:634,91,0,0
BRDA:649,92,0,0
BRDA:673,93,0,0
BRDA:686,94,0,0
BRDA:686,94,1,0
BRDA:692,95,0,0
BRDA:692,95,1,0
BRDA:723,96,0,0
BRDA:726,97,0,0
BRDA:726,98,0,0
BRDA:726,98,1,0
BRDA:738,99,0,0
BRDA:744,100,0,0
BRDA:744,100,1,0
BRDA:744,101,0,0
BRDA:744,101,1,0
BRDA:747,102,0,0
BRDA:747,102,1,0
BRDA:747,103,0,0
BRDA:747,103,1,0
BRDA:753,104,0,0
BRDA:753,104,1,0
BRDA:753,105,0,0
BRDA:753,105,1,0
BRDA:757,106,0,0
BRDA:757,106,1,0
BRDA:761,107,0,0
BRDA:761,107,1,0
BRDA:762,108,0,0
BRDA:762,108,1,0
BRDA:776,109,0,0
BRDA:776,109,1,0
BRDA:780,110,0,0
BRDA:780,111,0,0
BRDA:780,111,1,0
BRDA:787,112,0,0
BRDA:787,112,1,0
BRDA:788,113,0,0
BRDA:788,113,1,0
BRDA:795,114,0,0
BRDA:795,114,1,0
BRDA:799,115,0,0
BRDA:799,116,0,0
BRDA:799,116,1,0
BRDA:799,117,0,0
BRDA:799,117,1,0
BRDA:802,118,0,0
BRDA:802,118,1,0
BRDA:802,119,0,0
BRDA:802,119,1,0
BRDA:804,120,0,0
BRDA:805,121,0,0
BRDA:812,122,0,0
BRDA:812,122,1,0
BRDA:823,123,0,0
BRDA:823,123,1,0
BRDA:825,124,0,0
BRDA:825,124,1,0
BRDA:825,125,0,0
BRDA:825,125,1,0
BRDA:831,126,0,0
BRDA:831,126,1,0
BRDA:833,127,0,0
BRDA:833,127,1,0
BRDA:842,128,0,0
BRDA:842,128,1,0
BRDA:842,129,0,0
BRDA:842,129,1,0
BRDA:853,130,0,0
BRDA:853,130,1,0
BRDA:856,131,0,0
BRDA:869,132,0,0
BRDA:876,133,0,0
BRDA:895,134,0,0
BRDA:902,135,0,0
BRDA:902,135,1,0
BRDA:905,136,0,0
BRDA:931,137,0,0
BRDA:931,137,1,0
BRDA:937,138,0,0
BRDA:948,139,0,0
BRDA:952,140,0,0
BRDA:960,141,0,0
BRDA:960,142,0,0
BRDA:960,142,1,0
BRDA:970,143,0,0
BRDA:980,144,0,0
BRDA:995,145,0,0
BRDA:1007,146,0,0
BRDA:1023,147,0,0
BRDA:1023,147,1,0
BRDA:1039,148,0,0
BRDA:1039,149,0,0
BRDA:1039,149,1,0
BRDA:1039,149,2,0
BRDA:1039,149,3,0
BRDA:1059,150,0,0
BRDA:1064,151,0,0
BRDA:1104,152,0,0
BRDA:1104,152,1,0
BRDA:1144,153,0,0
BRDA:1144,153,1,0
BRDA:1159,154,0,0
BRDA:1159,154,1,0
BRDA:1166,155,0,0
BRDA:1166,155,1,0
BRDA:1167,156,0,0
BRDA:1167,157,0,0
BRDA:1167,157,1,0
BRDA:1190,158,0,0
BRDA:1223,159,0,0
BRDA:1231,160,0,0
BRDA:1231,161,0,0
BRDA:1231,161,1,0
BRDA:1233,162,0,0
BRDA:1233,163,0,0
BRDA:1233,163,1,0
BRDA:1239,164,0,0
BRDA:1239,164,1,0
BRDA:1240,165,0,0
BRDA:1240,165,1,0
BRDA:1241,166,0,0
BRDA:1241,166,1,0
BRDA:1243,167,0,0
BRDA:1243,167,1,0
BRDA:1297,168,0,0
BRDA:1301,169,0,0
BRDA:1308,170,0,0
BRDA:1310,171,0,0
BRDA:1333,172,0,0
BRDA:1345,173,0,0
BRDA:1345,173,1,0
BRDA:1348,174,0,0
BRDA:1348,174,1,0
BRDA:1348,175,0,0
BRDA:1348,175,1,0
BRDA:1348,176,0,0
BRDA:1348,176,1,0
BRDA:1364,177,0,0
BRDA:1372,178,0,0
BRDA:1379,179,0,0
BRDA:1384,180,0,0
BRDA:1399,181,0,0
BRDA:1407,182,0,0
BRDA:1407,182,1,0
BRDA:1409,183,0,0
BRDA:1409,183,1,0
BRDA:1411,184,0,0
BRDA:1411,184,1,0
BRDA:1415,185,0,0
BRDA:1415,185,1,0
BRDA:1436,186,0,0
BRDA:1436,186,1,0
BRDA:1440,187,0,0
BRDA:1440,187,1,0
BRDA:1440,188,0,0
BRDA:1440,188,1,0
BRDA:1450,189,0,0
BRDA:1460,190,0,0
BRDA:1460,190,1,0
BRDA:1464,191,0,0
BRDA:1464,191,1,0
BRDA:1484,192,0,0
BRDA:1484,192,1,0
BRDA:1502,193,0,0
BRDA:1510,194,0,0
BRDA:1510,195,0,0
BRDA:1510,195,1,0
BRDA:1520,196,0,0
BRDA:1520,197,0,0
BRDA:1520,197,1,0
BRDA:1522,198,0,0
BRDA:1525,199,0,0
BRDA:1536,200,0,0
BRDA:1536,200,1,0
BRDA:1538,201,0,0
BRDA:1538,201,1,0
BRDA:1539,202,0,0
BRDA:1539,202,1,0
BRDA:1547,203,0,0
BRDA:1559,204,0,0
BRDA:1559,204,1,0
BRDA:1560,205,0,0
BRDA:1560,205,1,0
BRDA:1562,206,0,0
BRDA:1562,206,1,0
BRDA:1602,207,0,0
BRDA:1603,208,0,0
BRDA:1608,209,0,0
BRDA:1617,210,0,0
BRDA:1617,210,1,0
BRDA:1623,211,0,0
BRDA:1623,211,1,0
BRDA:1623,212,0,0
BRDA:1623,212,1,0
BRDA:1631,213,0,0
BRDA:1641,214,0,0
BRDA:1651,215,0,0
BRDA:1651,215,1,0
BRDA:1654,216,0,0
BRDA:1664,217,0,0
BRDA:1664,217,1,0
BRDA:1672,218,0,0
BRDA:1672,218,1,0
BRDA:1691,219,0,0
BRDA:1691,219,1,0
BRDA:1694,220,0,0
BRDA:1694,220,1,0
BRDA:1705,221,0,0
BRDA:1705,221,1,0
BRDA:1714,222,0,0
BRDA:1715,223,0,0
BRDA:1719,224,0,0
BRDA:1719,224,1,0
BRDA:1734,225,0,0
BRDA:1738,226,0,0
BRDA:1751,227,0,0
BRDA:1751,227,1,0
BRDA:1751,228,0,0
BRDA:1751,228,1,0
BRDA:1751,229,0,0
BRDA:1751,229,1,0
BRDA:1751,230,0,0
BRDA:1751,230,1,0
BRDA:1758,231,0,0
BRDA:1758,231,1,0
BRDA:1758,232,0,0
BRDA:1758,232,1,0
BRDA:1758,233,0,0
BRDA:1758,233,1,0
BRDA:1758,234,0,0
BRDA:1758,234,1,0
BRF:387
BRH:0
end_of_record
TN:
SF:src/server/websocket.ts
FN:10,(anonymous_0)
FN:16,(anonymous_1)
FN:17,(anonymous_2)
FN:20,(anonymous_3)
FN:36,(anonymous_4)
FN:38,(anonymous_5)
FN:46,(anonymous_6)
FN:54,(anonymous_7)
FN:62,(anonymous_8)
FN:70,(anonymous_9)
FN:78,(anonymous_10)
FN:80,(anonymous_11)
FN:87,(anonymous_12)
FNF:13
FNH:0
FNDA:0,(anonymous_0)
FNDA:0,(anonymous_1)
FNDA:0,(anonymous_2)
FNDA:0,(anonymous_3)
FNDA:0,(anonymous_4)
FNDA:0,(anonymous_5)
FNDA:0,(anonymous_6)
FNDA:0,(anonymous_7)
FNDA:0,(anonymous_8)
FNDA:0,(anonymous_9)
FNDA:0,(anonymous_10)
FNDA:0,(anonymous_11)
FNDA:0,(anonymous_12)
DA:1,0
DA:2,0
DA:4,0
DA:6,0
DA:8,0
DA:10,0
DA:11,0
DA:12,0
DA:13,0
DA:17,0
DA:18,0
DA:20,0
DA:21,0
DA:25,0
DA:38,0
DA:39,0
DA:46,0
DA:47,0
DA:54,0
DA:55,0
DA:62,0
DA:63,0
DA:70,0
DA:71,0
DA:79,0
DA:80,0
DA:81,0
DA:82,0
DA:88,0
DA:89,0
LF:30
LH:0
BRDA:81,0,0,0
BRDA:88,1,0,0
BRF:2
BRH:0
end_of_record
TN:
SF:src/server/db/database.ts
FN:19,(anonymous_1)
FN:29,(anonymous_2)
FN:33,(anonymous_3)
FN:76,(anonymous_4)
FN:90,(anonymous_5)
FNF:5
FNH:0
FNDA:0,(anonymous_1)
FNDA:0,(anonymous_2)
FNDA:0,(anonymous_3)
FNDA:0,(anonymous_4)
FNDA:0,(anonymous_5)
DA:1,0
DA:2,0
DA:3,0
DA:4,0
DA:5,0
DA:6,0
DA:7,0
DA:9,0
DA:20,0
DA:21,0
DA:25,0
DA:26,0
DA:30,0
DA:34,0
DA:36,0
DA:37,0
DA:39,0
DA:40,0
DA:46,0
DA:56,0
DA:65,0
DA:67,0
DA:72,0
DA:77,0
DA:79,0
DA:80,0
DA:86,0
DA:91,0
DA:93,0
DA:94,0
DA:99,0
DA:101,0
DA:106,0
LF:33
LH:0
BRDA:70,0,0,0
BRDA:70,0,1,0
BRDA:77,1,0,0
BRDA:91,2,0,0
BRDA:99,3,0,0
BRDA:99,3,1,0
BRF:6
BRH:0
end_of_record
TN:
SF:src/server/routes/api.ts
FN:38,(anonymous_1)
FN:43,(anonymous_2)
FN:58,(anonymous_3)
FN:75,(anonymous_4)
FN:93,(anonymous_5)
FN:108,(anonymous_6)
FN:132,(anonymous_7)
FN:154,(anonymous_8)
FN:170,(anonymous_9)
FN:187,(anonymous_10)
FN:204,(anonymous_11)
FN:211,(anonymous_12)
FN:237,(anonymous_13)
FN:249,(anonymous_14)
FN:266,(anonymous_15)
FN:291,(anonymous_16)
FN:310,(anonymous_17)
FN:329,(anonymous_18)
FN:353,(anonymous_19)
FN:371,(anonymous_20)
FN:383,(anonymous_21)
FN:392,(anonymous_22)
FN:410,(anonymous_23)
FN:421,(anonymous_24)
FN:436,(anonymous_25)
FN:454,(anonymous_26)
FN:469,(anonymous_27)
FN:478,(anonymous_28)
FN:507,(anonymous_29)
FN:532,(anonymous_30)
FN:551,(anonymous_31)
FN:581,(anonymous_32)
FN:604,(anonymous_33)
FN:635,(anonymous_34)
FN:645,(anonymous_35)
FN:657,(anonymous_36)
FN:661,(anonymous_37)
FN:680,(anonymous_38)
FN:684,(anonymous_39)
FN:696,(anonymous_40)
FN:707,(anonymous_41)
FN:743,(anonymous_42)
FN:761,(anonymous_43)
FN:780,(anonymous_44)
FN:807,(anonymous_45)
FN:831,(anonymous_46)
FN:862,(anonymous_47)
FN:896,formatUptime
FNF:48
FNH:0
FNDA:0,(anonymous_1)
FNDA:0,(anonymous_2)
FNDA:0,(anonymous_3)
FNDA:0,(anonymous_4)
FNDA:0,(anonymous_5)
FNDA:0,(anonymous_6)
FNDA:0,(anonymous_7)
FNDA:0,(anonymous_8)
FNDA:0,(anonymous_9)
FNDA:0,(anonymous_10)
FNDA:0,(anonymous_11)
FNDA:0,(anonymous_12)
FNDA:0,(anonymous_13)
FNDA:0,(anonymous_14)
FNDA:0,(anonymous_15)
FNDA:0,(anonymous_16)
FNDA:0,(anonymous_17)
FNDA:0,(anonymous_18)
FNDA:0,(anonymous_19)
FNDA:0,(anonymous_20)
FNDA:0,(anonymous_21)
FNDA:0,(anonymous_22)
FNDA:0,(anonymous_23)
FNDA:0,(anonymous_24)
FNDA:0,(anonymous_25)
FNDA:0,(anonymous_26)
FNDA:0,(anonymous_27)
FNDA:0,(anonymous_28)
FNDA:0,(anonymous_29)
FNDA:0,(anonymous_30)
FNDA:0,(anonymous_31)
FNDA:0,(anonymous_32)
FNDA:0,(anonymous_33)
FNDA:0,(anonymous_34)
FNDA:0,(anonymous_35)
FNDA:0,(anonymous_36)
FNDA:0,(anonymous_37)
FNDA:0,(anonymous_38)
FNDA:0,(anonymous_39)
FNDA:0,(anonymous_40)
FNDA:0,(anonymous_41)
FNDA:0,(anonymous_42)
FNDA:0,(anonymous_43)
FNDA:0,(anonymous_44)
FNDA:0,(anonymous_45)
FNDA:0,(anonymous_46)
FNDA:0,(anonymous_47)
FNDA:0,formatUptime
DA:1,0
DA:3,0
DA:5,0
DA:7,0
DA:38,0
DA:39,0
DA:43,0
DA:44,0
DA:45,0
DA:46,0
DA:48,0
DA:53,0
DA:54,0
DA:58,0
DA:59,0
DA:60,0
DA:61,0
DA:65,0
DA:70,0
DA:71,0
DA:75,0
DA:76,0
DA:77,0
DA:78,0
DA:82,0
DA:87,0
DA:88,0
DA:93,0
DA:94,0
DA:95,0
DA:96,0
DA:98,0
DA:103,0
DA:104,0
DA:108,0
DA:109,0
DA:110,0
DA:111,0
DA:112,0
DA:113,0
DA:114,0
DA:117,0
DA:124,0
DA:126,0
DA:127,0
DA:132,0
DA:133,0
DA:134,0
DA:135,0
DA:136,0
DA:137,0
DA:138,0
DA:140,0
DA:141,0
DA:143,0
DA:148,0
DA:149,0
DA:154,0
DA:155,0
DA:156,0
DA:157,0
DA:158,0
DA:159,0
DA:160,0
DA:162,0
DA:163,0
DA:165,0
DA:166,0
DA:170,0
DA:171,0
DA:172,0
DA:173,0
DA:174,0
DA:175,0
DA:176,0
DA:178,0
DA:179,0
DA:181,0
DA:182,0
DA:187,0
DA:188,0
DA:189,0
DA:196,0
DA:197,0
DA:198,0
DA:199,0
DA:203,0
DA:204,0
DA:205,0
DA:206,0
DA:207,0
DA:211,0
DA:212,0
DA:214,0
DA:215,0
DA:216,0
DA:220,0
DA:221,0
DA:222,0
DA:225,0
DA:230,0
DA:232,0
DA:233,0
DA:237,0
DA:238,0
DA:239,0
DA:240,0
DA:241,0
DA:243,0
DA:244,0
DA:249,0
DA:250,0
DA:251,0
DA:252,0
DA:253,0
DA:254,0
DA:255,0
DA:258,0
DA:259,0
DA:261,0
DA:262,0
DA:266,0
DA:267,0
DA:268,0
DA:269,0
DA:271,0
DA:272,0
DA:273,0
DA:274,0
DA:277,0
DA:283,0
DA:284,0
DA:286,0
DA:287,0
DA:291,0
DA:292,0
DA:293,0
DA:294,0
DA:296,0
DA:297,0
DA:298,0
DA:299,0
DA:302,0
DA:303,0
DA:305,0
DA:306,0
DA:310,0
DA:311,0
DA:312,0
DA:314,0
DA:315,0
DA:316,0
DA:317,0
DA:320,0
DA:321,0
DA:323,0
DA:324,0
DA:329,0
DA:330,0
DA:331,0
DA:332,0
DA:333,0
DA:334,0
DA:335,0
DA:338,0
DA:339,0
DA:340,0
DA:341,0
DA:342,0
DA:345,0
DA:346,0
DA:348,0
DA:349,0
DA:353,0
DA:354,0
DA:355,0
DA:356,0
DA:357,0
DA:358,0
DA:359,0
DA:362,0
DA:363,0
DA:365,0
DA:366,0
DA:371,0
DA:372,0
DA:373,0
DA:374,0
DA:375,0
DA:377,0
DA:378,0
DA:383,0
DA:384,0
DA:385,0
DA:387,0
DA:388,0
DA:392,0
DA:393,0
DA:394,0
DA:395,0
DA:396,0
DA:397,0
DA:398,0
DA:402,0
DA:403,0
DA:405,0
DA:406,0
DA:410,0
DA:411,0
DA:412,0
DA:413,0
DA:415,0
DA:416,0
DA:421,0
DA:422,0
DA:423,0
DA:426,0
DA:429,0
DA:430,0
DA:433,0
DA:436,0
DA:437,0
DA:438,0
DA:439,0
DA:440,0
DA:441,0
DA:443,0
DA:444,0
DA:448,0
DA:449,0
DA:454,0
DA:455,0
DA:456,0
DA:459,0
DA:462,0
DA:463,0
DA:466,0
DA:469,0
DA:470,0
DA:471,0
DA:474,0
DA:475,0
DA:476,0
DA:478,0
DA:479,0
DA:480,0
DA:484,0
DA:485,0
DA:487,0
DA:491,0
DA:492,0
DA:493,0
DA:494,0
DA:496,0
DA:497,0
DA:501,0
DA:502,0
DA:507,0
DA:508,0
DA:509,0
DA:510,0
DA:512,0
DA:513,0
DA:514,0
DA:515,0
DA:518,0
DA:519,0
DA:520,0
DA:521,0
DA:524,0
DA:525,0
DA:527,0
DA:528,0
DA:532,0
DA:533,0
DA:534,0
DA:536,0
DA:537,0
DA:538,0
DA:539,0
DA:542,0
DA:543,0
DA:545,0
DA:546,0
DA:551,0
DA:552,0
DA:553,0
DA:554,0
DA:556,0
DA:557,0
DA:558,0
DA:559,0
DA:562,0
DA:563,0
DA:565,0
DA:566,0
DA:567,0
DA:568,0
DA:569,0
DA:571,0
DA:574,0
DA:576,0
DA:577,0
DA:581,0
DA:582,0
DA:583,0
DA:585,0
DA:586,0
DA:588,0
DA:589,0
DA:590,0
DA:591,0
DA:592,0
DA:594,0
DA:597,0
DA:599,0
DA:600,0
DA:604,0
DA:605,0
DA:606,0
DA:607,0
DA:609,0
DA:610,0
DA:611,0
DA:612,0
DA:615,0
DA:616,0
DA:618,0
DA:619,0
DA:620,0
DA:621,0
DA:622,0
DA:624,0
DA:627,0
DA:629,0
DA:630,0
DA:635,0
DA:636,0
DA:637,0
DA:639,0
DA:640,0
DA:645,0
DA:646,0
DA:647,0
DA:648,0
DA:649,0
DA:651,0
DA:652,0
DA:657,0
DA:658,0
DA:661,0
DA:662,0
DA:663,0
DA:664,0
DA:665,0
DA:666,0
DA:667,0
DA:670,0
DA:671,0
DA:672,0
DA:674,0
DA:675,0
DA:680,0
DA:681,0
DA:684,0
DA:685,0
DA:686,0
DA:687,0
DA:688,0
DA:690,0
DA:691,0
DA:696,0
DA:697,0
DA:698,0
DA:699,0
DA:701,0
DA:702,0
DA:707,0
DA:708,0
DA:709,0
DA:711,0
DA:713,0
DA:714,0
DA:715,0
DA:716,0
DA:717,0
DA:721,0
DA:722,0
DA:726,0
DA:729,0
DA:730,0
DA:733,0
DA:734,0
DA:737,0
DA:738,0
DA:743,0
DA:744,0
DA:746,0
DA:749,0
DA:750,0
DA:753,0
DA:755,0
DA:756,0
DA:761,0
DA:762,0
DA:763,0
DA:765,0
DA:766,0
DA:767,0
DA:768,0
DA:771,0
DA:772,0
DA:774,0
DA:775,0
DA:780,0
DA:781,0
DA:782,0
DA:791,0
DA:792,0
DA:793,0
DA:794,0
DA:798,0
DA:799,0
DA:801,0
DA:802,0
DA:807,0
DA:808,0
DA:809,0
DA:812,0
DA:813,0
DA:816,0
DA:818,0
DA:820,0
DA:825,0
DA:826,0
DA:831,0
DA:832,0
DA:833,0
DA:835,0
DA:836,0
DA:837,0
DA:838,0
DA:841,0
DA:844,0
DA:847,0
DA:849,0
DA:851,0
DA:856,0
DA:857,0
DA:862,0
DA:863,0
DA:864,0
DA:865,0
DA:867,0
DA:868,0
DA:870,0
DA:885,0
DA:890,0
DA:891,0
DA:897,0
DA:898,0
DA:899,0
DA:900,0
DA:902,0
DA:903,0
DA:904,0
DA:905,0
DA:906,0
DA:908,0
DA:911,0
LF:470
LH:0
BRDA:51,0,0,0
BRDA:51,0,1,0
BRDA:62,1,0,0
BRDA:62,1,1,0
BRDA:68,2,0,0
BRDA:68,2,1,0
BRDA:79,3,0,0
BRDA:79,3,1,0
BRDA:85,4,0,0
BRDA:85,4,1,0
BRDA:101,5,0,0
BRDA:101,5,1,0
BRDA:111,6,0,0
BRDA:119,7,0,0
BRDA:119,7,1,0
BRDA:120,8,0,0
BRDA:120,8,1,0
BRDA:121,9,0,0
BRDA:121,9,1,0
BRDA:122,10,0,0
BRDA:122,10,1,0
BRDA:122,11,0,0
BRDA:122,11,1,0
BRDA:127,12,0,0
BRDA:127,12,1,0
BRDA:135,13,0,0
BRDA:146,14,0,0
BRDA:146,14,1,0
BRDA:157,15,0,0
BRDA:173,16,0,0
BRDA:196,17,0,0
BRDA:205,18,0,0
BRDA:205,19,0,0
BRDA:205,19,1,0
BRDA:212,20,0,0
BRDA:212,20,1,0
BRDA:212,21,0,0
BRDA:212,21,1,0
BRDA:214,22,0,0
BRDA:220,23,0,0
BRDA:227,24,0,0
BRDA:227,24,1,0
BRDA:228,25,0,0
BRDA:228,25,1,0
BRDA:252,26,0,0
BRDA:271,27,0,0
BRDA:296,28,0,0
BRDA:296,29,0,0
BRDA:296,29,1,0
BRDA:314,30,0,0
BRDA:314,31,0,0
BRDA:314,31,1,0
BRDA:314,31,2,0
BRDA:332,32,0,0
BRDA:339,33,0,0
BRDA:356,34,0,0
BRDA:395,35,0,0
BRDA:443,36,0,0
BRDA:443,36,1,0
BRDA:475,37,0,0
BRDA:475,37,1,0
BRDA:496,38,0,0
BRDA:496,38,1,0
BRDA:512,39,0,0
BRDA:518,40,0,0
BRDA:536,41,0,0
BRDA:556,42,0,0
BRDA:556,43,0,0
BRDA:556,43,1,0
BRDA:556,43,2,0
BRDA:562,44,0,0
BRDA:562,44,1,0
BRDA:566,45,0,0
BRDA:585,46,0,0
BRDA:585,46,1,0
BRDA:589,47,0,0
BRDA:609,48,0,0
BRDA:615,49,0,0
BRDA:615,49,1,0
BRDA:619,50,0,0
BRDA:640,51,0,0
BRDA:640,51,1,0
BRDA:652,52,0,0
BRDA:652,52,1,0
BRDA:664,53,0,0
BRDA:702,54,0,0
BRDA:702,54,1,0
BRDA:711,55,0,0
BRDA:711,55,1,0
BRDA:714,56,0,0
BRDA:721,57,0,0
BRDA:765,58,0,0
BRDA:765,59,0,0
BRDA:765,59,1,0
BRDA:791,60,0,0
BRDA:791,61,0,0
BRDA:791,61,1,0
BRDA:823,62,0,0
BRDA:823,62,1,0
BRDA:835,63,0,0
BRDA:854,64,0,0
BRDA:854,64,1,0
BRDA:874,65,0,0
BRDA:874,65,1,0
BRDA:888,66,0,0
BRDA:888,66,1,0
BRDA:903,67,0,0
BRDA:904,68,0,0
BRDA:905,69,0,0
BRDA:906,70,0,0
BRDA:906,71,0,0
BRDA:906,71,1,0
BRF:112
BRH:0
end_of_record
TN:
SF:src/server/services/holodex.ts
FN:25,(anonymous_0)
FN:41,(anonymous_1)
FN:62,(anonymous_2)
FN:67,(anonymous_3)
FN:74,(anonymous_4)
FN:85,(anonymous_5)
FN:88,(anonymous_6)
FN:92,(anonymous_7)
FN:114,(anonymous_8)
FN:124,(anonymous_9)
FN:135,(anonymous_10)
FN:162,(anonymous_11)
FN:180,(anonymous_12)
FN:202,(anonymous_13)
FN:206,(anonymous_14)
FN:217,(anonymous_15)
FN:235,(anonymous_16)
FN:282,(anonymous_17)
FNF:18
FNH:0
FNDA:0,(anonymous_0)
FNDA:0,(anonymous_1)
FNDA:0,(anonymous_2)
FNDA:0,(anonymous_3)
FNDA:0,(anonymous_4)
FNDA:0,(anonymous_5)
FNDA:0,(anonymous_6)
FNDA:0,(anonymous_7)
FNDA:0,(anonymous_8)
FNDA:0,(anonymous_9)
FNDA:0,(anonymous_10)
FNDA:0,(anonymous_11)
FNDA:0,(anonymous_12)
FNDA:0,(anonymous_13)
FNDA:0,(anonymous_14)
FNDA:0,(anonymous_15)
FNDA:0,(anonymous_16)
FNDA:0,(anonymous_17)
DA:1,0
DA:9,0
DA:19,0
DA:20,0
DA:26,0
DA:27,0
DA:28,0
DA:30,0
DA:31,0
DA:34,0
DA:36,0
DA:37,0
DA:42,0
DA:43,0
DA:44,0
DA:45,0
DA:48,0
DA:54,0
DA:55,0
DA:58,0
DA:60,0
DA:62,0
DA:63,0
DA:67,0
DA:68,0
DA:75,0
DA:76,0
DA:77,0
DA:81,0
DA:84,0
DA:85,0
DA:86,0
DA:88,0
DA:90,0
DA:92,0
DA:93,0
DA:94,0
DA:95,0
DA:97,0
DA:101,0
DA:104,0
DA:105,0
DA:108,0
DA:109,0
DA:112,0
DA:113,0
DA:114,0
DA:124,0
DA:125,0
DA:126,0
DA:127,0
DA:129,0
DA:131,0
DA:132,0
DA:135,0
DA:136,0
DA:137,0
DA:139,0
DA:157,0
DA:162,0
DA:164,0
DA:165,0
DA:166,0
DA:169,0
DA:170,0
DA:173,0
DA:180,0
DA:181,0
DA:182,0
DA:184,0
DA:185,0
DA:188,0
DA:189,0
DA:190,0
DA:194,0
DA:196,0
DA:197,0
DA:198,0
DA:203,0
DA:205,0
DA:206,0
DA:207,0
DA:214,0
DA:215,0
DA:217,0
DA:226,0
DA:231,0
DA:236,0
DA:237,0
DA:238,0
DA:241,0
DA:242,0
DA:243,0
DA:247,0
DA:248,0
DA:252,0
DA:258,0
DA:259,0
DA:262,0
DA:264,0
DA:265,0
DA:269,0
DA:275,0
DA:279,0
DA:283,0
LF:105
LH:0
BRDA:37,0,0,0
BRDA:37,0,1,0
BRDA:43,1,0,0
BRDA:49,2,0,0
BRDA:49,2,1,0
BRDA:50,3,0,0
BRDA:50,3,1,0
BRDA:54,4,0,0
BRDA:54,4,1,0
BRDA:54,5,0,0
BRDA:54,5,1,0
BRDA:55,6,0,0
BRDA:55,6,1,0
BRDA:55,7,0,0
BRDA:55,7,1,0
BRDA:60,8,0,0
BRDA:60,8,1,0
BRDA:60,9,0,0
BRDA:60,9,1,0
BRDA:76,10,0,0
BRDA:76,10,1,0
BRDA:88,11,0,0
BRDA:88,11,1,0
BRDA:88,12,0,0
BRDA:88,12,1,0
BRDA:90,13,0,0
BRDA:90,14,0,0
BRDA:90,14,1,0
BRDA:93,15,0,0
BRDA:93,16,0,0
BRDA:93,16,1,0
BRDA:94,17,0,0
BRDA:94,18,0,0
BRDA:94,18,1,0
BRDA:95,19,0,0
BRDA:95,19,1,0
BRDA:95,20,0,0
BRDA:95,20,1,0
BRDA:104,21,0,0
BRDA:108,22,0,0
BRDA:108,22,1,0
BRDA:113,23,0,0
BRDA:116,24,0,0
BRDA:116,24,1,0
BRDA:116,25,0,0
BRDA:116,25,1,0
BRDA:125,26,0,0
BRDA:126,27,0,0
BRDA:126,27,1,0
BRDA:126,28,0,0
BRDA:126,28,1,0
BRDA:131,29,0,0
BRDA:136,30,0,0
BRDA:136,30,1,0
BRDA:136,31,0,0
BRDA:136,31,1,0
BRDA:137,32,0,0
BRDA:137,32,1,0
BRDA:137,33,0,0
BRDA:137,33,1,0
BRDA:137,34,0,0
BRDA:137,34,1,0
BRDA:137,35,0,0
BRDA:137,35,1,0
BRDA:144,36,0,0
BRDA:144,36,1,0
BRDA:144,37,0,0
BRDA:144,37,1,0
BRDA:145,38,0,0
BRDA:145,38,1,0
BRDA:146,39,0,0
BRDA:146,39,1,0
BRDA:147,40,0,0
BRDA:147,40,1,0
BRDA:148,41,0,0
BRDA:148,41,1,0
BRDA:150,42,0,0
BRDA:150,42,1,0
BRDA:150,43,0,0
BRDA:150,43,1,0
BRDA:152,44,0,0
BRDA:152,44,1,0
BRDA:157,45,0,0
BRDA:157,45,1,0
BRDA:157,46,0,0
BRDA:157,46,1,0
BRDA:164,47,0,0
BRDA:164,47,1,0
BRDA:164,48,0,0
BRDA:164,48,1,0
BRDA:165,49,0,0
BRDA:165,49,1,0
BRDA:165,50,0,0
BRDA:165,50,1,0
BRDA:166,51,0,0
BRDA:169,52,0,0
BRDA:169,53,0,0
BRDA:169,53,1,0
BRDA:170,54,0,0
BRDA:170,55,0,0
BRDA:170,55,1,0
BRDA:173,56,0,0
BRDA:173,56,1,0
BRDA:173,57,0,0
BRDA:173,57,1,0
BRDA:181,58,0,0
BRDA:181,59,0,0
BRDA:181,59,1,0
BRDA:182,60,0,0
BRDA:182,61,0,0
BRDA:182,61,1,0
BRDA:184,62,0,0
BRDA:184,63,0,0
BRDA:184,63,1,0
BRDA:185,64,0,0
BRDA:185,64,1,0
BRDA:185,65,0,0
BRDA:185,65,1,0
BRDA:188,66,0,0
BRDA:188,66,1,0
BRDA:189,67,0,0
BRDA:189,67,1,0
BRDA:197,68,0,0
BRDA:197,68,1,0
BRDA:203,69,0,0
BRDA:222,70,0,0
BRDA:222,70,1,0
BRDA:222,71,0,0
BRDA:222,71,1,0
BRDA:223,72,0,0
BRDA:223,72,1,0
BRDA:223,73,0,0
BRDA:223,73,1,0
BRDA:229,74,0,0
BRDA:229,74,1,0
BRDA:236,75,0,0
BRDA:236,75,1,0
BRDA:236,76,0,0
BRDA:236,76,1,0
BRDA:237,77,0,0
BRDA:237,77,1,0
BRDA:237,78,0,0
BRDA:237,78,1,0
BRDA:238,79,0,0
BRDA:238,79,1,0
BRDA:238,80,0,0
BRDA:238,80,1,0
BRDA:241,81,0,0
BRDA:241,82,0,0
BRDA:241,82,1,0
BRDA:247,83,0,0
BRDA:247,84,0,0
BRDA:247,84,1,0
BRDA:253,85,0,0
BRDA:253,85,1,0
BRDA:253,86,0,0
BRDA:253,86,1,0
BRDA:254,87,0,0
BRDA:254,87,1,0
BRDA:254,88,0,0
BRDA:254,88,1,0
BRDA:264,89,0,0
BRDA:264,90,0,0
BRDA:264,90,1,0
BRDA:266,91,0,0
BRDA:266,91,1,0
BRDA:276,92,0,0
BRDA:276,92,1,0
BRF:168
BRH:0
end_of_record
TN:
SF:src/server/services/keyboard_service.ts
FN:15,(anonymous_1)
FN:20,(anonymous_2)
FN:27,(anonymous_3)
FN:38,(anonymous_4)
FN:90,(anonymous_5)
FN:103,(anonymous_6)
FN:124,(anonymous_7)
FN:126,(anonymous_8)
FN:127,(anonymous_9)
FN:128,(anonymous_10)
FN:131,(anonymous_11)
FN:138,(anonymous_12)
FNF:12
FNH:0
FNDA:0,(anonymous_1)
FNDA:0,(anonymous_2)
FNDA:0,(anonymous_3)
FNDA:0,(anonymous_4)
FNDA:0,(anonymous_5)
FNDA:0,(anonymous_6)
FNDA:0,(anonymous_7)
FNDA:0,(anonymous_8)
FNDA:0,(anonymous_9)
FNDA:0,(anonymous_10)
FNDA:0,(anonymous_11)
FNDA:0,(anonymous_12)
DA:1,0
DA:2,0
DA:3,0
DA:4,0
DA:5,0
DA:8,0
DA:10,0
DA:12,0
DA:16,0
DA:17,0
DA:21,0
DA:23,0
DA:24,0
DA:27,0
DA:28,0
DA:29,0
DA:33,0
DA:38,0
DA:39,0
DA:40,0
DA:42,0
DA:43,0
DA:44,0
DA:47,0
DA:48,0
DA:53,0
DA:64,0
DA:65,0
DA:68,0
DA:69,0
DA:70,0
DA:72,0
DA:75,0
DA:76,0
DA:77,0
DA:81,0
DA:90,0
DA:91,0
DA:92,0
DA:93,0
DA:98,0
DA:103,0
DA:104,0
DA:105,0
DA:106,0
DA:107,0
DA:112,0
DA:114,0
DA:115,0
DA:120,0
DA:126,0
DA:127,0
DA:128,0
DA:132,0
DA:133,0
DA:134,0
DA:136,0
DA:138,0
DA:139,0
DA:140,0
LF:60
LH:0
BRDA:28,0,0,0
BRDA:40,1,0,0
BRDA:40,1,1,0
BRDA:40,1,2,0
BRDA:40,1,3,0
BRDA:51,2,0,0
BRDA:51,2,1,0
BRDA:68,3,0,0
BRDA:69,4,0,0
BRDA:69,4,1,0
BRDA:84,5,0,0
BRDA:84,5,1,0
BRDA:91,6,0,0
BRDA:96,7,0,0
BRDA:96,7,1,0
BRDA:104,8,0,0
BRDA:104,9,0,0
BRDA:104,9,1,0
BRDA:118,10,0,0
BRDA:118,10,1,0
BRDA:134,11,0,0
BRDA:139,12,0,0
BRDA:139,12,1,0
BRDA:139,13,0,0
BRDA:139,13,1,0
BRF:25
BRH:0
end_of_record
TN:
SF:src/server/services/keyboard_worker.ts
FN:5,checkInputPermissions
FN:9,(anonymous_1)
FN:44,(anonymous_2)
FN:56,(anonymous_3)
FN:65,(anonymous_4)
FN:86,(anonymous_5)
FNF:6
FNH:0
FNDA:0,checkInputPermissions
FNDA:0,(anonymous_1)
FNDA:0,(anonymous_2)
FNDA:0,(anonymous_3)
FNDA:0,(anonymous_4)
FNDA:0,(anonymous_5)
DA:1,0
DA:2,0
DA:3,0
DA:6,0
DA:8,0
DA:9,0
DA:10,0
DA:13,0
DA:14,0
DA:18,0
DA:19,0
DA:20,0
DA:24,0
DA:25,0
DA:27,0
DA:30,0
DA:32,0
DA:33,0
DA:37,0
DA:39,0
DA:42,0
DA:45,0
DA:46,0
DA:57,0
DA:65,0
DA:67,0
DA:68,0
DA:72,0
DA:73,0
DA:77,0
DA:78,0
DA:82,0
DA:86,0
DA:87,0
DA:88,0
DA:89,0
DA:94,0
DA:96,0
DA:100,0
LF:39
LH:0
BRDA:10,0,0,0
BRDA:10,0,1,0
BRDA:10,1,0,0
BRDA:10,1,1,0
BRDA:13,2,0,0
BRDA:19,3,0,0
BRDA:32,4,0,0
BRDA:32,4,1,0
BRDA:45,5,0,0
BRDA:46,6,0,0
BRDA:46,6,1,0
BRDA:46,7,0,0
BRDA:46,7,1,0
BRDA:57,8,0,0
BRDA:57,8,1,0
BRDA:57,9,0,0
BRDA:57,9,1,0
BRDA:67,10,0,0
BRDA:67,11,0,0
BRDA:67,11,1,0
BRDA:67,11,2,0
BRDA:67,11,3,0
BRDA:68,12,0,0
BRDA:68,12,1,0
BRDA:68,13,0,0
BRDA:68,13,1,0
BRDA:72,14,0,0
BRDA:72,15,0,0
BRDA:72,15,1,0
BRDA:72,15,2,0
BRDA:72,15,3,0
BRDA:73,16,0,0
BRDA:73,16,1,0
BRDA:73,17,0,0
BRDA:73,17,1,0
BRDA:77,18,0,0
BRDA:77,19,0,0
BRDA:77,19,1,0
BRDA:77,19,2,0
BRDA:77,19,3,0
BRDA:78,20,0,0
BRDA:78,20,1,0
BRDA:78,21,0,0
BRDA:78,21,1,0
BRDA:86,22,0,0
BRDA:86,22,1,0
BRDA:86,23,0,0
BRDA:86,23,1,0
BRDA:87,24,0,0
BRDA:94,25,0,0
BRDA:94,25,1,0
BRDA:94,26,0,0
BRDA:94,26,1,0
BRDA:96,27,0,0
BRDA:96,27,1,0
BRDA:96,28,0,0
BRDA:96,28,1,0
BRDA:98,29,0,0
BRDA:98,29,1,0
BRF:59
BRH:0
end_of_record
TN:
SF:src/server/services/logger.ts
FN:7,(anonymous_1)
FN:29,(anonymous_2)
FN:61,(anonymous_3)
FN:98,(anonymous_4)
FN:104,(anonymous_5)
FN:114,(anonymous_6)
FN:118,(anonymous_7)
FN:134,(anonymous_8)
FN:144,(anonymous_9)
FN:157,(anonymous_10)
FN:166,(anonymous_11)
FN:174,(anonymous_12)
FN:182,(anonymous_13)
FNF:13
FNH:0
FNDA:0,(anonymous_1)
FNDA:0,(anonymous_2)
FNDA:0,(anonymous_3)
FNDA:0,(anonymous_4)
FNDA:0,(anonymous_5)
FNDA:0,(anonymous_6)
FNDA:0,(anonymous_7)
FNDA:0,(anonymous_8)
FNDA:0,(anonymous_9)
FNDA:0,(anonymous_10)
FNDA:0,(anonymous_11)
FNDA:0,(anonymous_12)
FNDA:0,(anonymous_13)
DA:1,0
DA:2,0
DA:3,0
DA:5,0
DA:7,0
DA:8,0
DA:9,0
DA:10,0
DA:11,0
DA:23,0
DA:24,0
DA:25,0
DA:26,0
DA:29,0
DA:30,0
DA:37,0
DA:38,0
DA:39,0
DA:42,0
DA:44,0
DA:46,0
DA:47,0
DA:50,0
DA:51,0
DA:54,0
DA:57,0
DA:63,0
DA:65,0
DA:89,0
DA:90,0
DA:91,0
DA:92,0
DA:93,0
DA:94,0
DA:99,0
DA:100,0
DA:101,0
DA:105,0
DA:111,0
DA:115,0
DA:117,0
DA:118,0
DA:119,0
DA:120,0
DA:121,0
DA:122,0
DA:123,0
DA:124,0
DA:125,0
DA:126,0
DA:130,0
DA:135,0
DA:136,0
DA:137,0
DA:140,0
DA:141,0
DA:145,0
DA:147,0
DA:158,0
DA:167,0
DA:175,0
DA:183,0
DA:191,0
LF:63
LH:0
BRDA:7,0,0,0
BRDA:7,0,1,0
BRDA:24,1,0,0
BRDA:24,1,1,0
BRDA:25,2,0,0
BRDA:25,2,1,0
BRDA:26,3,0,0
BRDA:26,3,1,0
BRDA:37,4,0,0
BRDA:37,4,1,0
BRDA:38,5,0,0
BRDA:38,5,1,0
BRDA:39,6,0,0
BRDA:39,6,1,0
BRDA:41,7,0,0
BRDA:41,7,1,0
BRDA:46,8,0,0
BRDA:50,9,0,0
BRDA:50,10,0,0
BRDA:50,10,1,0
BRDA:63,11,0,0
BRDA:63,11,1,0
BRDA:63,12,0,0
BRDA:63,12,1,0
BRDA:63,12,2,0
BRDA:89,13,0,0
BRDA:91,14,0,0
BRDA:92,15,0,0
BRDA:93,16,0,0
BRDA:115,17,0,0
BRDA:119,18,0,0
BRDA:120,19,0,0
BRDA:122,20,0,0
BRDA:122,20,1,0
BRDA:122,20,2,0
BRDA:122,20,3,0
BRDA:135,21,0,0
BRDA:137,22,0,0
BRDA:145,23,0,0
BRF:39
BRH:0
end_of_record
TN:
SF:src/server/services/player.ts
FN:59,(anonymous_1)
FN:73,(anonymous_2)
FN:75,(anonymous_3)
FN:92,(anonymous_4)
FN:101,(anonymous_5)
FN:104,(anonymous_6)
FN:132,(anonymous_7)
FN:162,(anonymous_8)
FN:163,(anonymous_9)
FN:164,(anonymous_10)
FN:173,(anonymous_11)
FN:177,(anonymous_12)
FN:198,(anonymous_13)
FN:207,(anonymous_14)
FN:298,(anonymous_15)
FN:333,(anonymous_16)
FN:348,(anonymous_17)
FN:351,(anonymous_18)
FN:357,(anonymous_19)
FN:370,(anonymous_20)
FN:376,(anonymous_21)
FN:403,(anonymous_22)
FN:420,(anonymous_23)
FN:424,(anonymous_24)
FN:434,(anonymous_25)
FN:449,(anonymous_26)
FN:490,(anonymous_27)
FN:513,(anonymous_28)
FN:518,(anonymous_29)
FN:524,(anonymous_30)
FN:538,(anonymous_31)
FN:544,(anonymous_32)
FN:551,(anonymous_33)
FN:596,(anonymous_34)
FN:610,(anonymous_35)
FN:612,(anonymous_36)
FN:621,(anonymous_37)
FN:637,(anonymous_38)
FN:645,(anonymous_39)
FN:653,(anonymous_40)
FN:674,(anonymous_41)
FN:712,(anonymous_42)
FN:749,(anonymous_43)
FN:750,(anonymous_44)
FN:820,(anonymous_45)
FN:829,(anonymous_46)
FN:860,(anonymous_47)
FN:898,(anonymous_48)
FN:913,(anonymous_49)
FN:938,(anonymous_50)
FN:962,(anonymous_51)
FN:984,(anonymous_52)
FN:997,(anonymous_53)
FN:998,(anonymous_54)
FN:1055,(anonymous_55)
FN:1057,(anonymous_56)
FN:1123,(anonymous_57)
FN:1136,(anonymous_58)
FN:1137,(anonymous_59)
FN:1146,(anonymous_60)
FN:1154,(anonymous_61)
FN:1172,(anonymous_62)
FN:1173,(anonymous_63)
FN:1178,(anonymous_64)
FN:1182,(anonymous_65)
FN:1186,(anonymous_66)
FN:1200,(anonymous_67)
FN:1209,(anonymous_68)
FN:1212,(anonymous_69)
FN:1217,(anonymous_70)
FN:1247,(anonymous_71)
FN:1251,(anonymous_72)
FN:1302,(anonymous_73)
FN:1307,(anonymous_74)
FN:1312,(anonymous_75)
FN:1322,(anonymous_76)
FN:1365,(anonymous_77)
FN:1373,(anonymous_78)
FN:1381,(anonymous_79)
FN:1383,(anonymous_80)
FN:1385,(anonymous_81)
FN:1395,(anonymous_82)
FN:1408,(anonymous_83)
FN:1423,(anonymous_84)
FN:1432,(anonymous_85)
FN:1449,(anonymous_86)
FN:1466,(anonymous_87)
FN:1482,(anonymous_88)
FN:1486,(anonymous_89)
FNF:89
FNH:0
FNDA:0,(anonymous_1)
FNDA:0,(anonymous_2)
FNDA:0,(anonymous_3)
FNDA:0,(anonymous_4)
FNDA:0,(anonymous_5)
FNDA:0,(anonymous_6)
FNDA:0,(anonymous_7)
FNDA:0,(anonymous_8)
FNDA:0,(anonymous_9)
FNDA:0,(anonymous_10)
FNDA:0,(anonymous_11)
FNDA:0,(anonymous_12)
FNDA:0,(anonymous_13)
FNDA:0,(anonymous_14)
FNDA:0,(anonymous_15)
FNDA:0,(anonymous_16)
FNDA:0,(anonymous_17)
FNDA:0,(anonymous_18)
FNDA:0,(anonymous_19)
FNDA:0,(anonymous_20)
FNDA:0,(anonymous_21)
FNDA:0,(anonymous_22)
FNDA:0,(anonymous_23)
FNDA:0,(anonymous_24)
FNDA:0,(anonymous_25)
FNDA:0,(anonymous_26)
FNDA:0,(anonymous_27)
FNDA:0,(anonymous_28)
FNDA:0,(anonymous_29)
FNDA:0,(anonymous_30)
FNDA:0,(anonymous_31)
FNDA:0,(anonymous_32)
FNDA:0,(anonymous_33)
FNDA:0,(anonymous_34)
FNDA:0,(anonymous_35)
FNDA:0,(anonymous_36)
FNDA:0,(anonymous_37)
FNDA:0,(anonymous_38)
FNDA:0,(anonymous_39)
FNDA:0,(anonymous_40)
FNDA:0,(anonymous_41)
FNDA:0,(anonymous_42)
FNDA:0,(anonymous_43)
FNDA:0,(anonymous_44)
FNDA:0,(anonymous_45)
FNDA:0,(anonymous_46)
FNDA:0,(anonymous_47)
FNDA:0,(anonymous_48)
FNDA:0,(anonymous_49)
FNDA:0,(anonymous_50)
FNDA:0,(anonymous_51)
FNDA:0,(anonymous_52)
FNDA:0,(anonymous_53)
FNDA:0,(anonymous_54)
FNDA:0,(anonymous_55)
FNDA:0,(anonymous_56)
FNDA:0,(anonymous_57)
FNDA:0,(anonymous_58)
FNDA:0,(anonymous_59)
FNDA:0,(anonymous_60)
FNDA:0,(anonymous_61)
FNDA:0,(anonymous_62)
FNDA:0,(anonymous_63)
FNDA:0,(anonymous_64)
FNDA:0,(anonymous_65)
FNDA:0,(anonymous_66)
FNDA:0,(anonymous_67)
FNDA:0,(anonymous_68)
FNDA:0,(anonymous_69)
FNDA:0,(anonymous_70)
FNDA:0,(anonymous_71)
FNDA:0,(anonymous_72)
FNDA:0,(anonymous_73)
FNDA:0,(anonymous_74)
FNDA:0,(anonymous_75)
FNDA:0,(anonymous_76)
FNDA:0,(anonymous_77)
FNDA:0,(anonymous_78)
FNDA:0,(anonymous_79)
FNDA:0,(anonymous_80)
FNDA:0,(anonymous_81)
FNDA:0,(anonymous_82)
FNDA:0,(anonymous_83)
FNDA:0,(anonymous_84)
FNDA:0,(anonymous_85)
FNDA:0,(anonymous_86)
FNDA:0,(anonymous_87)
FNDA:0,(anonymous_88)
FNDA:0,(anonymous_89)
DA:1,0
DA:4,0
DA:5,0
DA:6,0
DA:7,0
DA:8,0
DA:30,0
DA:32,0
DA:33,0
DA:34,0
DA:35,0
DA:36,0
DA:37,0
DA:39,0
DA:40,0
DA:41,0
DA:42,0
DA:43,0
DA:44,0
DA:45,0
DA:46,0
DA:47,0
DA:48,0
DA:49,0
DA:53,0
DA:54,0
DA:60,0
DA:61,0
DA:62,0
DA:63,0
DA:66,0
DA:67,0
DA:70,0
DA:75,0
DA:76,0
DA:78,0
DA:79,0
DA:81,0
DA:82,0
DA:85,0
DA:86,0
DA:93,0
DA:94,0
DA:96,0
DA:97,0
DA:102,0
DA:104,0
DA:105,0
DA:106,0
DA:107,0
DA:112,0
DA:113,0
DA:114,0
DA:115,0
DA:116,0
DA:121,0
DA:123,0
DA:128,0
DA:133,0
DA:134,0
DA:136,0
DA:137,0
DA:138,0
DA:140,0
DA:141,0
DA:142,0
DA:143,0
DA:145,0
DA:146,0
DA:147,0
DA:148,0
DA:149,0
DA:153,0
DA:163,0
DA:164,0
DA:165,0
DA:166,0
DA:167,0
DA:174,0
DA:177,0
DA:178,0
DA:179,0
DA:188,0
DA:189,0
DA:197,0
DA:198,0
DA:199,0
DA:202,0
DA:204,0
DA:207,0
DA:208,0
DA:209,0
DA:213,0
DA:214,0
DA:218,0
DA:219,0
DA:223,0
DA:227,0
DA:232,0
DA:235,0
DA:238,0
DA:239,0
DA:240,0
DA:242,0
DA:248,0
DA:253,0
DA:271,0
DA:274,0
DA:276,0
DA:282,0
DA:287,0
DA:293,0
DA:294,0
DA:301,0
DA:302,0
DA:305,0
DA:306,0
DA:307,0
DA:310,0
DA:312,0
DA:313,0
DA:318,0
DA:319,0
DA:321,0
DA:322,0
DA:324,0
DA:329,0
DA:330,0
DA:336,0
DA:337,0
DA:338,0
DA:340,0
DA:341,0
DA:343,0
DA:348,0
DA:349,0
DA:350,0
DA:351,0
DA:352,0
DA:353,0
DA:354,0
DA:357,0
DA:358,0
DA:359,0
DA:360,0
DA:361,0
DA:362,0
DA:365,0
DA:366,0
DA:370,0
DA:371,0
DA:372,0
DA:373,0
DA:376,0
DA:377,0
DA:378,0
DA:379,0
DA:382,0
DA:383,0
DA:384,0
DA:385,0
DA:386,0
DA:387,0
DA:388,0
DA:389,0
DA:390,0
DA:391,0
DA:392,0
DA:393,0
DA:394,0
DA:395,0
DA:398,0
DA:402,0
DA:403,0
DA:404,0
DA:405,0
DA:407,0
DA:408,0
DA:411,0
DA:416,0
DA:421,0
DA:422,0
DA:424,0
DA:425,0
DA:426,0
DA:427,0
DA:429,0
DA:430,0
DA:431,0
DA:434,0
DA:435,0
DA:436,0
DA:437,0
DA:438,0
DA:444,0
DA:448,0
DA:449,0
DA:450,0
DA:451,0
DA:453,0
DA:454,0
DA:455,0
DA:459,0
DA:460,0
DA:461,0
DA:468,0
DA:469,0
DA:476,0
DA:483,0
DA:489,0
DA:490,0
DA:491,0
DA:492,0
DA:494,0
DA:495,0
DA:498,0
DA:499,0
DA:503,0
DA:505,0
DA:506,0
DA:513,0
DA:514,0
DA:515,0
DA:518,0
DA:519,0
DA:520,0
DA:530,0
DA:531,0
DA:532,0
DA:533,0
DA:534,0
DA:537,0
DA:538,0
DA:539,0
DA:540,0
DA:543,0
DA:544,0
DA:545,0
DA:546,0
DA:551,0
DA:552,0
DA:553,0
DA:554,0
DA:557,0
DA:559,0
DA:562,0
DA:563,0
DA:564,0
DA:568,0
DA:569,0
DA:570,0
DA:574,0
DA:575,0
DA:576,0
DA:577,0
DA:583,0
DA:584,0
DA:588,0
DA:589,0
DA:594,0
DA:595,0
DA:596,0
DA:597,0
DA:607,0
DA:610,0
DA:611,0
DA:612,0
DA:613,0
DA:617,0
DA:618,0
DA:623,0
DA:624,0
DA:628,0
DA:631,0
DA:634,0
DA:637,0
DA:640,0
DA:641,0
DA:642,0
DA:643,0
DA:644,0
DA:645,0
DA:651,0
DA:655,0
DA:658,0
DA:659,0
DA:662,0
DA:665,0
DA:666,0
DA:669,0
DA:670,0
DA:671,0
DA:674,0
DA:675,0
DA:684,0
DA:686,0
DA:687,0
DA:691,0
DA:696,0
DA:698,0
DA:699,0
DA:700,0
DA:703,0
DA:709,0
DA:712,0
DA:713,0
DA:715,0
DA:717,0
DA:718,0
DA:724,0
DA:725,0
DA:727,0
DA:734,0
DA:740,0
DA:741,0
DA:742,0
DA:746,0
DA:747,0
DA:750,0
DA:751,0
DA:761,0
DA:762,0
DA:766,0
DA:774,0
DA:780,0
DA:781,0
DA:790,0
DA:793,0
DA:794,0
DA:798,0
DA:806,0
DA:807,0
DA:811,0
DA:821,0
DA:822,0
DA:823,0
DA:824,0
DA:831,0
DA:840,0
DA:841,0
DA:842,0
DA:845,0
DA:846,0
DA:848,0
DA:856,0
DA:857,0
DA:862,0
DA:863,0
DA:864,0
DA:865,0
DA:869,0
DA:870,0
DA:871,0
DA:872,0
DA:876,0
DA:877,0
DA:878,0
DA:879,0
DA:883,0
DA:884,0
DA:885,0
DA:886,0
DA:890,0
DA:899,0
DA:901,0
DA:902,0
DA:903,0
DA:904,0
DA:908,0
DA:909,0
DA:910,0
DA:913,0
DA:916,0
DA:917,0
DA:918,0
DA:920,0
DA:926,0
DA:933,0
DA:934,0
DA:935,0
DA:938,0
DA:941,0
DA:942,0
DA:943,0
DA:946,0
DA:954,0
DA:956,0
DA:964,0
DA:965,0
DA:966,0
DA:967,0
DA:971,0
DA:972,0
DA:973,0
DA:974,0
DA:975,0
DA:976,0
DA:978,0
DA:985,0
DA:987,0
DA:990,0
DA:991,0
DA:993,0
DA:998,0
DA:999,0
DA:1000,0
DA:1003,0
DA:1004,0
DA:1009,0
DA:1010,0
DA:1013,0
DA:1016,0
DA:1018,0
DA:1021,0
DA:1024,0
DA:1027,0
DA:1047,0
DA:1052,0
DA:1056,0
DA:1057,0
DA:1058,0
DA:1059,0
DA:1062,0
DA:1063,0
DA:1064,0
DA:1065,0
DA:1068,0
DA:1071,0
DA:1073,0
DA:1074,0
DA:1075,0
DA:1078,0
DA:1098,0
DA:1120,0
DA:1124,0
DA:1126,0
DA:1137,0
DA:1147,0
DA:1148,0
DA:1149,0
DA:1150,0
DA:1153,0
DA:1154,0
DA:1155,0
DA:1156,0
DA:1164,0
DA:1173,0
DA:1174,0
DA:1179,0
DA:1183,0
DA:1187,0
DA:1188,0
DA:1193,0
DA:1201,0
DA:1203,0
DA:1204,0
DA:1206,0
DA:1208,0
DA:1209,0
DA:1212,0
DA:1213,0
DA:1217,0
DA:1218,0
DA:1219,0
DA:1220,0
DA:1223,0
DA:1231,0
DA:1232,0
DA:1233,0
DA:1234,0
DA:1236,0
DA:1238,0
DA:1243,0
DA:1248,0
DA:1252,0
DA:1254,0
DA:1256,0
DA:1261,0
DA:1265,0
DA:1269,0
DA:1270,0
DA:1271,0
DA:1275,0
DA:1282,0
DA:1283,0
DA:1284,0
DA:1286,0
DA:1294,0
DA:1303,0
DA:1304,0
DA:1307,0
DA:1308,0
DA:1313,0
DA:1314,0
DA:1315,0
DA:1323,0
DA:1325,0
DA:1326,0
DA:1329,0
DA:1330,0
DA:1331,0
DA:1332,0
DA:1333,0
DA:1334,0
DA:1335,0
DA:1336,0
DA:1337,0
DA:1340,0
DA:1344,0
DA:1345,0
DA:1346,0
DA:1350,0
DA:1351,0
DA:1353,0
DA:1358,0
DA:1366,0
DA:1367,0
DA:1368,0
DA:1369,0
DA:1370,0
DA:1373,0
DA:1374,0
DA:1375,0
DA:1376,0
DA:1379,0
DA:1381,0
DA:1382,0
DA:1383,0
DA:1385,0
DA:1386,0
DA:1387,0
DA:1388,0
DA:1389,0
DA:1395,0
DA:1396,0
DA:1397,0
DA:1398,0
DA:1399,0
DA:1404,0
DA:1408,0
DA:1409,0
DA:1410,0
DA:1411,0
DA:1412,0
DA:1413,0
DA:1418,0
DA:1423,0
DA:1424,0
DA:1425,0
DA:1426,0
DA:1427,0
DA:1432,0
DA:1433,0
DA:1434,0
DA:1435,0
DA:1439,0
DA:1444,0
DA:1450,0
DA:1451,0
DA:1457,0
DA:1458,0
DA:1467,0
DA:1469,0
DA:1470,0
DA:1476,0
DA:1483,0
DA:1487,0
DA:1488,0
LF:568
LH:0
BRDA:76,0,0,0
BRDA:79,1,0,0
BRDA:79,2,0,0
BRDA:79,2,1,0
BRDA:106,3,0,0
BRDA:112,4,0,0
BRDA:112,4,1,0
BRDA:113,5,0,0
BRDA:115,6,0,0
BRDA:126,7,0,0
BRDA:126,7,1,0
BRDA:138,8,0,0
BRDA:143,9,0,0
BRDA:147,10,0,0
BRDA:156,11,0,0
BRDA:156,11,1,0
BRDA:165,12,0,0
BRDA:178,13,0,0
BRDA:188,14,0,0
BRDA:208,15,0,0
BRDA:213,16,0,0
BRDA:218,17,0,0
BRDA:227,18,0,0
BRDA:227,18,1,0
BRDA:227,18,2,0
BRDA:232,19,0,0
BRDA:232,19,1,0
BRDA:232,19,2,0
BRDA:239,20,0,0
BRDA:239,20,1,0
BRDA:240,21,0,0
BRDA:240,21,1,0
BRDA:248,22,0,0
BRDA:248,22,1,0
BRDA:257,23,0,0
BRDA:257,23,1,0
BRDA:259,24,0,0
BRDA:259,24,1,0
BRDA:259,24,2,0
BRDA:261,25,0,0
BRDA:261,25,1,0
BRDA:264,26,0,0
BRDA:264,26,1,0
BRDA:285,27,0,0
BRDA:285,27,1,0
BRDA:289,28,0,0
BRDA:289,28,1,0
BRDA:310,29,0,0
BRDA:310,29,1,0
BRDA:312,30,0,0
BRDA:312,30,1,0
BRDA:313,31,0,0
BRDA:313,31,1,0
BRDA:359,32,0,0
BRDA:365,33,0,0
BRDA:378,34,0,0
BRDA:382,35,0,0
BRDA:382,35,1,0
BRDA:384,36,0,0
BRDA:384,36,1,0
BRDA:386,37,0,0
BRDA:386,37,1,0
BRDA:388,38,0,0
BRDA:388,38,1,0
BRDA:390,39,0,0
BRDA:390,39,1,0
BRDA:392,40,0,0
BRDA:392,40,1,0
BRDA:394,41,0,0
BRDA:402,42,0,0
BRDA:402,42,1,0
BRDA:402,43,0,0
BRDA:402,43,1,0
BRDA:403,44,0,0
BRDA:403,44,1,0
BRDA:403,45,0,0
BRDA:403,45,1,0
BRDA:414,46,0,0
BRDA:414,46,1,0
BRDA:425,47,0,0
BRDA:434,48,0,0
BRDA:435,49,0,0
BRDA:438,50,0,0
BRDA:438,50,1,0
BRDA:438,51,0,0
BRDA:438,51,1,0
BRDA:440,52,0,0
BRDA:440,52,1,0
BRDA:448,53,0,0
BRDA:451,54,0,0
BRDA:451,55,0,0
BRDA:451,55,1,0
BRDA:453,56,0,0
BRDA:454,57,0,0
BRDA:454,57,1,0
BRDA:460,58,0,0
BRDA:469,59,0,0
BRDA:469,59,1,0
BRDA:469,60,0,0
BRDA:469,60,1,0
BRDA:476,61,0,0
BRDA:477,62,0,0
BRDA:477,62,1,0
BRDA:477,62,2,0
BRDA:477,62,3,0
BRDA:477,62,4,0
BRDA:489,63,0,0
BRDA:492,64,0,0
BRDA:492,65,0,0
BRDA:492,65,1,0
BRDA:494,66,0,0
BRDA:494,66,1,0
BRDA:494,67,0,0
BRDA:494,67,1,0
BRDA:498,68,0,0
BRDA:498,68,1,0
BRDA:537,69,0,0
BRDA:543,70,0,0
BRDA:552,71,0,0
BRDA:562,72,0,0
BRDA:562,72,1,0
BRDA:562,73,0,0
BRDA:562,73,1,0
BRDA:563,74,0,0
BRDA:575,75,0,0
BRDA:583,76,0,0
BRDA:594,77,0,0
BRDA:594,78,0,0
BRDA:594,78,1,0
BRDA:594,78,2,0
BRDA:594,78,3,0
BRDA:623,79,0,0
BRDA:641,80,0,0
BRDA:641,81,0,0
BRDA:641,81,1,0
BRDA:641,82,0,0
BRDA:641,82,1,0
BRDA:659,83,0,0
BRDA:659,83,1,0
BRDA:659,84,0,0
BRDA:659,84,1,0
BRDA:665,85,0,0
BRDA:669,86,0,0
BRDA:669,86,1,0
BRDA:676,87,0,0
BRDA:676,87,1,0
BRDA:676,87,2,0
BRDA:676,87,3,0
BRDA:684,88,0,0
BRDA:684,88,1,0
BRDA:691,89,0,0
BRDA:691,89,1,0
BRDA:691,90,0,0
BRDA:691,90,1,0
BRDA:696,91,0,0
BRDA:696,91,1,0
BRDA:698,92,0,0
BRDA:698,92,1,0
BRDA:698,93,0,0
BRDA:698,93,1,0
BRDA:717,94,0,0
BRDA:717,94,1,0
BRDA:724,95,0,0
BRDA:724,95,1,0
BRDA:740,96,0,0
BRDA:740,96,1,0
BRDA:741,97,0,0
BRDA:741,97,1,0
BRDA:766,98,0,0
BRDA:766,98,1,0
BRDA:766,99,0,0
BRDA:766,99,1,0
BRDA:777,100,0,0
BRDA:777,100,1,0
BRDA:781,101,0,0
BRDA:781,101,1,0
BRDA:781,102,0,0
BRDA:781,102,1,0
BRDA:783,103,0,0
BRDA:783,103,1,0
BRDA:798,104,0,0
BRDA:798,104,1,0
BRDA:798,105,0,0
BRDA:798,105,1,0
BRDA:811,106,0,0
BRDA:811,106,1,0
BRDA:811,107,0,0
BRDA:811,107,1,0
BRDA:822,108,0,0
BRDA:849,109,0,0
BRDA:849,109,1,0
BRDA:863,110,0,0
BRDA:870,111,0,0
BRDA:877,112,0,0
BRDA:884,113,0,0
BRDA:898,114,0,0
BRDA:902,115,0,0
BRDA:902,116,0,0
BRDA:902,116,1,0
BRDA:917,117,0,0
BRDA:917,117,1,0
BRDA:927,118,0,0
BRDA:927,118,1,0
BRDA:933,119,0,0
BRDA:933,120,0,0
BRDA:933,120,1,0
BRDA:941,121,0,0
BRDA:947,122,0,0
BRDA:947,122,1,0
BRDA:965,123,0,0
BRDA:985,124,0,0
BRDA:999,125,0,0
BRDA:1009,126,0,0
BRDA:1009,126,1,0
BRDA:1010,127,0,0
BRDA:1010,127,1,0
BRDA:1016,128,0,0
BRDA:1016,128,1,0
BRDA:1018,129,0,0
BRDA:1018,129,1,0
BRDA:1037,130,0,0
BRDA:1037,130,1,0
BRDA:1037,131,0,0
BRDA:1037,131,1,0
BRDA:1049,132,0,0
BRDA:1049,132,1,0
BRDA:1049,133,0,0
BRDA:1049,133,1,0
BRDA:1058,134,0,0
BRDA:1064,135,0,0
BRDA:1064,135,1,0
BRDA:1065,136,0,0
BRDA:1065,136,1,0
BRDA:1071,137,0,0
BRDA:1071,137,1,0
BRDA:1073,138,0,0
BRDA:1073,138,1,0
BRDA:1083,139,0,0
BRDA:1083,139,1,0
BRDA:1094,140,0,0
BRDA:1094,140,1,0
BRDA:1094,141,0,0
BRDA:1094,141,1,0
BRDA:1101,142,0,0
BRDA:1101,142,1,0
BRDA:1130,143,0,0
BRDA:1130,143,1,0
BRDA:1148,144,0,0
BRDA:1155,145,0,0
BRDA:1159,146,0,0
BRDA:1159,146,1,0
BRDA:1167,147,0,0
BRDA:1167,147,1,0
BRDA:1187,148,0,0
BRDA:1187,148,1,0
BRDA:1187,149,0,0
BRDA:1187,149,1,0
BRDA:1187,149,2,0
BRDA:1201,150,0,0
BRDA:1219,151,0,0
BRDA:1226,152,0,0
BRDA:1226,152,1,0
BRDA:1241,153,0,0
BRDA:1241,153,1,0
BRDA:1256,154,0,0
BRDA:1257,155,0,0
BRDA:1257,155,1,0
BRDA:1257,155,2,0
BRDA:1270,156,0,0
BRDA:1279,157,0,0
BRDA:1279,157,1,0
BRDA:1289,158,0,0
BRDA:1289,158,1,0
BRDA:1297,159,0,0
BRDA:1297,159,1,0
BRDA:1325,160,0,0
BRDA:1325,161,0,0
BRDA:1325,161,1,0
BRDA:1329,162,0,0
BRDA:1329,162,1,0
BRDA:1331,163,0,0
BRDA:1331,163,1,0
BRDA:1332,164,0,0
BRDA:1332,164,1,0
BRDA:1332,165,0,0
BRDA:1332,165,1,0
BRDA:1333,166,0,0
BRDA:1333,166,1,0
BRDA:1334,167,0,0
BRDA:1334,167,1,0
BRDA:1334,168,0,0
BRDA:1334,168,1,0
BRDA:1335,169,0,0
BRDA:1336,170,0,0
BRDA:1336,170,1,0
BRDA:1336,171,0,0
BRDA:1336,171,1,0
BRDA:1337,172,0,0
BRDA:1337,172,1,0
BRDA:1340,173,0,0
BRDA:1340,173,1,0
BRDA:1344,174,0,0
BRDA:1345,175,0,0
BRDA:1345,175,1,0
BRDA:1345,176,0,0
BRDA:1345,176,1,0
BRDA:1346,177,0,0
BRDA:1346,177,1,0
BRDA:1351,178,0,0
BRDA:1351,178,1,0
BRDA:1356,179,0,0
BRDA:1356,179,1,0
BRDA:1367,180,0,0
BRDA:1386,181,0,0
BRDA:1396,182,0,0
BRDA:1409,183,0,0
BRDA:1424,184,0,0
BRDA:1433,185,0,0
BRDA:1442,186,0,0
BRDA:1442,186,1,0
BRDA:1450,187,0,0
BRDA:1450,187,1,0
BRDA:1457,188,0,0
BRDA:1467,189,0,0
BRDA:1467,189,1,0
BRDA:1467,190,0,0
BRDA:1467,190,1,0
BRDA:1469,191,0,0
BRDA:1477,192,0,0
BRDA:1477,192,1,0
BRDA:1487,193,0,0
BRDA:1487,193,1,0
BRF:332
BRH:0
end_of_record
TN:
SF:src/server/services/player_manager.ts
FN:34,(anonymous_0)
FN:40,(anonymous_1)
FN:52,(anonymous_2)
FN:64,(anonymous_3)
FN:77,(anonymous_4)
FN:101,(anonymous_5)
FN:111,(anonymous_6)
FN:116,(anonymous_7)
FNF:8
FNH:0
FNDA:0,(anonymous_0)
FNDA:0,(anonymous_1)
FNDA:0,(anonymous_2)
FNDA:0,(anonymous_3)
FNDA:0,(anonymous_4)
FNDA:0,(anonymous_5)
FNDA:0,(anonymous_6)
FNDA:0,(anonymous_7)
DA:1,0
DA:4,0
DA:29,0
DA:30,0
DA:31,0
DA:35,0
DA:36,0
DA:37,0
DA:42,0
DA:43,0
DA:45,0
DA:46,0
DA:50,0
DA:52,0
DA:53,0
DA:54,0
DA:56,0
DA:57,0
DA:59,0
DA:60,0
DA:64,0
DA:65,0
DA:68,0
DA:78,0
DA:79,0
DA:80,0
DA:81,0
DA:84,0
DA:90,0
DA:92,0
DA:97,0
DA:102,0
DA:103,0
DA:104,0
DA:105,0
DA:106,0
DA:107,0
DA:112,0
DA:113,0
DA:117,0
DA:118,0
LF:41
LH:0
BRDA:43,0,0,0
BRDA:54,1,0,0
BRDA:54,1,1,0
BRDA:71,2,0,0
BRDA:71,2,1,0
BRDA:80,3,0,0
BRDA:95,4,0,0
BRDA:95,4,1,0
BRDA:103,5,0,0
BRF:9
BRH:0
end_of_record
TN:
SF:src/server/services/queue_service.ts
FN:15,(anonymous_0)
FN:21,(anonymous_1)
FN:28,(anonymous_2)
FN:44,(anonymous_3)
FN:50,(anonymous_4)
FN:62,(anonymous_5)
FN:69,(anonymous_6)
FN:75,(anonymous_7)
FN:82,(anonymous_8)
FN:109,(anonymous_9)
FN:113,(anonymous_10)
FN:117,(anonymous_11)
FN:121,(anonymous_12)
FN:127,(anonymous_13)
FN:132,(anonymous_14)
FN:138,(anonymous_15)
FN:139,(anonymous_16)
FN:143,(anonymous_17)
FN:145,(anonymous_18)
FN:150,(anonymous_19)
FNF:20
FNH:0
FNDA:0,(anonymous_0)
FNDA:0,(anonymous_1)
FNDA:0,(anonymous_2)
FNDA:0,(anonymous_3)
FNDA:0,(anonymous_4)
FNDA:0,(anonymous_5)
FNDA:0,(anonymous_6)
FNDA:0,(anonymous_7)
FNDA:0,(anonymous_8)
FNDA:0,(anonymous_9)
FNDA:0,(anonymous_10)
FNDA:0,(anonymous_11)
FNDA:0,(anonymous_12)
FNDA:0,(anonymous_13)
FNDA:0,(anonymous_14)
FNDA:0,(anonymous_15)
FNDA:0,(anonymous_16)
FNDA:0,(anonymous_17)
FNDA:0,(anonymous_18)
FNDA:0,(anonymous_19)
DA:1,0
DA:3,0
DA:12,0
DA:13,0
DA:16,0
DA:17,0
DA:22,0
DA:23,0
DA:24,0
DA:28,0
DA:30,0
DA:32,0
DA:33,0
DA:35,0
DA:36,0
DA:37,0
DA:39,0
DA:40,0
DA:45,0
DA:46,0
DA:47,0
DA:51,0
DA:52,0
DA:53,0
DA:56,0
DA:57,0
DA:58,0
DA:59,0
DA:63,0
DA:64,0
DA:65,0
DA:66,0
DA:70,0
DA:71,0
DA:76,0
DA:77,0
DA:78,0
DA:79,0
DA:83,0
DA:86,0
DA:87,0
DA:88,0
DA:92,0
DA:93,0
DA:95,0
DA:96,0
DA:99,0
DA:102,0
DA:103,0
DA:104,0
DA:110,0
DA:114,0
DA:118,0
DA:122,0
DA:123,0
DA:128,0
DA:129,0
DA:133,0
DA:134,0
DA:139,0
DA:145,0
DA:146,0
DA:147,0
DA:150,0
DA:151,0
DA:152,0
DA:155,0
DA:156,0
DA:160,0
DA:161,0
DA:162,0
DA:166,0
DA:167,0
DA:173,0
LF:74
LH:0
BRDA:22,0,0,0
BRDA:22,1,0,0
BRDA:22,1,1,0
BRDA:28,2,0,0
BRDA:28,2,1,0
BRDA:35,3,0,0
BRDA:35,3,1,0
BRDA:45,4,0,0
BRDA:45,4,1,0
BRDA:51,5,0,0
BRDA:51,6,0,0
BRDA:51,6,1,0
BRDA:76,7,0,0
BRDA:76,7,1,0
BRDA:78,8,0,0
BRDA:78,8,1,0
BRDA:78,9,0,0
BRDA:78,9,1,0
BRDA:78,10,0,0
BRDA:78,10,1,0
BRDA:83,11,0,0
BRDA:83,11,1,0
BRDA:86,12,0,0
BRDA:86,13,0,0
BRDA:86,13,1,0
BRDA:102,14,0,0
BRDA:146,15,0,0
BRDA:146,15,1,0
BRDA:147,16,0,0
BRDA:147,16,1,0
BRDA:151,17,0,0
BRDA:151,17,1,0
BRDA:155,18,0,0
BRDA:160,19,0,0
BRDA:160,20,0,0
BRDA:160,20,1,0
BRF:36
BRH:0
end_of_record
TN:
SF:src/server/services/twitch.ts
FN:23,(anonymous_0)
FN:42,(anonymous_1)
FN:65,(anonymous_2)
FN:92,(anonymous_3)
FN:107,(anonymous_4)
FN:112,(anonymous_5)
FN:127,(anonymous_6)
FN:142,(anonymous_7)
FN:149,(anonymous_8)
FN:156,(anonymous_9)
FN:166,(anonymous_10)
FN:171,(anonymous_11)
FN:187,(anonymous_12)
FN:208,(anonymous_13)
FNF:14
FNH:0
FNDA:0,(anonymous_0)
FNDA:0,(anonymous_1)
FNDA:0,(anonymous_2)
FNDA:0,(anonymous_3)
FNDA:0,(anonymous_4)
FNDA:0,(anonymous_5)
FNDA:0,(anonymous_6)
FNDA:0,(anonymous_7)
FNDA:0,(anonymous_8)
FNDA:0,(anonymous_9)
FNDA:0,(anonymous_10)
FNDA:0,(anonymous_11)
FNDA:0,(anonymous_12)
FNDA:0,(anonymous_13)
DA:1,0
DA:2,0
DA:5,0
DA:15,0
DA:16,0
DA:19,0
DA:20,0
DA:21,0
DA:24,0
DA:25,0
DA:26,0
DA:28,0
DA:30,0
DA:34,0
DA:35,0
DA:37,0
DA:38,0
DA:43,0
DA:45,0
DA:46,0
DA:47,0
DA:48,0
DA:51,0
DA:52,0
DA:55,0
DA:56,0
DA:57,0
DA:59,0
DA:65,0
DA:75,0
DA:78,0
DA:79,0
DA:80,0
DA:85,0
DA:92,0
DA:104,0
DA:106,0
DA:107,0
DA:108,0
DA:112,0
DA:113,0
DA:114,0
DA:117,0
DA:118,0
DA:122,0
DA:126,0
DA:127,0
DA:130,0
DA:131,0
DA:133,0
DA:138,0
DA:143,0
DA:150,0
DA:157,0
DA:158,0
DA:159,0
DA:162,0
DA:163,0
DA:165,0
DA:166,0
DA:168,0
DA:169,0
DA:171,0
DA:178,0
DA:183,0
DA:188,0
DA:189,0
DA:190,0
DA:193,0
DA:200,0
DA:202,0
DA:203,0
DA:204,0
DA:209,0
LF:74
LH:0
BRDA:23,0,0,0
BRDA:38,1,0,0
BRDA:38,1,1,0
BRDA:43,2,0,0
BRDA:46,3,0,0
BRDA:46,3,1,0
BRDA:47,4,0,0
BRDA:47,4,1,0
BRDA:51,5,0,0
BRDA:51,5,1,0
BRDA:78,6,0,0
BRDA:78,7,0,0
BRDA:78,7,1,0
BRDA:104,8,0,0
BRDA:104,8,1,0
BRDA:104,9,0,0
BRDA:104,9,1,0
BRDA:113,10,0,0
BRDA:113,10,1,0
BRDA:113,11,0,0
BRDA:113,11,1,0
BRDA:113,12,0,0
BRDA:113,12,1,0
BRDA:114,13,0,0
BRDA:114,13,1,0
BRDA:114,14,0,0
BRDA:114,14,1,0
BRDA:114,15,0,0
BRDA:114,15,1,0
BRDA:117,16,0,0
BRDA:122,17,0,0
BRDA:122,17,1,0
BRDA:122,18,0,0
BRDA:122,18,1,0
BRDA:126,19,0,0
BRDA:127,20,0,0
BRDA:127,20,1,0
BRDA:127,21,0,0
BRDA:127,21,1,0
BRDA:136,22,0,0
BRDA:136,22,1,0
BRDA:142,23,0,0
BRDA:149,24,0,0
BRDA:157,25,0,0
BRDA:157,26,0,0
BRDA:157,26,1,0
BRDA:181,27,0,0
BRDA:181,27,1,0
BRDA:189,28,0,0
BRDA:203,29,0,0
BRDA:203,29,1,0
BRF:51
BRH:0
end_of_record
TN:
SF:src/server/services/youtube.ts
FN:8,(anonymous_0)
FN:12,(anonymous_1)
FN:18,(anonymous_2)
FN:38,(anonymous_3)
FNF:4
FNH:0
FNDA:0,(anonymous_0)
FNDA:0,(anonymous_1)
FNDA:0,(anonymous_2)
FNDA:0,(anonymous_3)
DA:3,0
DA:5,0
DA:6,0
DA:9,0
DA:13,0
DA:14,0
DA:15,0
DA:18,0
DA:26,0
DA:27,0
DA:29,0
DA:34,0
DA:39,0
DA:40,0
LF:14
LH:0
BRDA:14,0,0,0
BRDA:14,0,1,0
BRDA:14,1,0,0
BRDA:14,1,1,0
BRDA:14,2,0,0
BRDA:14,2,1,0
BRDA:15,3,0,0
BRDA:15,3,1,0
BRDA:15,4,0,0
BRDA:15,4,1,0
BRDA:15,5,0,0
BRDA:15,5,1,0
BRDA:32,6,0,0
BRDA:32,6,1,0
BRF:14
BRH:0
end_of_record
TN:
SF:src/server/services/logger/index.ts
FN:42,formatError
FN:55,log
FN:64,(anonymous_2)
FN:67,(anonymous_3)
FN:70,(anonymous_4)
FN:73,(anonymous_5)
FNF:6
FNH:0
FNDA:0,formatError
FNDA:0,log
FNDA:0,(anonymous_2)
FNDA:0,(anonymous_3)
FNDA:0,(anonymous_4)
FNDA:0,(anonymous_5)
DA:1,0
DA:2,0
DA:4,0
DA:6,0
DA:21,0
DA:22,0
DA:43,0
DA:44,0
DA:50,0
DA:56,0
DA:57,0
DA:58,0
DA:60,0
DA:63,0
DA:65,0
DA:68,0
DA:71,0
DA:74,0
LF:18
LH:0
BRDA:21,0,0,0
BRDA:43,1,0,0
BRDA:57,2,0,0
BRF:3
BRH:0
end_of_record
TN:
SF:src/server/types/events.ts
FNF:0
FNH:0
DA:1,0
LF:1
LH:0
BRF:0
BRH:0
end_of_record
TN:
SF:src/server/workers/player_worker.ts
FN:19,(anonymous_0)
FN:67,(anonymous_1)
FN:74,(anonymous_2)
FNF:3
FNH:0
FNDA:0,(anonymous_0)
FNDA:0,(anonymous_1)
FNDA:0,(anonymous_2)
DA:1,0
DA:2,0
DA:11,0
DA:12,0
DA:14,0
DA:15,0
DA:16,0
DA:17,0
DA:19,0
DA:20,0
DA:21,0
DA:23,0
DA:24,0
DA:28,0
DA:32,0
DA:36,0
DA:37,0
DA:41,0
DA:46,0
DA:51,0
DA:55,0
DA:60,0
DA:67,0
DA:68,0
DA:74,0
DA:75,0
DA:81,0
LF:27
LH:0
BRDA:14,0,0,0
BRDA:19,1,0,0
BRDA:19,1,1,0
BRDA:19,2,0,0
BRDA:19,2,1,0
BRDA:21,3,0,0
BRDA:21,3,1,0
BRDA:21,3,2,0
BRDA:21,3,3,0
BRDA:26,4,0,0
BRDA:26,4,1,0
BRDA:28,5,0,0
BRDA:28,5,1,0
BRDA:28,6,0,0
BRDA:28,6,1,0
BRDA:37,7,0,0
BRDA:37,7,1,0
BRDA:37,8,0,0
BRDA:37,8,1,0
BRDA:58,9,0,0
BRDA:58,9,1,0
BRDA:60,10,0,0
BRDA:60,10,1,0
BRDA:60,11,0,0
BRDA:60,11,1,0
BRDA:62,12,0,0
BRDA:62,12,1,0
BRDA:68,13,0,0
BRDA:68,13,1,0
BRDA:68,14,0,0
BRDA:68,14,1,0
BRDA:75,15,0,0
BRDA:75,15,1,0
BRDA:75,16,0,0
BRDA:75,16,1,0
BRF:35
BRH:0
end_of_record
